<?xml version="1.0" encoding="UTF-8"?>
<coverage generated="1577965959262" clover="3.2.0">
  <project timestamp="1577965959262" name="All files">
    <metrics statements="207" coveredstatements="95" conditionals="144" coveredconditionals="6" methods="178" coveredmethods="83" elements="529" coveredelements="184" complexity="0" loc="207" ncloc="207" packages="15" files="45" classes="45"/>
    <package name="src">
      <metrics statements="2" coveredstatements="2" conditionals="0" coveredconditionals="0" methods="1" coveredmethods="1"/>
      <file name="config.js" path="/Users/a58/Documents/项目/wto/wto/src/config.js">
        <metrics statements="2" coveredstatements="2" conditionals="0" coveredconditionals="0" methods="1" coveredmethods="1"/>
        <line num="1" count="2" type="stmt"/>
        <line num="8" count="1" type="stmt"/>
      </file>
    </package>
    <package name="src.converter.lib">
      <metrics statements="1" coveredstatements="1" conditionals="0" coveredconditionals="0" methods="0" coveredmethods="0"/>
      <file name="index.js" path="/Users/a58/Documents/项目/wto/wto/src/converter/lib/index.js">
        <metrics statements="1" coveredstatements="1" conditionals="0" coveredconditionals="0" methods="0" coveredmethods="0"/>
        <line num="1" count="1" type="stmt"/>
      </file>
    </package>
    <package name="src.converter.lib.alibaba">
      <metrics statements="5" coveredstatements="5" conditionals="28" coveredconditionals="2" methods="45" coveredmethods="30"/>
      <file name="index.js" path="/Users/a58/Documents/项目/wto/wto/src/converter/lib/alibaba/index.js">
        <metrics statements="1" coveredstatements="1" conditionals="0" coveredconditionals="0" methods="0" coveredmethods="0"/>
        <line num="1" count="1" type="stmt"/>
      </file>
      <file name="json.js" path="/Users/a58/Documents/项目/wto/wto/src/converter/lib/alibaba/json.js">
        <metrics statements="1" coveredstatements="1" conditionals="0" coveredconditionals="0" methods="7" coveredmethods="6"/>
        <line num="1" count="2" type="stmt"/>
      </file>
      <file name="script.js" path="/Users/a58/Documents/项目/wto/wto/src/converter/lib/alibaba/script.js">
        <metrics statements="1" coveredstatements="1" conditionals="26" coveredconditionals="1" methods="16" coveredmethods="7"/>
        <line num="1" count="2" type="cond" truecount="1" falsecount="25"/>
      </file>
      <file name="wxml.js" path="/Users/a58/Documents/项目/wto/wto/src/converter/lib/alibaba/wxml.js">
        <metrics statements="1" coveredstatements="1" conditionals="2" coveredconditionals="1" methods="20" coveredmethods="16"/>
        <line num="1" count="19" type="cond" truecount="1" falsecount="1"/>
      </file>
      <file name="wxss.js" path="/Users/a58/Documents/项目/wto/wto/src/converter/lib/alibaba/wxss.js">
        <metrics statements="1" coveredstatements="1" conditionals="0" coveredconditionals="0" methods="2" coveredmethods="1"/>
        <line num="1" count="2" type="stmt"/>
      </file>
    </package>
    <package name="src.converter.lib.baidu">
      <metrics statements="5" coveredstatements="5" conditionals="2" coveredconditionals="1" methods="32" coveredmethods="25"/>
      <file name="index.js" path="/Users/a58/Documents/项目/wto/wto/src/converter/lib/baidu/index.js">
        <metrics statements="1" coveredstatements="1" conditionals="0" coveredconditionals="0" methods="0" coveredmethods="0"/>
        <line num="1" count="1" type="stmt"/>
      </file>
      <file name="json.js" path="/Users/a58/Documents/项目/wto/wto/src/converter/lib/baidu/json.js">
        <metrics statements="1" coveredstatements="1" conditionals="0" coveredconditionals="0" methods="4" coveredmethods="4"/>
        <line num="1" count="2" type="stmt"/>
      </file>
      <file name="script.js" path="/Users/a58/Documents/项目/wto/wto/src/converter/lib/baidu/script.js">
        <metrics statements="1" coveredstatements="1" conditionals="0" coveredconditionals="0" methods="2" coveredmethods="2"/>
        <line num="1" count="2" type="stmt"/>
      </file>
      <file name="wxml.js" path="/Users/a58/Documents/项目/wto/wto/src/converter/lib/baidu/wxml.js">
        <metrics statements="1" coveredstatements="1" conditionals="2" coveredconditionals="1" methods="21" coveredmethods="15"/>
        <line num="1" count="13" type="cond" truecount="1" falsecount="1"/>
      </file>
      <file name="wxss.js" path="/Users/a58/Documents/项目/wto/wto/src/converter/lib/baidu/wxss.js">
        <metrics statements="1" coveredstatements="1" conditionals="0" coveredconditionals="0" methods="5" coveredmethods="4"/>
        <line num="1" count="2" type="stmt"/>
      </file>
    </package>
    <package name="src.converter.lib.toutiao">
      <metrics statements="5" coveredstatements="5" conditionals="0" coveredconditionals="0" methods="17" coveredmethods="12"/>
      <file name="index.js" path="/Users/a58/Documents/项目/wto/wto/src/converter/lib/toutiao/index.js">
        <metrics statements="1" coveredstatements="1" conditionals="0" coveredconditionals="0" methods="0" coveredmethods="0"/>
        <line num="1" count="1" type="stmt"/>
      </file>
      <file name="json.js" path="/Users/a58/Documents/项目/wto/wto/src/converter/lib/toutiao/json.js">
        <metrics statements="1" coveredstatements="1" conditionals="0" coveredconditionals="0" methods="1" coveredmethods="1"/>
        <line num="1" count="2" type="stmt"/>
      </file>
      <file name="script.js" path="/Users/a58/Documents/项目/wto/wto/src/converter/lib/toutiao/script.js">
        <metrics statements="1" coveredstatements="1" conditionals="0" coveredconditionals="0" methods="2" coveredmethods="2"/>
        <line num="1" count="2" type="stmt"/>
      </file>
      <file name="wxml.js" path="/Users/a58/Documents/项目/wto/wto/src/converter/lib/toutiao/wxml.js">
        <metrics statements="1" coveredstatements="1" conditionals="0" coveredconditionals="0" methods="10" coveredmethods="6"/>
        <line num="1" count="2" type="stmt"/>
      </file>
      <file name="wxss.js" path="/Users/a58/Documents/项目/wto/wto/src/converter/lib/toutiao/wxss.js">
        <metrics statements="1" coveredstatements="1" conditionals="0" coveredconditionals="0" methods="4" coveredmethods="3"/>
        <line num="1" count="2" type="stmt"/>
      </file>
    </package>
    <package name="src.converter.lib.utils">
      <metrics statements="2" coveredstatements="2" conditionals="20" coveredconditionals="0" methods="2" coveredmethods="0"/>
      <file name="balancing-group.js" path="/Users/a58/Documents/项目/wto/wto/src/converter/lib/utils/balancing-group.js">
        <metrics statements="1" coveredstatements="1" conditionals="12" coveredconditionals="0" methods="1" coveredmethods="0"/>
        <line num="1" count="2" type="cond" truecount="0" falsecount="12"/>
      </file>
      <file name="extra-function.js" path="/Users/a58/Documents/项目/wto/wto/src/converter/lib/utils/extra-function.js">
        <metrics statements="1" coveredstatements="1" conditionals="8" coveredconditionals="0" methods="1" coveredmethods="0"/>
        <line num="1" count="2" type="cond" truecount="0" falsecount="8"/>
      </file>
    </package>
    <package name="src.linter.lib">
      <metrics statements="1" coveredstatements="1" conditionals="0" coveredconditionals="0" methods="0" coveredmethods="0"/>
      <file name="index.js" path="/Users/a58/Documents/项目/wto/wto/src/linter/lib/index.js">
        <metrics statements="1" coveredstatements="1" conditionals="0" coveredconditionals="0" methods="0" coveredmethods="0"/>
        <line num="1" count="1" type="stmt"/>
      </file>
    </package>
    <package name="src.linter.lib.alibaba">
      <metrics statements="5" coveredstatements="5" conditionals="16" coveredconditionals="0" methods="8" coveredmethods="0"/>
      <file name="index.js" path="/Users/a58/Documents/项目/wto/wto/src/linter/lib/alibaba/index.js">
        <metrics statements="1" coveredstatements="1" conditionals="16" coveredconditionals="0" methods="8" coveredmethods="0"/>
        <line num="1" count="1" type="cond" truecount="0" falsecount="16"/>
      </file>
      <file name="unsupported-attrs.js" path="/Users/a58/Documents/项目/wto/wto/src/linter/lib/alibaba/unsupported-attrs.js">
        <metrics statements="1" coveredstatements="1" conditionals="0" coveredconditionals="0" methods="0" coveredmethods="0"/>
        <line num="1" count="1" type="stmt"/>
      </file>
      <file name="unsupported-events.js" path="/Users/a58/Documents/项目/wto/wto/src/linter/lib/alibaba/unsupported-events.js">
        <metrics statements="1" coveredstatements="1" conditionals="0" coveredconditionals="0" methods="0" coveredmethods="0"/>
        <line num="1" count="1" type="stmt"/>
      </file>
      <file name="unsupported-fns.js" path="/Users/a58/Documents/项目/wto/wto/src/linter/lib/alibaba/unsupported-fns.js">
        <metrics statements="1" coveredstatements="1" conditionals="0" coveredconditionals="0" methods="0" coveredmethods="0"/>
        <line num="1" count="1" type="stmt"/>
      </file>
      <file name="unsupported-tags.js" path="/Users/a58/Documents/项目/wto/wto/src/linter/lib/alibaba/unsupported-tags.js">
        <metrics statements="1" coveredstatements="1" conditionals="0" coveredconditionals="0" methods="0" coveredmethods="0"/>
        <line num="1" count="1" type="stmt"/>
      </file>
    </package>
    <package name="src.linter.lib.baidu">
      <metrics statements="5" coveredstatements="5" conditionals="16" coveredconditionals="0" methods="10" coveredmethods="0"/>
      <file name="index.js" path="/Users/a58/Documents/项目/wto/wto/src/linter/lib/baidu/index.js">
        <metrics statements="1" coveredstatements="1" conditionals="16" coveredconditionals="0" methods="10" coveredmethods="0"/>
        <line num="1" count="2" type="cond" truecount="0" falsecount="16"/>
      </file>
      <file name="unsupported-attrs.js" path="/Users/a58/Documents/项目/wto/wto/src/linter/lib/baidu/unsupported-attrs.js">
        <metrics statements="1" coveredstatements="1" conditionals="0" coveredconditionals="0" methods="0" coveredmethods="0"/>
        <line num="1" count="2" type="stmt"/>
      </file>
      <file name="unsupported-events.js" path="/Users/a58/Documents/项目/wto/wto/src/linter/lib/baidu/unsupported-events.js">
        <metrics statements="1" coveredstatements="1" conditionals="0" coveredconditionals="0" methods="0" coveredmethods="0"/>
        <line num="1" count="2" type="stmt"/>
      </file>
      <file name="unsupported-fns.js" path="/Users/a58/Documents/项目/wto/wto/src/linter/lib/baidu/unsupported-fns.js">
        <metrics statements="1" coveredstatements="1" conditionals="0" coveredconditionals="0" methods="0" coveredmethods="0"/>
        <line num="1" count="2" type="stmt"/>
      </file>
      <file name="unsupported-tags.js" path="/Users/a58/Documents/项目/wto/wto/src/linter/lib/baidu/unsupported-tags.js">
        <metrics statements="1" coveredstatements="1" conditionals="0" coveredconditionals="0" methods="0" coveredmethods="0"/>
        <line num="1" count="2" type="stmt"/>
      </file>
    </package>
    <package name="src.linter.lib.toutiao">
      <metrics statements="5" coveredstatements="5" conditionals="14" coveredconditionals="0" methods="8" coveredmethods="0"/>
      <file name="index.js" path="/Users/a58/Documents/项目/wto/wto/src/linter/lib/toutiao/index.js">
        <metrics statements="1" coveredstatements="1" conditionals="14" coveredconditionals="0" methods="8" coveredmethods="0"/>
        <line num="1" count="1" type="cond" truecount="0" falsecount="14"/>
      </file>
      <file name="unsupported-attrs.js" path="/Users/a58/Documents/项目/wto/wto/src/linter/lib/toutiao/unsupported-attrs.js">
        <metrics statements="1" coveredstatements="1" conditionals="0" coveredconditionals="0" methods="0" coveredmethods="0"/>
        <line num="1" count="1" type="stmt"/>
      </file>
      <file name="unsupported-events.js" path="/Users/a58/Documents/项目/wto/wto/src/linter/lib/toutiao/unsupported-events.js">
        <metrics statements="1" coveredstatements="1" conditionals="0" coveredconditionals="0" methods="0" coveredmethods="0"/>
        <line num="1" count="1" type="stmt"/>
      </file>
      <file name="unsupported-fns.js" path="/Users/a58/Documents/项目/wto/wto/src/linter/lib/toutiao/unsupported-fns.js">
        <metrics statements="1" coveredstatements="1" conditionals="0" coveredconditionals="0" methods="0" coveredmethods="0"/>
        <line num="1" count="1" type="stmt"/>
      </file>
      <file name="unsupported-tags.js" path="/Users/a58/Documents/项目/wto/wto/src/linter/lib/toutiao/unsupported-tags.js">
        <metrics statements="1" coveredstatements="1" conditionals="0" coveredconditionals="0" methods="0" coveredmethods="0"/>
        <line num="1" count="1" type="stmt"/>
      </file>
    </package>
    <package name="src.linter.lib.utils">
      <metrics statements="1" coveredstatements="1" conditionals="2" coveredconditionals="0" methods="4" coveredmethods="0"/>
      <file name="utils.js" path="/Users/a58/Documents/项目/wto/wto/src/linter/lib/utils/utils.js">
        <metrics statements="1" coveredstatements="1" conditionals="2" coveredconditionals="0" methods="4" coveredmethods="0"/>
        <line num="1" count="2" type="cond" truecount="0" falsecount="2"/>
      </file>
    </package>
    <package name="src.platform.alibaba">
      <metrics statements="89" coveredstatements="19" conditionals="22" coveredconditionals="0" methods="16" coveredmethods="0"/>
      <file name="converter.js" path="/Users/a58/Documents/项目/wto/wto/src/platform/alibaba/converter.js">
        <metrics statements="83" coveredstatements="16" conditionals="19" coveredconditionals="0" methods="15" coveredmethods="0"/>
        <line num="1" count="1" type="stmt"/>
        <line num="2" count="1" type="stmt"/>
        <line num="3" count="1" type="stmt"/>
        <line num="4" count="1" type="stmt"/>
        <line num="5" count="1" type="stmt"/>
        <line num="6" count="1" type="stmt"/>
        <line num="7" count="1" type="stmt"/>
        <line num="8" count="1" type="stmt"/>
        <line num="9" count="1" type="stmt"/>
        <line num="12" count="1" type="stmt"/>
        <line num="13" count="1" type="stmt"/>
        <line num="14" count="1" type="stmt"/>
        <line num="15" count="1" type="stmt"/>
        <line num="16" count="1" type="stmt"/>
        <line num="17" count="1" type="stmt"/>
        <line num="20" count="0" type="cond" truecount="0" falsecount="2"/>
        <line num="21" count="0" type="cond" truecount="0" falsecount="2"/>
        <line num="22" count="0" type="cond" truecount="0" falsecount="2"/>
        <line num="24" count="0" type="stmt"/>
        <line num="27" count="0" type="stmt"/>
        <line num="28" count="0" type="stmt"/>
        <line num="30" count="0" type="stmt"/>
        <line num="31" count="0" type="stmt"/>
        <line num="32" count="0" type="stmt"/>
        <line num="35" count="0" type="stmt"/>
        <line num="36" count="0" type="cond" truecount="0" falsecount="2"/>
        <line num="37" count="0" type="stmt"/>
        <line num="38" count="0" type="stmt"/>
        <line num="39" count="0" type="stmt"/>
        <line num="40" count="0" type="stmt"/>
        <line num="41" count="0" type="stmt"/>
        <line num="43" count="0" type="cond" truecount="0" falsecount="4"/>
        <line num="44" count="0" type="stmt"/>
        <line num="45" count="0" type="stmt"/>
        <line num="46" count="0" type="stmt"/>
        <line num="47" count="0" type="stmt"/>
        <line num="48" count="0" type="stmt"/>
        <line num="51" count="0" type="stmt"/>
        <line num="52" count="0" type="stmt"/>
        <line num="55" count="0" type="stmt"/>
        <line num="56" count="0" type="stmt"/>
        <line num="61" count="0" type="stmt"/>
        <line num="66" count="0" type="stmt"/>
        <line num="67" count="0" type="stmt"/>
        <line num="69" count="0" type="stmt"/>
        <line num="70" count="0" type="stmt"/>
        <line num="73" count="0" type="stmt"/>
        <line num="74" count="0" type="cond" truecount="0" falsecount="2"/>
        <line num="75" count="0" type="stmt"/>
        <line num="76" count="0" type="stmt"/>
        <line num="78" count="0" type="cond" truecount="0" falsecount="2"/>
        <line num="79" count="0" type="stmt"/>
        <line num="80" count="0" type="stmt"/>
        <line num="81" count="0" type="stmt"/>
        <line num="82" count="0" type="stmt"/>
        <line num="83" count="0" type="stmt"/>
        <line num="90" count="0" type="stmt"/>
        <line num="91" count="0" type="stmt"/>
        <line num="92" count="0" type="stmt"/>
        <line num="94" count="0" type="stmt"/>
        <line num="95" count="0" type="stmt"/>
        <line num="98" count="0" type="stmt"/>
        <line num="99" count="0" type="stmt"/>
        <line num="104" count="0" type="stmt"/>
        <line num="109" count="0" type="stmt"/>
        <line num="110" count="0" type="stmt"/>
        <line num="111" count="0" type="stmt"/>
        <line num="112" count="0" type="cond" truecount="0" falsecount="2"/>
        <line num="114" count="0" type="stmt"/>
        <line num="117" count="0" type="stmt"/>
        <line num="118" count="0" type="stmt"/>
        <line num="123" count="0" type="stmt"/>
        <line num="126" count="0" type="stmt"/>
        <line num="130" count="0" type="stmt"/>
        <line num="131" count="0" type="stmt"/>
        <line num="133" count="0" type="stmt"/>
        <line num="134" count="0" type="stmt"/>
        <line num="135" count="0" type="stmt"/>
        <line num="136" count="0" type="stmt"/>
        <line num="140" count="0" type="stmt"/>
        <line num="142" count="0" type="stmt"/>
        <line num="143" count="0" type="stmt"/>
        <line num="148" count="1" type="stmt"/>
      </file>
      <file name="linter.js" path="/Users/a58/Documents/项目/wto/wto/src/platform/alibaba/linter.js">
        <metrics statements="6" coveredstatements="3" conditionals="3" coveredconditionals="0" methods="1" coveredmethods="0"/>
        <line num="1" count="1" type="stmt"/>
        <line num="2" count="1" type="stmt"/>
        <line num="5" count="0" type="cond" truecount="0" falsecount="2"/>
        <line num="6" count="0" type="stmt"/>
        <line num="7" count="0" type="stmt"/>
        <line num="10" count="1" type="stmt"/>
      </file>
    </package>
    <package name="src.scope">
      <metrics statements="29" coveredstatements="11" conditionals="14" coveredconditionals="1" methods="11" coveredmethods="4"/>
      <file name="scope-id.js" path="/Users/a58/Documents/项目/wto/wto/src/scope/scope-id.js">
        <metrics statements="16" coveredstatements="4" conditionals="8" coveredconditionals="0" methods="6" coveredmethods="1"/>
        <line num="1" count="2" type="stmt"/>
        <line num="2" count="2" type="stmt"/>
        <line num="4" count="2" type="stmt"/>
        <line num="5" count="1" type="stmt"/>
        <line num="6" count="0" type="stmt"/>
        <line num="7" count="0" type="cond" truecount="0" falsecount="2"/>
        <line num="9" count="0" type="cond" truecount="0" falsecount="4"/>
        <line num="10" count="0" type="stmt"/>
        <line num="12" count="0" type="stmt"/>
        <line num="15" count="0" type="stmt"/>
        <line num="16" count="0" type="stmt"/>
        <line num="17" count="0" type="stmt"/>
        <line num="19" count="0" type="stmt"/>
        <line num="20" count="0" type="cond" truecount="0" falsecount="2"/>
        <line num="21" count="0" type="stmt"/>
        <line num="25" count="0" type="stmt"/>
      </file>
      <file name="scope-style.js" path="/Users/a58/Documents/项目/wto/wto/src/scope/scope-style.js">
        <metrics statements="6" coveredstatements="5" conditionals="0" coveredconditionals="0" methods="3" coveredmethods="2"/>
        <line num="1" count="2" type="stmt"/>
        <line num="2" count="2" type="stmt"/>
        <line num="10" count="2" type="stmt"/>
        <line num="13" count="1" type="stmt"/>
        <line num="16" count="0" type="stmt"/>
        <line num="18" count="1" type="stmt"/>
      </file>
      <file name="scope-template.js" path="/Users/a58/Documents/项目/wto/wto/src/scope/scope-template.js">
        <metrics statements="7" coveredstatements="2" conditionals="6" coveredconditionals="1" methods="2" coveredmethods="1"/>
        <line num="1" count="2" type="stmt"/>
        <line num="2" count="1" type="cond" truecount="1" falsecount="1"/>
        <line num="3" count="0" type="cond" truecount="0" falsecount="2"/>
        <line num="4" count="0" type="cond" truecount="0" falsecount="2"/>
        <line num="7" count="0" type="stmt"/>
        <line num="8" count="0" type="stmt"/>
        <line num="9" count="0" type="stmt"/>
      </file>
    </package>
    <package name="src.utils">
      <metrics statements="44" coveredstatements="21" conditionals="9" coveredconditionals="1" methods="19" coveredmethods="7"/>
      <file name="linter.js" path="/Users/a58/Documents/项目/wto/wto/src/utils/linter.js">
        <metrics statements="31" coveredstatements="8" conditionals="5" coveredconditionals="0" methods="13" coveredmethods="1"/>
        <line num="1" count="2" type="stmt"/>
        <line num="2" count="2" type="stmt"/>
        <line num="3" count="2" type="stmt"/>
        <line num="4" count="2" type="stmt"/>
        <line num="5" count="2" type="stmt"/>
        <line num="6" count="2" type="stmt"/>
        <line num="9" count="0" type="stmt"/>
        <line num="13" count="0" type="stmt"/>
        <line num="14" count="0" type="stmt"/>
        <line num="15" count="0" type="stmt"/>
        <line num="17" count="0" type="stmt"/>
        <line num="18" count="0" type="stmt"/>
        <line num="21" count="0" type="stmt"/>
        <line num="25" count="1" type="stmt"/>
        <line num="27" count="0" type="stmt"/>
        <line num="28" count="0" type="stmt"/>
        <line num="29" count="0" type="stmt"/>
        <line num="30" count="0" type="stmt"/>
        <line num="31" count="0" type="stmt"/>
        <line num="33" count="0" type="stmt"/>
        <line num="34" count="0" type="stmt"/>
        <line num="35" count="0" type="stmt"/>
        <line num="36" count="0" type="stmt"/>
        <line num="42" count="0" type="stmt"/>
        <line num="43" count="0" type="cond" truecount="0" falsecount="2"/>
        <line num="44" count="0" type="stmt"/>
        <line num="46" count="0" type="cond" truecount="0" falsecount="2"/>
        <line num="47" count="0" type="stmt"/>
        <line num="48" count="0" type="stmt"/>
        <line num="53" count="0" type="stmt"/>
        <line num="57" count="2" type="stmt"/>
      </file>
      <file name="logger.js" path="/Users/a58/Documents/项目/wto/wto/src/utils/logger.js">
        <metrics statements="9" coveredstatements="9" conditionals="4" coveredconditionals="1" methods="5" coveredmethods="5"/>
        <line num="1" count="3" type="stmt"/>
        <line num="3" count="3" type="stmt"/>
        <line num="4" count="3" type="stmt"/>
        <line num="18" count="2" type="stmt"/>
        <line num="22" count="1" type="stmt"/>
        <line num="26" count="1" type="stmt"/>
        <line num="30" count="1" type="stmt"/>
        <line num="42" count="1" type="stmt"/>
        <line num="51" count="3" type="stmt"/>
      </file>
      <file name="utils.js" path="/Users/a58/Documents/项目/wto/wto/src/utils/utils.js">
        <metrics statements="4" coveredstatements="4" conditionals="0" coveredconditionals="0" methods="1" coveredmethods="1"/>
        <line num="2" count="1" type="stmt"/>
        <line num="3" count="1" type="stmt"/>
        <line num="4" count="1" type="stmt"/>
        <line num="7" count="1" type="stmt"/>
      </file>
    </package>
    <package name="test.utils">
      <metrics statements="8" coveredstatements="7" conditionals="1" coveredconditionals="1" methods="5" coveredmethods="4"/>
      <file name="utils.js" path="/Users/a58/Documents/项目/wto/wto/test/utils/utils.js">
        <metrics statements="8" coveredstatements="7" conditionals="1" coveredconditionals="1" methods="5" coveredmethods="4"/>
        <line num="5" count="48" type="stmt"/>
        <line num="6" count="48" type="stmt"/>
        <line num="8" count="48" type="stmt"/>
        <line num="11" count="48" type="stmt"/>
        <line num="14" count="0" type="stmt"/>
        <line num="17" count="48" type="stmt"/>
        <line num="18" count="48" type="stmt"/>
        <line num="24" count="9" type="stmt"/>
      </file>
    </package>
  </project>
</coverage>
