{"/Users/a58/Documents/项目/wto/wto/src/config.js": {"path":"/Users/a58/Documents/项目/wto/wto/src/config.js","statementMap":{"0":{"start":{"line":1,"column":0},"end":{"line":16,"column":2}},"1":{"start":{"line":8,"column":4},"end":{"line":14,"column":6}}},"fnMap":{"0":{"name":"(anonymous_0)","decl":{"start":{"line":7,"column":2},"end":{"line":7,"column":3}},"loc":{"start":{"line":7,"column":21},"end":{"line":15,"column":3}},"line":7}},"branchMap":{},"s":{"0":1,"1":1},"f":{"0":1},"b":{},"_coverageSchema":"43e27e138ebf9cfc5966b082cf9a028302ed4184","hash":"18d829dc31825df631a49059f6c577dfbe3b6b3d"}
,"/Users/a58/Documents/项目/wto/wto/src/converter/src/alibaba/json.js": {"path":"/Users/a58/Documents/项目/wto/wto/src/converter/src/alibaba/json.js","statementMap":{"0":{"start":{"line":2,"column":2},"end":{"line":24,"column":7}},"1":{"start":{"line":5,"column":6},"end":{"line":9,"column":58}},"2":{"start":{"line":12,"column":6},"end":{"line":17,"column":9}},"3":{"start":{"line":14,"column":8},"end":{"line":16,"column":12}},"4":{"start":{"line":15,"column":10},"end":{"line":15,"column":49}},"5":{"start":{"line":20,"column":6},"end":{"line":23,"column":9}},"6":{"start":{"line":22,"column":8},"end":{"line":22,"column":49}},"7":{"start":{"line":27,"column":0},"end":{"line":27,"column":25}}},"fnMap":{"0":{"name":"convert","decl":{"start":{"line":1,"column":9},"end":{"line":1,"column":16}},"loc":{"start":{"line":1,"column":27},"end":{"line":25,"column":1}},"line":1},"1":{"name":"(anonymous_1)","decl":{"start":{"line":3,"column":31},"end":{"line":3,"column":32}},"loc":{"start":{"line":3,"column":42},"end":{"line":10,"column":5}},"line":3},"2":{"name":"(anonymous_2)","decl":{"start":{"line":11,"column":40},"end":{"line":11,"column":41}},"loc":{"start":{"line":11,"column":51},"end":{"line":18,"column":5}},"line":11},"3":{"name":"(anonymous_3)","decl":{"start":{"line":12,"column":43},"end":{"line":12,"column":44}},"loc":{"start":{"line":12,"column":57},"end":{"line":17,"column":7}},"line":12},"4":{"name":"(anonymous_4)","decl":{"start":{"line":14,"column":53},"end":{"line":14,"column":54}},"loc":{"start":{"line":14,"column":60},"end":{"line":16,"column":9}},"line":14},"5":{"name":"(anonymous_5)","decl":{"start":{"line":19,"column":40},"end":{"line":19,"column":41}},"loc":{"start":{"line":19,"column":51},"end":{"line":24,"column":5}},"line":19},"6":{"name":"(anonymous_6)","decl":{"start":{"line":20,"column":45},"end":{"line":20,"column":46}},"loc":{"start":{"line":20,"column":56},"end":{"line":23,"column":7}},"line":20}},"branchMap":{},"s":{"0":1,"1":1,"2":1,"3":2,"4":2,"5":1,"6":0,"7":1},"f":{"0":1,"1":1,"2":1,"3":2,"4":2,"5":1,"6":0},"b":{},"_coverageSchema":"43e27e138ebf9cfc5966b082cf9a028302ed4184","hash":"b2b2e2ed32d5687dbf2bf8e29fe0ea6fca30d3a1"}
,"/Users/a58/Documents/项目/wto/wto/src/converter/src/alibaba/script.js": {"path":"/Users/a58/Documents/项目/wto/wto/src/converter/src/alibaba/script.js","statementMap":{"0":{"start":{"line":2,"column":15},"end":{"line":2,"column":32}},"1":{"start":{"line":3,"column":23},"end":{"line":3,"column":58}},"2":{"start":{"line":4,"column":18},"end":{"line":4,"column":52}},"3":{"start":{"line":7,"column":2},"end":{"line":7,"column":87}},"4":{"start":{"line":11,"column":2},"end":{"line":159,"column":7}},"5":{"start":{"line":15,"column":6},"end":{"line":15,"column":65}},"6":{"start":{"line":21,"column":6},"end":{"line":21,"column":52}},"7":{"start":{"line":25,"column":6},"end":{"line":25,"column":33}},"8":{"start":{"line":29,"column":6},"end":{"line":29,"column":33}},"9":{"start":{"line":33,"column":6},"end":{"line":33,"column":33}},"10":{"start":{"line":36,"column":6},"end":{"line":36,"column":50}},"11":{"start":{"line":39,"column":6},"end":{"line":39,"column":52}},"12":{"start":{"line":42,"column":6},"end":{"line":47,"column":17}},"13":{"start":{"line":51,"column":6},"end":{"line":51,"column":52}},"14":{"start":{"line":51,"column":39},"end":{"line":51,"column":52}},"15":{"start":{"line":53,"column":30},"end":{"line":53,"column":74}},"16":{"start":{"line":54,"column":28},"end":{"line":61,"column":20}},"17":{"start":{"line":58,"column":12},"end":{"line":58,"column":34}},"18":{"start":{"line":60,"column":8},"end":{"line":60,"column":49}},"19":{"start":{"line":63,"column":22},"end":{"line":63,"column":64}},"20":{"start":{"line":64,"column":6},"end":{"line":73,"column":7}},"21":{"start":{"line":65,"column":8},"end":{"line":65,"column":78}},"22":{"start":{"line":67,"column":8},"end":{"line":72,"column":24}},"23":{"start":{"line":75,"column":20},"end":{"line":75,"column":65}},"24":{"start":{"line":76,"column":6},"end":{"line":78,"column":7}},"25":{"start":{"line":77,"column":8},"end":{"line":77,"column":21}},"26":{"start":{"line":80,"column":18},"end":{"line":80,"column":39}},"27":{"start":{"line":81,"column":18},"end":{"line":81,"column":34}},"28":{"start":{"line":82,"column":18},"end":{"line":82,"column":49}},"29":{"start":{"line":83,"column":22},"end":{"line":83,"column":24}},"30":{"start":{"line":84,"column":24},"end":{"line":84,"column":28}},"31":{"start":{"line":85,"column":21},"end":{"line":85,"column":70}},"32":{"start":{"line":87,"column":6},"end":{"line":92,"column":7}},"33":{"start":{"line":87,"column":19},"end":{"line":87,"column":20}},"34":{"start":{"line":88,"column":22},"end":{"line":88,"column":31}},"35":{"start":{"line":89,"column":19},"end":{"line":89,"column":52}},"36":{"start":{"line":90,"column":8},"end":{"line":90,"column":64}},"37":{"start":{"line":91,"column":8},"end":{"line":91,"column":33}},"38":{"start":{"line":94,"column":6},"end":{"line":111,"column":9}},"39":{"start":{"line":95,"column":8},"end":{"line":110,"column":9}},"40":{"start":{"line":96,"column":23},"end":{"line":96,"column":31}},"41":{"start":{"line":97,"column":10},"end":{"line":97,"column":36}},"42":{"start":{"line":99,"column":10},"end":{"line":109,"column":11}},"43":{"start":{"line":100,"column":12},"end":{"line":100,"column":44}},"44":{"start":{"line":102,"column":12},"end":{"line":108,"column":13}},"45":{"start":{"line":103,"column":14},"end":{"line":103,"column":47}},"46":{"start":{"line":105,"column":14},"end":{"line":107,"column":20}},"47":{"start":{"line":113,"column":23},"end":{"line":120,"column":10}},"48":{"start":{"line":122,"column":25},"end":{"line":125,"column":10}},"49":{"start":{"line":127,"column":24},"end":{"line":141,"column":13}},"50":{"start":{"line":143,"column":25},"end":{"line":143,"column":67}},"51":{"start":{"line":144,"column":24},"end":{"line":144,"column":143}},"52":{"start":{"line":145,"column":23},"end":{"line":145,"column":82}},"53":{"start":{"line":147,"column":6},"end":{"line":147,"column":133}},"54":{"start":{"line":151,"column":6},"end":{"line":158,"column":9}},"55":{"start":{"line":152,"column":8},"end":{"line":157,"column":23}},"56":{"start":{"line":162,"column":0},"end":{"line":162,"column":25}}},"fnMap":{"0":{"name":"defQuery","decl":{"start":{"line":6,"column":9},"end":{"line":6,"column":17}},"loc":{"start":{"line":6,"column":30},"end":{"line":8,"column":1}},"line":6},"1":{"name":"convert","decl":{"start":{"line":10,"column":9},"end":{"line":10,"column":16}},"loc":{"start":{"line":10,"column":32},"end":{"line":160,"column":1}},"line":10},"2":{"name":"(anonymous_2)","decl":{"start":{"line":13,"column":36},"end":{"line":13,"column":37}},"loc":{"start":{"line":13,"column":51},"end":{"line":16,"column":5}},"line":13},"3":{"name":"(anonymous_3)","decl":{"start":{"line":19,"column":35},"end":{"line":19,"column":36}},"loc":{"start":{"line":19,"column":46},"end":{"line":22,"column":5}},"line":19},"4":{"name":"(anonymous_4)","decl":{"start":{"line":23,"column":84},"end":{"line":23,"column":85}},"loc":{"start":{"line":23,"column":103},"end":{"line":26,"column":5}},"line":23},"5":{"name":"(anonymous_5)","decl":{"start":{"line":27,"column":72},"end":{"line":27,"column":73}},"loc":{"start":{"line":27,"column":91},"end":{"line":30,"column":5}},"line":27},"6":{"name":"(anonymous_6)","decl":{"start":{"line":31,"column":81},"end":{"line":31,"column":82}},"loc":{"start":{"line":31,"column":100},"end":{"line":34,"column":5}},"line":31},"7":{"name":"(anonymous_7)","decl":{"start":{"line":35,"column":52},"end":{"line":35,"column":53}},"loc":{"start":{"line":35,"column":63},"end":{"line":37,"column":5}},"line":35},"8":{"name":"(anonymous_8)","decl":{"start":{"line":38,"column":30},"end":{"line":38,"column":31}},"loc":{"start":{"line":38,"column":41},"end":{"line":40,"column":5}},"line":38},"9":{"name":"(anonymous_9)","decl":{"start":{"line":41,"column":49},"end":{"line":41,"column":50}},"loc":{"start":{"line":41,"column":60},"end":{"line":48,"column":5}},"line":41},"10":{"name":"(anonymous_10)","decl":{"start":{"line":49,"column":24},"end":{"line":49,"column":25}},"loc":{"start":{"line":49,"column":35},"end":{"line":148,"column":5}},"line":49},"11":{"name":"(anonymous_11)","decl":{"start":{"line":54,"column":48},"end":{"line":54,"column":49}},"loc":{"start":{"line":54,"column":58},"end":{"line":61,"column":7}},"line":54},"12":{"name":"(anonymous_12)","decl":{"start":{"line":91,"column":24},"end":{"line":91,"column":25}},"loc":{"start":{"line":91,"column":30},"end":{"line":91,"column":32}},"line":91},"13":{"name":"(anonymous_13)","decl":{"start":{"line":94,"column":31},"end":{"line":94,"column":32}},"loc":{"start":{"line":94,"column":40},"end":{"line":111,"column":7}},"line":94},"14":{"name":"(anonymous_14)","decl":{"start":{"line":149,"column":41},"end":{"line":149,"column":42}},"loc":{"start":{"line":149,"column":52},"end":{"line":159,"column":5}},"line":149},"15":{"name":"(anonymous_15)","decl":{"start":{"line":151,"column":50},"end":{"line":151,"column":51}},"loc":{"start":{"line":151,"column":61},"end":{"line":158,"column":7}},"line":151}},"branchMap":{"0":{"loc":{"start":{"line":15,"column":36},"end":{"line":15,"column":53}},"type":"cond-expr","locations":[{"start":{"line":15,"column":44},"end":{"line":15,"column":46}},{"start":{"line":15,"column":49},"end":{"line":15,"column":53}}],"line":15},"1":{"loc":{"start":{"line":51,"column":6},"end":{"line":51,"column":52}},"type":"if","locations":[{"start":{"line":51,"column":6},"end":{"line":51,"column":52}},{"start":{"line":51,"column":6},"end":{"line":51,"column":52}}],"line":51},"2":{"loc":{"start":{"line":60,"column":34},"end":{"line":60,"column":46}},"type":"binary-expr","locations":[{"start":{"line":60,"column":34},"end":{"line":60,"column":38}},{"start":{"line":60,"column":42},"end":{"line":60,"column":46}}],"line":60},"3":{"loc":{"start":{"line":63,"column":23},"end":{"line":63,"column":60}},"type":"binary-expr","locations":[{"start":{"line":63,"column":23},"end":{"line":63,"column":54}},{"start":{"line":63,"column":58},"end":{"line":63,"column":60}}],"line":63},"4":{"loc":{"start":{"line":64,"column":6},"end":{"line":73,"column":7}},"type":"if","locations":[{"start":{"line":64,"column":6},"end":{"line":73,"column":7}},{"start":{"line":64,"column":6},"end":{"line":73,"column":7}}],"line":64},"5":{"loc":{"start":{"line":75,"column":20},"end":{"line":75,"column":65}},"type":"binary-expr","locations":[{"start":{"line":75,"column":20},"end":{"line":75,"column":59}},{"start":{"line":75,"column":63},"end":{"line":75,"column":65}}],"line":75},"6":{"loc":{"start":{"line":75,"column":21},"end":{"line":75,"column":55}},"type":"binary-expr","locations":[{"start":{"line":75,"column":21},"end":{"line":75,"column":49}},{"start":{"line":75,"column":53},"end":{"line":75,"column":55}}],"line":75},"7":{"loc":{"start":{"line":76,"column":6},"end":{"line":78,"column":7}},"type":"if","locations":[{"start":{"line":76,"column":6},"end":{"line":78,"column":7}},{"start":{"line":76,"column":6},"end":{"line":78,"column":7}}],"line":76},"8":{"loc":{"start":{"line":85,"column":21},"end":{"line":85,"column":70}},"type":"binary-expr","locations":[{"start":{"line":85,"column":21},"end":{"line":85,"column":64}},{"start":{"line":85,"column":68},"end":{"line":85,"column":70}}],"line":85},"9":{"loc":{"start":{"line":95,"column":8},"end":{"line":110,"column":9}},"type":"if","locations":[{"start":{"line":95,"column":8},"end":{"line":110,"column":9}},{"start":{"line":95,"column":8},"end":{"line":110,"column":9}}],"line":95},"10":{"loc":{"start":{"line":99,"column":10},"end":{"line":109,"column":11}},"type":"if","locations":[{"start":{"line":99,"column":10},"end":{"line":109,"column":11}},{"start":{"line":99,"column":10},"end":{"line":109,"column":11}}],"line":99},"11":{"loc":{"start":{"line":100,"column":26},"end":{"line":100,"column":43}},"type":"binary-expr","locations":[{"start":{"line":100,"column":26},"end":{"line":100,"column":37}},{"start":{"line":100,"column":41},"end":{"line":100,"column":43}}],"line":100},"12":{"loc":{"start":{"line":102,"column":12},"end":{"line":108,"column":13}},"type":"if","locations":[{"start":{"line":102,"column":12},"end":{"line":108,"column":13}},{"start":{"line":102,"column":12},"end":{"line":108,"column":13}}],"line":102}},"s":{"0":1,"1":1,"2":1,"3":3,"4":1,"5":1,"6":1,"7":1,"8":1,"9":1,"10":1,"11":1,"12":0,"13":1,"14":0,"15":1,"16":1,"17":4,"18":4,"19":1,"20":1,"21":0,"22":1,"23":1,"24":1,"25":0,"26":1,"27":1,"28":1,"29":1,"30":1,"31":1,"32":1,"33":1,"34":0,"35":0,"36":0,"37":0,"38":1,"39":0,"40":0,"41":0,"42":0,"43":0,"44":0,"45":0,"46":0,"47":1,"48":1,"49":1,"50":1,"51":1,"52":1,"53":1,"54":0,"55":0,"56":1},"f":{"0":3,"1":1,"2":1,"3":1,"4":1,"5":1,"6":1,"7":1,"8":1,"9":0,"10":1,"11":4,"12":0,"13":0,"14":0,"15":0},"b":{"0":[1,0],"1":[0,1],"2":[4,4],"3":[1,1],"4":[0,1],"5":[1,0],"6":[1,0],"7":[0,1],"8":[1,1],"9":[0,0],"10":[0,0],"11":[0,0],"12":[0,0]},"_coverageSchema":"43e27e138ebf9cfc5966b082cf9a028302ed4184","hash":"78eb0702fe0e56c8f98685b4d68de2ca6fa56d7a"}
,"/Users/a58/Documents/项目/wto/wto/src/converter/src/alibaba/wxml.js": {"path":"/Users/a58/Documents/项目/wto/wto/src/converter/src/alibaba/wxml.js","statementMap":{"0":{"start":{"line":2,"column":2},"end":{"line":37,"column":120}},"1":{"start":{"line":7,"column":52},"end":{"line":7,"column":90}},"2":{"start":{"line":9,"column":61},"end":{"line":9,"column":84}},"3":{"start":{"line":11,"column":41},"end":{"line":11,"column":66}},"4":{"start":{"line":13,"column":59},"end":{"line":13,"column":100}},"5":{"start":{"line":15,"column":56},"end":{"line":15,"column":94}},"6":{"start":{"line":18,"column":6},"end":{"line":18,"column":93}},"7":{"start":{"line":18,"column":60},"end":{"line":18,"column":91}},"8":{"start":{"line":21,"column":57},"end":{"line":21,"column":94}},"9":{"start":{"line":23,"column":33},"end":{"line":23,"column":51}},"10":{"start":{"line":24,"column":47},"end":{"line":27,"column":73}},"11":{"start":{"line":27,"column":39},"end":{"line":27,"column":72}},"12":{"start":{"line":29,"column":67},"end":{"line":29,"column":136}},"13":{"start":{"line":31,"column":48},"end":{"line":32,"column":77}},"14":{"start":{"line":32,"column":40},"end":{"line":32,"column":76}},"15":{"start":{"line":34,"column":77},"end":{"line":34,"column":145}},"16":{"start":{"line":34,"column":122},"end":{"line":34,"column":143}},"17":{"start":{"line":36,"column":75},"end":{"line":36,"column":143}},"18":{"start":{"line":36,"column":120},"end":{"line":36,"column":141}},"19":{"start":{"line":37,"column":70},"end":{"line":37,"column":118}},"20":{"start":{"line":40,"column":0},"end":{"line":40,"column":25}}},"fnMap":{"0":{"name":"convert","decl":{"start":{"line":1,"column":9},"end":{"line":1,"column":16}},"loc":{"start":{"line":1,"column":34},"end":{"line":38,"column":1}},"line":1},"1":{"name":"(anonymous_1)","decl":{"start":{"line":7,"column":41},"end":{"line":7,"column":42}},"loc":{"start":{"line":7,"column":52},"end":{"line":7,"column":90}},"line":7},"2":{"name":"(anonymous_2)","decl":{"start":{"line":9,"column":46},"end":{"line":9,"column":47}},"loc":{"start":{"line":9,"column":61},"end":{"line":9,"column":84}},"line":9},"3":{"name":"(anonymous_3)","decl":{"start":{"line":11,"column":30},"end":{"line":11,"column":31}},"loc":{"start":{"line":11,"column":41},"end":{"line":11,"column":66}},"line":11},"4":{"name":"(anonymous_4)","decl":{"start":{"line":13,"column":48},"end":{"line":13,"column":49}},"loc":{"start":{"line":13,"column":59},"end":{"line":13,"column":100}},"line":13},"5":{"name":"(anonymous_5)","decl":{"start":{"line":15,"column":41},"end":{"line":15,"column":42}},"loc":{"start":{"line":15,"column":56},"end":{"line":15,"column":94}},"line":15},"6":{"name":"(anonymous_6)","decl":{"start":{"line":17,"column":25},"end":{"line":17,"column":26}},"loc":{"start":{"line":17,"column":36},"end":{"line":19,"column":5}},"line":17},"7":{"name":"(anonymous_7)","decl":{"start":{"line":18,"column":53},"end":{"line":18,"column":54}},"loc":{"start":{"line":18,"column":60},"end":{"line":18,"column":91}},"line":18},"8":{"name":"(anonymous_8)","decl":{"start":{"line":21,"column":42},"end":{"line":21,"column":43}},"loc":{"start":{"line":21,"column":57},"end":{"line":21,"column":94}},"line":21},"9":{"name":"(anonymous_9)","decl":{"start":{"line":23,"column":26},"end":{"line":23,"column":27}},"loc":{"start":{"line":23,"column":33},"end":{"line":23,"column":51}},"line":23},"10":{"name":"(anonymous_10)","decl":{"start":{"line":24,"column":36},"end":{"line":24,"column":37}},"loc":{"start":{"line":24,"column":47},"end":{"line":27,"column":73}},"line":24},"11":{"name":"(anonymous_11)","decl":{"start":{"line":27,"column":28},"end":{"line":27,"column":29}},"loc":{"start":{"line":27,"column":39},"end":{"line":27,"column":72}},"line":27},"12":{"name":"(anonymous_12)","decl":{"start":{"line":29,"column":52},"end":{"line":29,"column":53}},"loc":{"start":{"line":29,"column":67},"end":{"line":29,"column":136}},"line":29},"13":{"name":"(anonymous_13)","decl":{"start":{"line":31,"column":37},"end":{"line":31,"column":38}},"loc":{"start":{"line":31,"column":48},"end":{"line":32,"column":77}},"line":31},"14":{"name":"(anonymous_14)","decl":{"start":{"line":32,"column":29},"end":{"line":32,"column":30}},"loc":{"start":{"line":32,"column":40},"end":{"line":32,"column":76}},"line":32},"15":{"name":"(anonymous_15)","decl":{"start":{"line":34,"column":62},"end":{"line":34,"column":63}},"loc":{"start":{"line":34,"column":77},"end":{"line":34,"column":145}},"line":34},"16":{"name":"(anonymous_16)","decl":{"start":{"line":34,"column":115},"end":{"line":34,"column":116}},"loc":{"start":{"line":34,"column":122},"end":{"line":34,"column":143}},"line":34},"17":{"name":"(anonymous_17)","decl":{"start":{"line":36,"column":60},"end":{"line":36,"column":61}},"loc":{"start":{"line":36,"column":75},"end":{"line":36,"column":143}},"line":36},"18":{"name":"(anonymous_18)","decl":{"start":{"line":36,"column":113},"end":{"line":36,"column":114}},"loc":{"start":{"line":36,"column":120},"end":{"line":36,"column":141}},"line":36},"19":{"name":"(anonymous_19)","decl":{"start":{"line":37,"column":55},"end":{"line":37,"column":56}},"loc":{"start":{"line":37,"column":70},"end":{"line":37,"column":118}},"line":37}},"branchMap":{"0":{"loc":{"start":{"line":18,"column":13},"end":{"line":18,"column":92}},"type":"cond-expr","locations":[{"start":{"line":18,"column":21},"end":{"line":18,"column":26}},{"start":{"line":18,"column":29},"end":{"line":18,"column":92}}],"line":18}},"s":{"0":1,"1":1,"2":1,"3":0,"4":1,"5":0,"6":19,"7":0,"8":1,"9":1,"10":3,"11":3,"12":0,"13":2,"14":1,"15":1,"16":1,"17":1,"18":1,"19":1,"20":1},"f":{"0":1,"1":1,"2":1,"3":0,"4":1,"5":0,"6":19,"7":0,"8":1,"9":1,"10":3,"11":3,"12":0,"13":2,"14":1,"15":1,"16":1,"17":1,"18":1,"19":1},"b":{"0":[19,0]},"_coverageSchema":"43e27e138ebf9cfc5966b082cf9a028302ed4184","hash":"0027886a94a2439bfc4d73e844a3788b09bb6263"}
,"/Users/a58/Documents/项目/wto/wto/src/converter/src/alibaba/wxss.js": {"path":"/Users/a58/Documents/项目/wto/wto/src/converter/src/alibaba/wxss.js","statementMap":{"0":{"start":{"line":2,"column":2},"end":{"line":5,"column":7}},"1":{"start":{"line":4,"column":6},"end":{"line":4,"column":16}},"2":{"start":{"line":8,"column":0},"end":{"line":8,"column":25}}},"fnMap":{"0":{"name":"convert","decl":{"start":{"line":1,"column":9},"end":{"line":1,"column":16}},"loc":{"start":{"line":1,"column":27},"end":{"line":6,"column":1}},"line":1},"1":{"name":"(anonymous_1)","decl":{"start":{"line":3,"column":30},"end":{"line":3,"column":31}},"loc":{"start":{"line":3,"column":45},"end":{"line":5,"column":5}},"line":3}},"branchMap":{},"s":{"0":1,"1":0,"2":1},"f":{"0":1,"1":0},"b":{},"_coverageSchema":"43e27e138ebf9cfc5966b082cf9a028302ed4184","hash":"2f8b687ffd5c2a743220ada2609d1f82bfcb2817"}
,"/Users/a58/Documents/项目/wto/wto/src/converter/src/baidu/json.js": {"path":"/Users/a58/Documents/项目/wto/wto/src/converter/src/baidu/json.js","statementMap":{"0":{"start":{"line":2,"column":2},"end":{"line":10,"column":7}},"1":{"start":{"line":4,"column":6},"end":{"line":9,"column":9}},"2":{"start":{"line":6,"column":8},"end":{"line":8,"column":12}},"3":{"start":{"line":7,"column":10},"end":{"line":7,"column":48}},"4":{"start":{"line":13,"column":0},"end":{"line":13,"column":25}}},"fnMap":{"0":{"name":"convert","decl":{"start":{"line":1,"column":9},"end":{"line":1,"column":16}},"loc":{"start":{"line":1,"column":27},"end":{"line":11,"column":1}},"line":1},"1":{"name":"(anonymous_1)","decl":{"start":{"line":3,"column":40},"end":{"line":3,"column":41}},"loc":{"start":{"line":3,"column":60},"end":{"line":10,"column":5}},"line":3},"2":{"name":"(anonymous_2)","decl":{"start":{"line":4,"column":43},"end":{"line":4,"column":44}},"loc":{"start":{"line":4,"column":54},"end":{"line":9,"column":7}},"line":4},"3":{"name":"(anonymous_3)","decl":{"start":{"line":6,"column":50},"end":{"line":6,"column":51}},"loc":{"start":{"line":6,"column":57},"end":{"line":8,"column":9}},"line":6}},"branchMap":{},"s":{"0":1,"1":1,"2":2,"3":2,"4":1},"f":{"0":1,"1":1,"2":2,"3":2},"b":{},"_coverageSchema":"43e27e138ebf9cfc5966b082cf9a028302ed4184","hash":"a55ba962dff03f1ce4210afd613c91f4698604f6"}
,"/Users/a58/Documents/项目/wto/wto/src/converter/src/baidu/script.js": {"path":"/Users/a58/Documents/项目/wto/wto/src/converter/src/baidu/script.js","statementMap":{"0":{"start":{"line":2,"column":2},"end":{"line":8,"column":67}},"1":{"start":{"line":4,"column":6},"end":{"line":4,"column":56}},"2":{"start":{"line":11,"column":0},"end":{"line":11,"column":25}}},"fnMap":{"0":{"name":"convert","decl":{"start":{"line":1,"column":9},"end":{"line":1,"column":16}},"loc":{"start":{"line":1,"column":28},"end":{"line":9,"column":1}},"line":1},"1":{"name":"(anonymous_1)","decl":{"start":{"line":3,"column":36},"end":{"line":3,"column":37}},"loc":{"start":{"line":3,"column":51},"end":{"line":5,"column":5}},"line":3}},"branchMap":{},"s":{"0":1,"1":1,"2":1},"f":{"0":1,"1":1},"b":{},"_coverageSchema":"43e27e138ebf9cfc5966b082cf9a028302ed4184","hash":"c77f4d8bd3d06f89111e9833d7b67ad74d70dc01"}
,"/Users/a58/Documents/项目/wto/wto/src/converter/src/baidu/wxml.js": {"path":"/Users/a58/Documents/项目/wto/wto/src/converter/src/baidu/wxml.js","statementMap":{"0":{"start":{"line":2,"column":2},"end":{"line":68,"column":109}},"1":{"start":{"line":8,"column":45},"end":{"line":8,"column":84}},"2":{"start":{"line":8,"column":76},"end":{"line":8,"column":83}},"3":{"start":{"line":11,"column":6},"end":{"line":13,"column":9}},"4":{"start":{"line":12,"column":8},"end":{"line":12,"column":47}},"5":{"start":{"line":16,"column":42},"end":{"line":16,"column":67}},"6":{"start":{"line":19,"column":6},"end":{"line":21,"column":9}},"7":{"start":{"line":20,"column":8},"end":{"line":20,"column":47}},"8":{"start":{"line":25,"column":6},"end":{"line":25,"column":51}},"9":{"start":{"line":29,"column":6},"end":{"line":29,"column":51}},"10":{"start":{"line":33,"column":6},"end":{"line":33,"column":80}},"11":{"start":{"line":37,"column":6},"end":{"line":37,"column":80}},"12":{"start":{"line":41,"column":6},"end":{"line":41,"column":80}},"13":{"start":{"line":45,"column":6},"end":{"line":45,"column":42}},"14":{"start":{"line":49,"column":6},"end":{"line":51,"column":7}},"15":{"start":{"line":50,"column":8},"end":{"line":50,"column":21}},"16":{"start":{"line":52,"column":6},"end":{"line":52,"column":73}},"17":{"start":{"line":56,"column":6},"end":{"line":56,"column":55}},"18":{"start":{"line":56,"column":41},"end":{"line":56,"column":53}},"19":{"start":{"line":60,"column":6},"end":{"line":60,"column":92}},"20":{"start":{"line":64,"column":6},"end":{"line":64,"column":92}},"21":{"start":{"line":67,"column":57},"end":{"line":67,"column":87}},"22":{"start":{"line":68,"column":74},"end":{"line":68,"column":107}},"23":{"start":{"line":71,"column":0},"end":{"line":71,"column":25}}},"fnMap":{"0":{"name":"convert","decl":{"start":{"line":1,"column":9},"end":{"line":1,"column":16}},"loc":{"start":{"line":1,"column":30},"end":{"line":69,"column":1}},"line":1},"1":{"name":"(anonymous_1)","decl":{"start":{"line":8,"column":34},"end":{"line":8,"column":35}},"loc":{"start":{"line":8,"column":45},"end":{"line":8,"column":84}},"line":8},"2":{"name":"(anonymous_2)","decl":{"start":{"line":8,"column":69},"end":{"line":8,"column":70}},"loc":{"start":{"line":8,"column":76},"end":{"line":8,"column":83}},"line":8},"3":{"name":"(anonymous_3)","decl":{"start":{"line":9,"column":25},"end":{"line":9,"column":26}},"loc":{"start":{"line":9,"column":36},"end":{"line":14,"column":5}},"line":9},"4":{"name":"(anonymous_4)","decl":{"start":{"line":11,"column":37},"end":{"line":11,"column":38}},"loc":{"start":{"line":11,"column":44},"end":{"line":13,"column":7}},"line":11},"5":{"name":"(anonymous_5)","decl":{"start":{"line":16,"column":31},"end":{"line":16,"column":32}},"loc":{"start":{"line":16,"column":42},"end":{"line":16,"column":67}},"line":16},"6":{"name":"(anonymous_6)","decl":{"start":{"line":17,"column":28},"end":{"line":17,"column":29}},"loc":{"start":{"line":17,"column":39},"end":{"line":22,"column":5}},"line":17},"7":{"name":"(anonymous_7)","decl":{"start":{"line":19,"column":37},"end":{"line":19,"column":38}},"loc":{"start":{"line":19,"column":44},"end":{"line":21,"column":7}},"line":19},"8":{"name":"(anonymous_8)","decl":{"start":{"line":23,"column":42},"end":{"line":23,"column":43}},"loc":{"start":{"line":23,"column":57},"end":{"line":26,"column":5}},"line":23},"9":{"name":"(anonymous_9)","decl":{"start":{"line":27,"column":44},"end":{"line":27,"column":45}},"loc":{"start":{"line":27,"column":59},"end":{"line":30,"column":5}},"line":27},"10":{"name":"(anonymous_10)","decl":{"start":{"line":31,"column":54},"end":{"line":31,"column":55}},"loc":{"start":{"line":31,"column":69},"end":{"line":34,"column":5}},"line":31},"11":{"name":"(anonymous_11)","decl":{"start":{"line":35,"column":48},"end":{"line":35,"column":49}},"loc":{"start":{"line":35,"column":63},"end":{"line":38,"column":5}},"line":35},"12":{"name":"(anonymous_12)","decl":{"start":{"line":39,"column":49},"end":{"line":39,"column":50}},"loc":{"start":{"line":39,"column":64},"end":{"line":42,"column":5}},"line":39},"13":{"name":"(anonymous_13)","decl":{"start":{"line":43,"column":52},"end":{"line":43,"column":53}},"loc":{"start":{"line":43,"column":67},"end":{"line":46,"column":5}},"line":43},"14":{"name":"(anonymous_14)","decl":{"start":{"line":47,"column":32},"end":{"line":47,"column":33}},"loc":{"start":{"line":47,"column":47},"end":{"line":53,"column":5}},"line":47},"15":{"name":"(anonymous_15)","decl":{"start":{"line":54,"column":45},"end":{"line":54,"column":46}},"loc":{"start":{"line":54,"column":56},"end":{"line":57,"column":5}},"line":54},"16":{"name":"(anonymous_16)","decl":{"start":{"line":56,"column":36},"end":{"line":56,"column":37}},"loc":{"start":{"line":56,"column":41},"end":{"line":56,"column":53}},"line":56},"17":{"name":"(anonymous_17)","decl":{"start":{"line":58,"column":43},"end":{"line":58,"column":44}},"loc":{"start":{"line":58,"column":58},"end":{"line":61,"column":5}},"line":58},"18":{"name":"(anonymous_18)","decl":{"start":{"line":62,"column":40},"end":{"line":62,"column":41}},"loc":{"start":{"line":62,"column":55},"end":{"line":65,"column":5}},"line":62},"19":{"name":"(anonymous_19)","decl":{"start":{"line":67,"column":42},"end":{"line":67,"column":43}},"loc":{"start":{"line":67,"column":57},"end":{"line":67,"column":87}},"line":67},"20":{"name":"(anonymous_20)","decl":{"start":{"line":68,"column":59},"end":{"line":68,"column":60}},"loc":{"start":{"line":68,"column":74},"end":{"line":68,"column":107}},"line":68}},"branchMap":{"0":{"loc":{"start":{"line":49,"column":6},"end":{"line":51,"column":7}},"type":"if","locations":[{"start":{"line":49,"column":6},"end":{"line":51,"column":7}},{"start":{"line":49,"column":6},"end":{"line":51,"column":7}}],"line":49}},"s":{"0":1,"1":1,"2":1,"3":13,"4":1,"5":1,"6":8,"7":0,"8":1,"9":0,"10":1,"11":1,"12":1,"13":1,"14":1,"15":0,"16":1,"17":0,"18":0,"19":0,"20":0,"21":1,"22":1,"23":1},"f":{"0":1,"1":1,"2":1,"3":13,"4":1,"5":1,"6":8,"7":0,"8":1,"9":0,"10":1,"11":1,"12":1,"13":1,"14":1,"15":0,"16":0,"17":0,"18":0,"19":1,"20":1},"b":{"0":[0,1]},"_coverageSchema":"43e27e138ebf9cfc5966b082cf9a028302ed4184","hash":"a085d367be8678b8056627e83df34b73b48fb538"}
,"/Users/a58/Documents/项目/wto/wto/src/converter/src/baidu/wxss.js": {"path":"/Users/a58/Documents/项目/wto/wto/src/converter/src/baidu/wxss.js","statementMap":{"0":{"start":{"line":2,"column":2},"end":{"line":14,"column":7}},"1":{"start":{"line":5,"column":6},"end":{"line":5,"column":25}},"2":{"start":{"line":9,"column":6},"end":{"line":9,"column":55}},"3":{"start":{"line":9,"column":41},"end":{"line":9,"column":53}},"4":{"start":{"line":13,"column":6},"end":{"line":13,"column":55}},"5":{"start":{"line":17,"column":0},"end":{"line":17,"column":25}}},"fnMap":{"0":{"name":"convert","decl":{"start":{"line":1,"column":9},"end":{"line":1,"column":16}},"loc":{"start":{"line":1,"column":26},"end":{"line":15,"column":1}},"line":1},"1":{"name":"(anonymous_1)","decl":{"start":{"line":3,"column":30},"end":{"line":3,"column":31}},"loc":{"start":{"line":3,"column":45},"end":{"line":6,"column":5}},"line":3},"2":{"name":"(anonymous_2)","decl":{"start":{"line":7,"column":45},"end":{"line":7,"column":46}},"loc":{"start":{"line":7,"column":56},"end":{"line":10,"column":5}},"line":7},"3":{"name":"(anonymous_3)","decl":{"start":{"line":9,"column":36},"end":{"line":9,"column":37}},"loc":{"start":{"line":9,"column":41},"end":{"line":9,"column":53}},"line":9},"4":{"name":"(anonymous_4)","decl":{"start":{"line":11,"column":42},"end":{"line":11,"column":43}},"loc":{"start":{"line":11,"column":53},"end":{"line":14,"column":5}},"line":11}},"branchMap":{},"s":{"0":1,"1":0,"2":1,"3":1,"4":1,"5":1},"f":{"0":1,"1":0,"2":1,"3":1,"4":1},"b":{},"_coverageSchema":"43e27e138ebf9cfc5966b082cf9a028302ed4184","hash":"4bd12d12273b2fd842d0bf6230af47499a0e31d7"}
,"/Users/a58/Documents/项目/wto/wto/src/converter/src/toutiao/json.js": {"path":"/Users/a58/Documents/项目/wto/wto/src/converter/src/toutiao/json.js","statementMap":{"0":{"start":{"line":2,"column":2},"end":{"line":2,"column":18}},"1":{"start":{"line":5,"column":0},"end":{"line":5,"column":25}}},"fnMap":{"0":{"name":"convert","decl":{"start":{"line":1,"column":9},"end":{"line":1,"column":16}},"loc":{"start":{"line":1,"column":27},"end":{"line":3,"column":1}},"line":1}},"branchMap":{},"s":{"0":1,"1":1},"f":{"0":1},"b":{},"_coverageSchema":"43e27e138ebf9cfc5966b082cf9a028302ed4184","hash":"c8cca8ae49ceba5237bd34bc1b74e19b7a06b02c"}
,"/Users/a58/Documents/项目/wto/wto/src/converter/src/toutiao/script.js": {"path":"/Users/a58/Documents/项目/wto/wto/src/converter/src/toutiao/script.js","statementMap":{"0":{"start":{"line":2,"column":2},"end":{"line":8,"column":67}},"1":{"start":{"line":4,"column":6},"end":{"line":4,"column":56}},"2":{"start":{"line":11,"column":0},"end":{"line":11,"column":25}}},"fnMap":{"0":{"name":"convert","decl":{"start":{"line":1,"column":9},"end":{"line":1,"column":16}},"loc":{"start":{"line":1,"column":25},"end":{"line":9,"column":1}},"line":1},"1":{"name":"(anonymous_1)","decl":{"start":{"line":3,"column":36},"end":{"line":3,"column":37}},"loc":{"start":{"line":3,"column":51},"end":{"line":5,"column":5}},"line":3}},"branchMap":{},"s":{"0":1,"1":1,"2":1},"f":{"0":1,"1":1},"b":{},"_coverageSchema":"43e27e138ebf9cfc5966b082cf9a028302ed4184","hash":"325fb92d0e3c36d149262fd5af6ee86b29cce9db"}
,"/Users/a58/Documents/项目/wto/wto/src/converter/src/toutiao/wxml.js": {"path":"/Users/a58/Documents/项目/wto/wto/src/converter/src/toutiao/wxml.js","statementMap":{"0":{"start":{"line":2,"column":2},"end":{"line":22,"column":120}},"1":{"start":{"line":8,"column":6},"end":{"line":8,"column":55}},"2":{"start":{"line":8,"column":41},"end":{"line":8,"column":53}},"3":{"start":{"line":12,"column":6},"end":{"line":12,"column":92}},"4":{"start":{"line":16,"column":6},"end":{"line":16,"column":92}},"5":{"start":{"line":19,"column":77},"end":{"line":19,"column":145}},"6":{"start":{"line":19,"column":122},"end":{"line":19,"column":143}},"7":{"start":{"line":21,"column":75},"end":{"line":21,"column":143}},"8":{"start":{"line":21,"column":120},"end":{"line":21,"column":141}},"9":{"start":{"line":22,"column":70},"end":{"line":22,"column":118}},"10":{"start":{"line":25,"column":0},"end":{"line":25,"column":25}}},"fnMap":{"0":{"name":"convert","decl":{"start":{"line":1,"column":9},"end":{"line":1,"column":16}},"loc":{"start":{"line":1,"column":27},"end":{"line":23,"column":1}},"line":1},"1":{"name":"(anonymous_1)","decl":{"start":{"line":6,"column":45},"end":{"line":6,"column":46}},"loc":{"start":{"line":6,"column":56},"end":{"line":9,"column":5}},"line":6},"2":{"name":"(anonymous_2)","decl":{"start":{"line":8,"column":36},"end":{"line":8,"column":37}},"loc":{"start":{"line":8,"column":41},"end":{"line":8,"column":53}},"line":8},"3":{"name":"(anonymous_3)","decl":{"start":{"line":10,"column":43},"end":{"line":10,"column":44}},"loc":{"start":{"line":10,"column":58},"end":{"line":13,"column":5}},"line":10},"4":{"name":"(anonymous_4)","decl":{"start":{"line":14,"column":40},"end":{"line":14,"column":41}},"loc":{"start":{"line":14,"column":55},"end":{"line":17,"column":5}},"line":14},"5":{"name":"(anonymous_5)","decl":{"start":{"line":19,"column":62},"end":{"line":19,"column":63}},"loc":{"start":{"line":19,"column":77},"end":{"line":19,"column":145}},"line":19},"6":{"name":"(anonymous_6)","decl":{"start":{"line":19,"column":115},"end":{"line":19,"column":116}},"loc":{"start":{"line":19,"column":122},"end":{"line":19,"column":143}},"line":19},"7":{"name":"(anonymous_7)","decl":{"start":{"line":21,"column":60},"end":{"line":21,"column":61}},"loc":{"start":{"line":21,"column":75},"end":{"line":21,"column":143}},"line":21},"8":{"name":"(anonymous_8)","decl":{"start":{"line":21,"column":113},"end":{"line":21,"column":114}},"loc":{"start":{"line":21,"column":120},"end":{"line":21,"column":141}},"line":21},"9":{"name":"(anonymous_9)","decl":{"start":{"line":22,"column":55},"end":{"line":22,"column":56}},"loc":{"start":{"line":22,"column":70},"end":{"line":22,"column":118}},"line":22}},"branchMap":{},"s":{"0":1,"1":0,"2":0,"3":0,"4":0,"5":1,"6":1,"7":1,"8":1,"9":1,"10":1},"f":{"0":1,"1":0,"2":0,"3":0,"4":0,"5":1,"6":1,"7":1,"8":1,"9":1},"b":{},"_coverageSchema":"43e27e138ebf9cfc5966b082cf9a028302ed4184","hash":"8e0c14342656c04d18671816f76e4696f2351cf6"}
,"/Users/a58/Documents/项目/wto/wto/src/converter/src/toutiao/wxss.js": {"path":"/Users/a58/Documents/项目/wto/wto/src/converter/src/toutiao/wxss.js","statementMap":{"0":{"start":{"line":2,"column":2},"end":{"line":9,"column":7}},"1":{"start":{"line":4,"column":6},"end":{"line":4,"column":16}},"2":{"start":{"line":8,"column":6},"end":{"line":8,"column":55}},"3":{"start":{"line":8,"column":41},"end":{"line":8,"column":53}},"4":{"start":{"line":12,"column":0},"end":{"line":12,"column":25}}},"fnMap":{"0":{"name":"convert","decl":{"start":{"line":1,"column":9},"end":{"line":1,"column":16}},"loc":{"start":{"line":1,"column":27},"end":{"line":10,"column":1}},"line":1},"1":{"name":"(anonymous_1)","decl":{"start":{"line":3,"column":30},"end":{"line":3,"column":31}},"loc":{"start":{"line":3,"column":45},"end":{"line":5,"column":5}},"line":3},"2":{"name":"(anonymous_2)","decl":{"start":{"line":6,"column":45},"end":{"line":6,"column":46}},"loc":{"start":{"line":6,"column":56},"end":{"line":9,"column":5}},"line":6},"3":{"name":"(anonymous_3)","decl":{"start":{"line":8,"column":36},"end":{"line":8,"column":37}},"loc":{"start":{"line":8,"column":41},"end":{"line":8,"column":53}},"line":8}},"branchMap":{},"s":{"0":1,"1":0,"2":1,"3":1,"4":1},"f":{"0":1,"1":0,"2":1,"3":1},"b":{},"_coverageSchema":"43e27e138ebf9cfc5966b082cf9a028302ed4184","hash":"c960c7c205f8ee8d18e37da8fcdf82132f93398d"}
,"/Users/a58/Documents/项目/wto/wto/src/converter/src/utils/balancing-group.js": {"path":"/Users/a58/Documents/项目/wto/wto/src/converter/src/utils/balancing-group.js","statementMap":{"0":{"start":{"line":43,"column":16},"end":{"line":43,"column":36}},"1":{"start":{"line":44,"column":12},"end":{"line":44,"column":33}},"2":{"start":{"line":45,"column":15},"end":{"line":45,"column":17}},"3":{"start":{"line":46,"column":16},"end":{"line":46,"column":17}},"4":{"start":{"line":48,"column":2},"end":{"line":50,"column":3}},"5":{"start":{"line":49,"column":4},"end":{"line":49,"column":18}},"6":{"start":{"line":52,"column":2},"end":{"line":63,"column":3}},"7":{"start":{"line":52,"column":15},"end":{"line":52,"column":20}},"8":{"start":{"line":53,"column":4},"end":{"line":62,"column":5}},"9":{"start":{"line":54,"column":6},"end":{"line":54,"column":16}},"10":{"start":{"line":55,"column":11},"end":{"line":62,"column":5}},"11":{"start":{"line":56,"column":6},"end":{"line":56,"column":16}},"12":{"start":{"line":58,"column":6},"end":{"line":61,"column":7}},"13":{"start":{"line":59,"column":8},"end":{"line":59,"column":16}},"14":{"start":{"line":60,"column":8},"end":{"line":60,"column":14}},"15":{"start":{"line":65,"column":2},"end":{"line":67,"column":3}},"16":{"start":{"line":66,"column":4},"end":{"line":66,"column":43}},"17":{"start":{"line":69,"column":2},"end":{"line":69,"column":16}},"18":{"start":{"line":72,"column":0},"end":{"line":72,"column":37}}},"fnMap":{"0":{"name":"extraBalancingGroup","decl":{"start":{"line":42,"column":9},"end":{"line":42,"column":28}},"loc":{"start":{"line":42,"column":65},"end":{"line":70,"column":1}},"line":42}},"branchMap":{"0":{"loc":{"start":{"line":42,"column":34},"end":{"line":42,"column":47}},"type":"default-arg","locations":[{"start":{"line":42,"column":44},"end":{"line":42,"column":47}}],"line":42},"1":{"loc":{"start":{"line":42,"column":49},"end":{"line":42,"column":63}},"type":"default-arg","locations":[{"start":{"line":42,"column":60},"end":{"line":42,"column":63}}],"line":42},"2":{"loc":{"start":{"line":48,"column":2},"end":{"line":50,"column":3}},"type":"if","locations":[{"start":{"line":48,"column":2},"end":{"line":50,"column":3}},{"start":{"line":48,"column":2},"end":{"line":50,"column":3}}],"line":48},"3":{"loc":{"start":{"line":53,"column":4},"end":{"line":62,"column":5}},"type":"if","locations":[{"start":{"line":53,"column":4},"end":{"line":62,"column":5}},{"start":{"line":53,"column":4},"end":{"line":62,"column":5}}],"line":53},"4":{"loc":{"start":{"line":55,"column":11},"end":{"line":62,"column":5}},"type":"if","locations":[{"start":{"line":55,"column":11},"end":{"line":62,"column":5}},{"start":{"line":55,"column":11},"end":{"line":62,"column":5}}],"line":55},"5":{"loc":{"start":{"line":58,"column":6},"end":{"line":61,"column":7}},"type":"if","locations":[{"start":{"line":58,"column":6},"end":{"line":61,"column":7}},{"start":{"line":58,"column":6},"end":{"line":61,"column":7}}],"line":58},"6":{"loc":{"start":{"line":65,"column":2},"end":{"line":67,"column":3}},"type":"if","locations":[{"start":{"line":65,"column":2},"end":{"line":67,"column":3}},{"start":{"line":65,"column":2},"end":{"line":67,"column":3}}],"line":65}},"s":{"0":3,"1":3,"2":3,"3":3,"4":3,"5":0,"6":3,"7":3,"8":14,"9":4,"10":10,"11":4,"12":4,"13":3,"14":3,"15":3,"16":3,"17":3,"18":3},"f":{"0":3},"b":{"0":[2],"1":[2],"2":[0,3],"3":[4,10],"4":[4,6],"5":[3,1],"6":[3,0]},"_coverageSchema":"43e27e138ebf9cfc5966b082cf9a028302ed4184","hash":"9f73488477c2f1c1fc0c449a6ac9428d57a5ffbf"}
,"/Users/a58/Documents/项目/wto/wto/src/converter/src/utils/extra-function.js": {"path":"/Users/a58/Documents/项目/wto/wto/src/converter/src/utils/extra-function.js","statementMap":{"0":{"start":{"line":1,"column":23},"end":{"line":1,"column":51}},"1":{"start":{"line":10,"column":18},"end":{"line":17,"column":3}},"2":{"start":{"line":19,"column":13},"end":{"line":19,"column":15}},"3":{"start":{"line":20,"column":13},"end":{"line":20,"column":15}},"4":{"start":{"line":22,"column":2},"end":{"line":31,"column":3}},"5":{"start":{"line":22,"column":15},"end":{"line":22,"column":16}},"6":{"start":{"line":23,"column":16},"end":{"line":23,"column":26}},"7":{"start":{"line":24,"column":20},"end":{"line":24,"column":37}},"8":{"start":{"line":26,"column":4},"end":{"line":30,"column":5}},"9":{"start":{"line":27,"column":6},"end":{"line":27,"column":30}},"10":{"start":{"line":28,"column":6},"end":{"line":28,"column":30}},"11":{"start":{"line":29,"column":6},"end":{"line":29,"column":12}},"12":{"start":{"line":33,"column":2},"end":{"line":35,"column":3}},"13":{"start":{"line":34,"column":4},"end":{"line":34,"column":32}},"14":{"start":{"line":37,"column":2},"end":{"line":41,"column":4}},"15":{"start":{"line":44,"column":0},"end":{"line":44,"column":27}}},"fnMap":{"0":{"name":"extractFn","decl":{"start":{"line":9,"column":9},"end":{"line":9,"column":18}},"loc":{"start":{"line":9,"column":33},"end":{"line":42,"column":1}},"line":9}},"branchMap":{"0":{"loc":{"start":{"line":26,"column":4},"end":{"line":30,"column":5}},"type":"if","locations":[{"start":{"line":26,"column":4},"end":{"line":30,"column":5}},{"start":{"line":26,"column":4},"end":{"line":30,"column":5}}],"line":26},"1":{"loc":{"start":{"line":27,"column":13},"end":{"line":27,"column":29}},"type":"binary-expr","locations":[{"start":{"line":27,"column":13},"end":{"line":27,"column":23}},{"start":{"line":27,"column":27},"end":{"line":27,"column":29}}],"line":27},"2":{"loc":{"start":{"line":28,"column":13},"end":{"line":28,"column":29}},"type":"binary-expr","locations":[{"start":{"line":28,"column":13},"end":{"line":28,"column":23}},{"start":{"line":28,"column":27},"end":{"line":28,"column":29}}],"line":28},"3":{"loc":{"start":{"line":33,"column":2},"end":{"line":35,"column":3}},"type":"if","locations":[{"start":{"line":33,"column":2},"end":{"line":35,"column":3}},{"start":{"line":33,"column":2},"end":{"line":35,"column":3}}],"line":33}},"s":{"0":2,"1":5,"2":5,"3":5,"4":5,"5":5,"6":13,"7":13,"8":13,"9":1,"10":1,"11":1,"12":5,"13":1,"14":5,"15":2},"f":{"0":5},"b":{"0":[1,12],"1":[1,0],"2":[1,0],"3":[1,4]},"_coverageSchema":"43e27e138ebf9cfc5966b082cf9a028302ed4184","hash":"c81b244141e1a0efbc54919d9fc4c16d5e134373"}
,"/Users/a58/Documents/项目/wto/wto/src/linter/src/alibaba/index.js": {"path":"/Users/a58/Documents/项目/wto/wto/src/linter/src/alibaba/index.js","statementMap":{"0":{"start":{"line":1,"column":14},"end":{"line":1,"column":39}},"1":{"start":{"line":2,"column":23},"end":{"line":2,"column":51}},"2":{"start":{"line":3,"column":24},"end":{"line":3,"column":53}},"3":{"start":{"line":4,"column":25},"end":{"line":4,"column":55}},"4":{"start":{"line":5,"column":26},"end":{"line":5,"column":57}},"5":{"start":{"line":7,"column":22},"end":{"line":71,"column":1}},"6":{"start":{"line":9,"column":17},"end":{"line":9,"column":29}},"7":{"start":{"line":11,"column":4},"end":{"line":19,"column":5}},"8":{"start":{"line":11,"column":17},"end":{"line":11,"column":18}},"9":{"start":{"line":12,"column":17},"end":{"line":12,"column":35}},"10":{"start":{"line":13,"column":18},"end":{"line":13,"column":42}},"11":{"start":{"line":14,"column":20},"end":{"line":14,"column":37}},"12":{"start":{"line":16,"column":6},"end":{"line":18,"column":7}},"13":{"start":{"line":17,"column":8},"end":{"line":17,"column":53}},"14":{"start":{"line":21,"column":4},"end":{"line":21,"column":16}},"15":{"start":{"line":24,"column":18},"end":{"line":24,"column":99}},"16":{"start":{"line":25,"column":17},"end":{"line":25,"column":50}},"17":{"start":{"line":26,"column":16},"end":{"line":26,"column":105}},"18":{"start":{"line":27,"column":18},"end":{"line":27,"column":35}},"19":{"start":{"line":29,"column":4},"end":{"line":31,"column":5}},"20":{"start":{"line":30,"column":6},"end":{"line":30,"column":30}},"21":{"start":{"line":33,"column":4},"end":{"line":33,"column":16}},"22":{"start":{"line":37,"column":20},"end":{"line":58,"column":5}},"23":{"start":{"line":60,"column":4},"end":{"line":67,"column":5}},"24":{"start":{"line":60,"column":17},"end":{"line":60,"column":18}},"25":{"start":{"line":61,"column":18},"end":{"line":61,"column":44}},"26":{"start":{"line":62,"column":20},"end":{"line":62,"column":37}},"27":{"start":{"line":64,"column":6},"end":{"line":66,"column":7}},"28":{"start":{"line":65,"column":8},"end":{"line":65,"column":49}},"29":{"start":{"line":69,"column":4},"end":{"line":69,"column":16}},"30":{"start":{"line":73,"column":22},"end":{"line":76,"column":1}},"31":{"start":{"line":74,"column":22},"end":{"line":74,"column":97}},"32":{"start":{"line":75,"column":22},"end":{"line":75,"column":98}},"33":{"start":{"line":78,"column":22},"end":{"line":78,"column":24}},"34":{"start":{"line":80,"column":22},"end":{"line":80,"column":24}},"35":{"start":{"line":82,"column":24},"end":{"line":98,"column":1}},"36":{"start":{"line":84,"column":17},"end":{"line":84,"column":29}},"37":{"start":{"line":86,"column":4},"end":{"line":94,"column":5}},"38":{"start":{"line":86,"column":17},"end":{"line":86,"column":18}},"39":{"start":{"line":87,"column":17},"end":{"line":87,"column":34}},"40":{"start":{"line":88,"column":18},"end":{"line":88,"column":43}},"41":{"start":{"line":89,"column":20},"end":{"line":89,"column":37}},"42":{"start":{"line":91,"column":6},"end":{"line":93,"column":7}},"43":{"start":{"line":92,"column":8},"end":{"line":92,"column":53}},"44":{"start":{"line":96,"column":4},"end":{"line":96,"column":16}},"45":{"start":{"line":100,"column":24},"end":{"line":136,"column":1}},"46":{"start":{"line":102,"column":17},"end":{"line":102,"column":89}},"47":{"start":{"line":103,"column":16},"end":{"line":103,"column":36}},"48":{"start":{"line":104,"column":19},"end":{"line":104,"column":36}},"49":{"start":{"line":105,"column":18},"end":{"line":105,"column":37}},"50":{"start":{"line":107,"column":4},"end":{"line":114,"column":5}},"51":{"start":{"line":108,"column":6},"end":{"line":113,"column":7}},"52":{"start":{"line":109,"column":21},"end":{"line":109,"column":55}},"53":{"start":{"line":110,"column":8},"end":{"line":112,"column":10}},"54":{"start":{"line":116,"column":4},"end":{"line":116,"column":16}},"55":{"start":{"line":120,"column":17},"end":{"line":120,"column":68}},"56":{"start":{"line":121,"column":16},"end":{"line":121,"column":41}},"57":{"start":{"line":122,"column":19},"end":{"line":122,"column":39}},"58":{"start":{"line":123,"column":18},"end":{"line":123,"column":37}},"59":{"start":{"line":125,"column":4},"end":{"line":132,"column":5}},"60":{"start":{"line":126,"column":6},"end":{"line":131,"column":7}},"61":{"start":{"line":127,"column":21},"end":{"line":127,"column":55}},"62":{"start":{"line":128,"column":8},"end":{"line":130,"column":10}},"63":{"start":{"line":134,"column":4},"end":{"line":134,"column":16}},"64":{"start":{"line":138,"column":0},"end":{"line":145,"column":2}}},"fnMap":{"0":{"name":"(anonymous_0)","decl":{"start":{"line":8,"column":2},"end":{"line":8,"column":3}},"loc":{"start":{"line":8,"column":14},"end":{"line":22,"column":3}},"line":8},"1":{"name":"(anonymous_1)","decl":{"start":{"line":23,"column":2},"end":{"line":23,"column":3}},"loc":{"start":{"line":23,"column":14},"end":{"line":34,"column":3}},"line":23},"2":{"name":"(anonymous_2)","decl":{"start":{"line":36,"column":2},"end":{"line":36,"column":3}},"loc":{"start":{"line":36,"column":14},"end":{"line":70,"column":3}},"line":36},"3":{"name":"(anonymous_3)","decl":{"start":{"line":74,"column":2},"end":{"line":74,"column":3}},"loc":{"start":{"line":74,"column":22},"end":{"line":74,"column":97}},"line":74},"4":{"name":"(anonymous_4)","decl":{"start":{"line":75,"column":2},"end":{"line":75,"column":3}},"loc":{"start":{"line":75,"column":22},"end":{"line":75,"column":98}},"line":75},"5":{"name":"(anonymous_5)","decl":{"start":{"line":83,"column":2},"end":{"line":83,"column":3}},"loc":{"start":{"line":83,"column":14},"end":{"line":97,"column":3}},"line":83},"6":{"name":"(anonymous_6)","decl":{"start":{"line":101,"column":2},"end":{"line":101,"column":3}},"loc":{"start":{"line":101,"column":22},"end":{"line":117,"column":3}},"line":101},"7":{"name":"(anonymous_7)","decl":{"start":{"line":119,"column":2},"end":{"line":119,"column":3}},"loc":{"start":{"line":119,"column":22},"end":{"line":135,"column":3}},"line":119}},"branchMap":{"0":{"loc":{"start":{"line":16,"column":6},"end":{"line":18,"column":7}},"type":"if","locations":[{"start":{"line":16,"column":6},"end":{"line":18,"column":7}},{"start":{"line":16,"column":6},"end":{"line":18,"column":7}}],"line":16},"1":{"loc":{"start":{"line":29,"column":4},"end":{"line":31,"column":5}},"type":"if","locations":[{"start":{"line":29,"column":4},"end":{"line":31,"column":5}},{"start":{"line":29,"column":4},"end":{"line":31,"column":5}}],"line":29},"2":{"loc":{"start":{"line":64,"column":6},"end":{"line":66,"column":7}},"type":"if","locations":[{"start":{"line":64,"column":6},"end":{"line":66,"column":7}},{"start":{"line":64,"column":6},"end":{"line":66,"column":7}}],"line":64},"3":{"loc":{"start":{"line":91,"column":6},"end":{"line":93,"column":7}},"type":"if","locations":[{"start":{"line":91,"column":6},"end":{"line":93,"column":7}},{"start":{"line":91,"column":6},"end":{"line":93,"column":7}}],"line":91},"4":{"loc":{"start":{"line":107,"column":4},"end":{"line":114,"column":5}},"type":"if","locations":[{"start":{"line":107,"column":4},"end":{"line":114,"column":5}},{"start":{"line":107,"column":4},"end":{"line":114,"column":5}}],"line":107},"5":{"loc":{"start":{"line":108,"column":6},"end":{"line":113,"column":7}},"type":"if","locations":[{"start":{"line":108,"column":6},"end":{"line":113,"column":7}},{"start":{"line":108,"column":6},"end":{"line":113,"column":7}}],"line":108},"6":{"loc":{"start":{"line":125,"column":4},"end":{"line":132,"column":5}},"type":"if","locations":[{"start":{"line":125,"column":4},"end":{"line":132,"column":5}},{"start":{"line":125,"column":4},"end":{"line":132,"column":5}}],"line":125},"7":{"loc":{"start":{"line":126,"column":6},"end":{"line":131,"column":7}},"type":"if","locations":[{"start":{"line":126,"column":6},"end":{"line":131,"column":7}},{"start":{"line":126,"column":6},"end":{"line":131,"column":7}}],"line":126}},"s":{"0":1,"1":1,"2":1,"3":1,"4":1,"5":1,"6":2,"7":2,"8":2,"9":9,"10":9,"11":9,"12":9,"13":1,"14":1,"15":2,"16":2,"17":2,"18":2,"19":2,"20":1,"21":1,"22":2,"23":2,"24":2,"25":8,"26":8,"27":8,"28":1,"29":1,"30":1,"31":1,"32":1,"33":1,"34":1,"35":1,"36":2,"37":2,"38":2,"39":111,"40":111,"41":111,"42":111,"43":1,"44":1,"45":1,"46":2,"47":2,"48":2,"49":2,"50":2,"51":1,"52":1,"53":1,"54":1,"55":2,"56":2,"57":2,"58":2,"59":2,"60":2,"61":1,"62":1,"63":1,"64":1},"f":{"0":2,"1":2,"2":2,"3":1,"4":1,"5":2,"6":2,"7":2},"b":{"0":[1,8],"1":[1,1],"2":[1,7],"3":[1,110],"4":[1,1],"5":[1,0],"6":[2,0],"7":[1,1]},"_coverageSchema":"43e27e138ebf9cfc5966b082cf9a028302ed4184","hash":"824f640e0bd5d8d2ee35090cdfba8e5853b07a01"}
,"/Users/a58/Documents/项目/wto/wto/src/linter/src/alibaba/unsupported-attrs.js": {"path":"/Users/a58/Documents/项目/wto/wto/src/linter/src/alibaba/unsupported-attrs.js","statementMap":{"0":{"start":{"line":1,"column":0},"end":{"line":228,"column":2}}},"fnMap":{},"branchMap":{},"s":{"0":1},"f":{},"b":{},"_coverageSchema":"43e27e138ebf9cfc5966b082cf9a028302ed4184","hash":"13ce99ad6151c4c7c015678d1bdfde70760359c4"}
,"/Users/a58/Documents/项目/wto/wto/src/linter/src/alibaba/unsupported-events.js": {"path":"/Users/a58/Documents/项目/wto/wto/src/linter/src/alibaba/unsupported-events.js","statementMap":{"0":{"start":{"line":1,"column":0},"end":{"line":94,"column":2}}},"fnMap":{},"branchMap":{},"s":{"0":1},"f":{},"b":{},"_coverageSchema":"43e27e138ebf9cfc5966b082cf9a028302ed4184","hash":"ad925b63adbcaee52c55e932c17a5dd788bde63f"}
,"/Users/a58/Documents/项目/wto/wto/src/linter/src/alibaba/unsupported-fns.js": {"path":"/Users/a58/Documents/项目/wto/wto/src/linter/src/alibaba/unsupported-fns.js","statementMap":{"0":{"start":{"line":1,"column":0},"end":{"line":169,"column":2}}},"fnMap":{},"branchMap":{},"s":{"0":1},"f":{},"b":{},"_coverageSchema":"43e27e138ebf9cfc5966b082cf9a028302ed4184","hash":"e9f265db4cbe9df4128996e958b45ebc67a7f792"}
,"/Users/a58/Documents/项目/wto/wto/src/linter/src/alibaba/unsupported-tags.js": {"path":"/Users/a58/Documents/项目/wto/wto/src/linter/src/alibaba/unsupported-tags.js","statementMap":{"0":{"start":{"line":1,"column":0},"end":{"line":139,"column":2}}},"fnMap":{},"branchMap":{},"s":{"0":1},"f":{},"b":{},"_coverageSchema":"43e27e138ebf9cfc5966b082cf9a028302ed4184","hash":"d922de7ada2bff13531851b806f33a3c3e5d57ed"}
,"/Users/a58/Documents/项目/wto/wto/src/linter/src/baidu/index.js": {"path":"/Users/a58/Documents/项目/wto/wto/src/linter/src/baidu/index.js","statementMap":{"0":{"start":{"line":1,"column":14},"end":{"line":1,"column":39}},"1":{"start":{"line":2,"column":23},"end":{"line":2,"column":51}},"2":{"start":{"line":3,"column":24},"end":{"line":3,"column":53}},"3":{"start":{"line":4,"column":25},"end":{"line":4,"column":55}},"4":{"start":{"line":5,"column":26},"end":{"line":5,"column":57}},"5":{"start":{"line":7,"column":22},"end":{"line":117,"column":1}},"6":{"start":{"line":9,"column":17},"end":{"line":9,"column":29}},"7":{"start":{"line":11,"column":4},"end":{"line":19,"column":5}},"8":{"start":{"line":11,"column":17},"end":{"line":11,"column":18}},"9":{"start":{"line":12,"column":17},"end":{"line":12,"column":35}},"10":{"start":{"line":13,"column":18},"end":{"line":13,"column":42}},"11":{"start":{"line":14,"column":20},"end":{"line":14,"column":37}},"12":{"start":{"line":16,"column":6},"end":{"line":18,"column":7}},"13":{"start":{"line":17,"column":8},"end":{"line":17,"column":53}},"14":{"start":{"line":21,"column":4},"end":{"line":21,"column":16}},"15":{"start":{"line":25,"column":17},"end":{"line":25,"column":99}},"16":{"start":{"line":26,"column":20},"end":{"line":26,"column":52}},"17":{"start":{"line":27,"column":20},"end":{"line":27,"column":31}},"18":{"start":{"line":28,"column":18},"end":{"line":28,"column":39}},"19":{"start":{"line":30,"column":4},"end":{"line":34,"column":5}},"20":{"start":{"line":31,"column":6},"end":{"line":33,"column":7}},"21":{"start":{"line":32,"column":8},"end":{"line":32,"column":42}},"22":{"start":{"line":36,"column":4},"end":{"line":36,"column":16}},"23":{"start":{"line":40,"column":17},"end":{"line":40,"column":87}},"24":{"start":{"line":41,"column":19},"end":{"line":41,"column":40}},"25":{"start":{"line":42,"column":20},"end":{"line":42,"column":31}},"26":{"start":{"line":43,"column":18},"end":{"line":43,"column":38}},"27":{"start":{"line":45,"column":4},"end":{"line":49,"column":5}},"28":{"start":{"line":46,"column":6},"end":{"line":48,"column":7}},"29":{"start":{"line":47,"column":8},"end":{"line":47,"column":32}},"30":{"start":{"line":51,"column":4},"end":{"line":51,"column":16}},"31":{"start":{"line":55,"column":17},"end":{"line":55,"column":34}},"32":{"start":{"line":56,"column":16},"end":{"line":56,"column":38}},"33":{"start":{"line":57,"column":18},"end":{"line":57,"column":35}},"34":{"start":{"line":59,"column":4},"end":{"line":61,"column":5}},"35":{"start":{"line":60,"column":6},"end":{"line":60,"column":30}},"36":{"start":{"line":63,"column":4},"end":{"line":63,"column":16}},"37":{"start":{"line":67,"column":20},"end":{"line":104,"column":5}},"38":{"start":{"line":106,"column":4},"end":{"line":113,"column":5}},"39":{"start":{"line":106,"column":17},"end":{"line":106,"column":18}},"40":{"start":{"line":107,"column":18},"end":{"line":107,"column":44}},"41":{"start":{"line":108,"column":20},"end":{"line":108,"column":37}},"42":{"start":{"line":110,"column":6},"end":{"line":112,"column":7}},"43":{"start":{"line":111,"column":8},"end":{"line":111,"column":49}},"44":{"start":{"line":115,"column":4},"end":{"line":115,"column":16}},"45":{"start":{"line":119,"column":22},"end":{"line":136,"column":1}},"46":{"start":{"line":121,"column":17},"end":{"line":121,"column":49}},"47":{"start":{"line":122,"column":16},"end":{"line":122,"column":61}},"48":{"start":{"line":123,"column":20},"end":{"line":123,"column":22}},"49":{"start":{"line":125,"column":4},"end":{"line":130,"column":7}},"50":{"start":{"line":126,"column":19},"end":{"line":126,"column":51}},"51":{"start":{"line":127,"column":6},"end":{"line":129,"column":9}},"52":{"start":{"line":132,"column":4},"end":{"line":132,"column":19}},"53":{"start":{"line":134,"column":22},"end":{"line":134,"column":97}},"54":{"start":{"line":135,"column":22},"end":{"line":135,"column":98}},"55":{"start":{"line":138,"column":22},"end":{"line":138,"column":24}},"56":{"start":{"line":140,"column":22},"end":{"line":140,"column":24}},"57":{"start":{"line":142,"column":24},"end":{"line":142,"column":26}},"58":{"start":{"line":144,"column":24},"end":{"line":160,"column":1}},"59":{"start":{"line":146,"column":17},"end":{"line":146,"column":29}},"60":{"start":{"line":148,"column":4},"end":{"line":156,"column":5}},"61":{"start":{"line":148,"column":17},"end":{"line":148,"column":18}},"62":{"start":{"line":149,"column":17},"end":{"line":149,"column":34}},"63":{"start":{"line":150,"column":18},"end":{"line":150,"column":43}},"64":{"start":{"line":151,"column":20},"end":{"line":151,"column":37}},"65":{"start":{"line":153,"column":6},"end":{"line":155,"column":7}},"66":{"start":{"line":154,"column":8},"end":{"line":154,"column":53}},"67":{"start":{"line":158,"column":4},"end":{"line":158,"column":16}},"68":{"start":{"line":162,"column":0},"end":{"line":169,"column":2}}},"fnMap":{"0":{"name":"(anonymous_0)","decl":{"start":{"line":8,"column":2},"end":{"line":8,"column":3}},"loc":{"start":{"line":8,"column":14},"end":{"line":22,"column":3}},"line":8},"1":{"name":"(anonymous_1)","decl":{"start":{"line":24,"column":2},"end":{"line":24,"column":3}},"loc":{"start":{"line":24,"column":14},"end":{"line":37,"column":3}},"line":24},"2":{"name":"(anonymous_2)","decl":{"start":{"line":39,"column":2},"end":{"line":39,"column":3}},"loc":{"start":{"line":39,"column":14},"end":{"line":52,"column":3}},"line":39},"3":{"name":"(anonymous_3)","decl":{"start":{"line":54,"column":2},"end":{"line":54,"column":3}},"loc":{"start":{"line":54,"column":14},"end":{"line":64,"column":3}},"line":54},"4":{"name":"(anonymous_4)","decl":{"start":{"line":66,"column":2},"end":{"line":66,"column":3}},"loc":{"start":{"line":66,"column":14},"end":{"line":116,"column":3}},"line":66},"5":{"name":"(anonymous_5)","decl":{"start":{"line":120,"column":2},"end":{"line":120,"column":3}},"loc":{"start":{"line":120,"column":22},"end":{"line":133,"column":3}},"line":120},"6":{"name":"(anonymous_6)","decl":{"start":{"line":125,"column":26},"end":{"line":125,"column":27}},"loc":{"start":{"line":125,"column":38},"end":{"line":130,"column":5}},"line":125},"7":{"name":"(anonymous_7)","decl":{"start":{"line":134,"column":2},"end":{"line":134,"column":3}},"loc":{"start":{"line":134,"column":22},"end":{"line":134,"column":97}},"line":134},"8":{"name":"(anonymous_8)","decl":{"start":{"line":135,"column":2},"end":{"line":135,"column":3}},"loc":{"start":{"line":135,"column":22},"end":{"line":135,"column":98}},"line":135},"9":{"name":"(anonymous_9)","decl":{"start":{"line":145,"column":2},"end":{"line":145,"column":3}},"loc":{"start":{"line":145,"column":14},"end":{"line":159,"column":3}},"line":145}},"branchMap":{"0":{"loc":{"start":{"line":16,"column":6},"end":{"line":18,"column":7}},"type":"if","locations":[{"start":{"line":16,"column":6},"end":{"line":18,"column":7}},{"start":{"line":16,"column":6},"end":{"line":18,"column":7}}],"line":16},"1":{"loc":{"start":{"line":30,"column":4},"end":{"line":34,"column":5}},"type":"if","locations":[{"start":{"line":30,"column":4},"end":{"line":34,"column":5}},{"start":{"line":30,"column":4},"end":{"line":34,"column":5}}],"line":30},"2":{"loc":{"start":{"line":31,"column":6},"end":{"line":33,"column":7}},"type":"if","locations":[{"start":{"line":31,"column":6},"end":{"line":33,"column":7}},{"start":{"line":31,"column":6},"end":{"line":33,"column":7}}],"line":31},"3":{"loc":{"start":{"line":45,"column":4},"end":{"line":49,"column":5}},"type":"if","locations":[{"start":{"line":45,"column":4},"end":{"line":49,"column":5}},{"start":{"line":45,"column":4},"end":{"line":49,"column":5}}],"line":45},"4":{"loc":{"start":{"line":46,"column":6},"end":{"line":48,"column":7}},"type":"if","locations":[{"start":{"line":46,"column":6},"end":{"line":48,"column":7}},{"start":{"line":46,"column":6},"end":{"line":48,"column":7}}],"line":46},"5":{"loc":{"start":{"line":59,"column":4},"end":{"line":61,"column":5}},"type":"if","locations":[{"start":{"line":59,"column":4},"end":{"line":61,"column":5}},{"start":{"line":59,"column":4},"end":{"line":61,"column":5}}],"line":59},"6":{"loc":{"start":{"line":110,"column":6},"end":{"line":112,"column":7}},"type":"if","locations":[{"start":{"line":110,"column":6},"end":{"line":112,"column":7}},{"start":{"line":110,"column":6},"end":{"line":112,"column":7}}],"line":110},"7":{"loc":{"start":{"line":153,"column":6},"end":{"line":155,"column":7}},"type":"if","locations":[{"start":{"line":153,"column":6},"end":{"line":155,"column":7}},{"start":{"line":153,"column":6},"end":{"line":155,"column":7}}],"line":153}},"s":{"0":1,"1":1,"2":1,"3":1,"4":1,"5":1,"6":2,"7":2,"8":2,"9":7,"10":7,"11":7,"12":7,"13":1,"14":1,"15":1,"16":1,"17":1,"18":1,"19":1,"20":1,"21":0,"22":1,"23":1,"24":1,"25":1,"26":1,"27":1,"28":1,"29":0,"30":1,"31":1,"32":1,"33":1,"34":1,"35":1,"36":0,"37":1,"38":1,"39":1,"40":7,"41":7,"42":7,"43":1,"44":0,"45":1,"46":1,"47":1,"48":1,"49":1,"50":1,"51":1,"52":1,"53":1,"54":1,"55":1,"56":1,"57":1,"58":1,"59":2,"60":2,"61":2,"62":200,"63":200,"64":200,"65":200,"66":1,"67":1,"68":1},"f":{"0":2,"1":1,"2":1,"3":1,"4":1,"5":1,"6":1,"7":1,"8":1,"9":2},"b":{"0":[1,6],"1":[1,0],"2":[0,1],"3":[1,0],"4":[0,1],"5":[1,0],"6":[1,6],"7":[1,199]},"_coverageSchema":"43e27e138ebf9cfc5966b082cf9a028302ed4184","hash":"cbddf26f80060ea00689a7b918da1bfbed3022ed"}
,"/Users/a58/Documents/项目/wto/wto/src/linter/src/baidu/unsupported-attrs.js": {"path":"/Users/a58/Documents/项目/wto/wto/src/linter/src/baidu/unsupported-attrs.js","statementMap":{"0":{"start":{"line":1,"column":0},"end":{"line":174,"column":2}}},"fnMap":{},"branchMap":{},"s":{"0":1},"f":{},"b":{},"_coverageSchema":"43e27e138ebf9cfc5966b082cf9a028302ed4184","hash":"b7006ce922691e31d0278cf6249315da9c2658e4"}
,"/Users/a58/Documents/项目/wto/wto/src/linter/src/baidu/unsupported-events.js": {"path":"/Users/a58/Documents/项目/wto/wto/src/linter/src/baidu/unsupported-events.js","statementMap":{"0":{"start":{"line":1,"column":0},"end":{"line":68,"column":2}}},"fnMap":{},"branchMap":{},"s":{"0":1},"f":{},"b":{},"_coverageSchema":"43e27e138ebf9cfc5966b082cf9a028302ed4184","hash":"c4e944b382326d99644176ad929c6fc3716f6090"}
,"/Users/a58/Documents/项目/wto/wto/src/linter/src/baidu/unsupported-fns.js": {"path":"/Users/a58/Documents/项目/wto/wto/src/linter/src/baidu/unsupported-fns.js","statementMap":{"0":{"start":{"line":1,"column":0},"end":{"line":159,"column":2}}},"fnMap":{},"branchMap":{},"s":{"0":1},"f":{},"b":{},"_coverageSchema":"43e27e138ebf9cfc5966b082cf9a028302ed4184","hash":"e1be112e3816acc88279a29af4f7fe5263c88d17"}
,"/Users/a58/Documents/项目/wto/wto/src/linter/src/baidu/unsupported-tags.js": {"path":"/Users/a58/Documents/项目/wto/wto/src/linter/src/baidu/unsupported-tags.js","statementMap":{"0":{"start":{"line":1,"column":0},"end":{"line":211,"column":2}}},"fnMap":{},"branchMap":{},"s":{"0":1},"f":{},"b":{},"_coverageSchema":"43e27e138ebf9cfc5966b082cf9a028302ed4184","hash":"960d030ee1b3a689c012db7def3266203b10084b"}
,"/Users/a58/Documents/项目/wto/wto/src/linter/src/toutiao/index.js": {"path":"/Users/a58/Documents/项目/wto/wto/src/linter/src/toutiao/index.js","statementMap":{"0":{"start":{"line":1,"column":14},"end":{"line":1,"column":39}},"1":{"start":{"line":2,"column":23},"end":{"line":2,"column":51}},"2":{"start":{"line":3,"column":24},"end":{"line":3,"column":53}},"3":{"start":{"line":4,"column":25},"end":{"line":4,"column":55}},"4":{"start":{"line":5,"column":26},"end":{"line":5,"column":57}},"5":{"start":{"line":7,"column":22},"end":{"line":82,"column":1}},"6":{"start":{"line":9,"column":17},"end":{"line":9,"column":29}},"7":{"start":{"line":11,"column":4},"end":{"line":19,"column":5}},"8":{"start":{"line":11,"column":17},"end":{"line":11,"column":18}},"9":{"start":{"line":12,"column":17},"end":{"line":12,"column":35}},"10":{"start":{"line":13,"column":18},"end":{"line":13,"column":42}},"11":{"start":{"line":14,"column":20},"end":{"line":14,"column":37}},"12":{"start":{"line":16,"column":6},"end":{"line":18,"column":7}},"13":{"start":{"line":17,"column":8},"end":{"line":17,"column":53}},"14":{"start":{"line":21,"column":4},"end":{"line":21,"column":16}},"15":{"start":{"line":25,"column":17},"end":{"line":25,"column":92}},"16":{"start":{"line":26,"column":16},"end":{"line":26,"column":42}},"17":{"start":{"line":27,"column":18},"end":{"line":27,"column":27}},"18":{"start":{"line":28,"column":18},"end":{"line":28,"column":35}},"19":{"start":{"line":30,"column":4},"end":{"line":34,"column":5}},"20":{"start":{"line":31,"column":6},"end":{"line":33,"column":7}},"21":{"start":{"line":32,"column":8},"end":{"line":32,"column":42}},"22":{"start":{"line":36,"column":4},"end":{"line":36,"column":16}},"23":{"start":{"line":40,"column":20},"end":{"line":69,"column":5}},"24":{"start":{"line":71,"column":4},"end":{"line":78,"column":5}},"25":{"start":{"line":71,"column":17},"end":{"line":71,"column":18}},"26":{"start":{"line":72,"column":18},"end":{"line":72,"column":44}},"27":{"start":{"line":73,"column":20},"end":{"line":73,"column":37}},"28":{"start":{"line":75,"column":6},"end":{"line":77,"column":7}},"29":{"start":{"line":76,"column":8},"end":{"line":76,"column":49}},"30":{"start":{"line":80,"column":4},"end":{"line":80,"column":16}},"31":{"start":{"line":84,"column":22},"end":{"line":87,"column":1}},"32":{"start":{"line":85,"column":22},"end":{"line":85,"column":97}},"33":{"start":{"line":86,"column":22},"end":{"line":86,"column":98}},"34":{"start":{"line":89,"column":22},"end":{"line":89,"column":24}},"35":{"start":{"line":90,"column":22},"end":{"line":90,"column":24}},"36":{"start":{"line":92,"column":24},"end":{"line":132,"column":1}},"37":{"start":{"line":94,"column":17},"end":{"line":94,"column":29}},"38":{"start":{"line":96,"column":4},"end":{"line":104,"column":5}},"39":{"start":{"line":96,"column":17},"end":{"line":96,"column":18}},"40":{"start":{"line":97,"column":17},"end":{"line":97,"column":34}},"41":{"start":{"line":98,"column":18},"end":{"line":98,"column":43}},"42":{"start":{"line":99,"column":20},"end":{"line":99,"column":37}},"43":{"start":{"line":101,"column":6},"end":{"line":103,"column":7}},"44":{"start":{"line":102,"column":8},"end":{"line":102,"column":53}},"45":{"start":{"line":106,"column":4},"end":{"line":106,"column":16}},"46":{"start":{"line":110,"column":17},"end":{"line":110,"column":59}},"47":{"start":{"line":111,"column":16},"end":{"line":111,"column":34}},"48":{"start":{"line":112,"column":18},"end":{"line":112,"column":35}},"49":{"start":{"line":114,"column":4},"end":{"line":116,"column":5}},"50":{"start":{"line":115,"column":6},"end":{"line":115,"column":40}},"51":{"start":{"line":118,"column":4},"end":{"line":118,"column":16}},"52":{"start":{"line":122,"column":17},"end":{"line":122,"column":67}},"53":{"start":{"line":123,"column":16},"end":{"line":123,"column":37}},"54":{"start":{"line":124,"column":18},"end":{"line":124,"column":35}},"55":{"start":{"line":126,"column":4},"end":{"line":128,"column":5}},"56":{"start":{"line":127,"column":6},"end":{"line":127,"column":40}},"57":{"start":{"line":130,"column":4},"end":{"line":130,"column":16}},"58":{"start":{"line":133,"column":24},"end":{"line":133,"column":26}},"59":{"start":{"line":135,"column":0},"end":{"line":142,"column":2}}},"fnMap":{"0":{"name":"(anonymous_0)","decl":{"start":{"line":8,"column":2},"end":{"line":8,"column":3}},"loc":{"start":{"line":8,"column":14},"end":{"line":22,"column":3}},"line":8},"1":{"name":"(anonymous_1)","decl":{"start":{"line":24,"column":2},"end":{"line":24,"column":3}},"loc":{"start":{"line":24,"column":14},"end":{"line":37,"column":3}},"line":24},"2":{"name":"(anonymous_2)","decl":{"start":{"line":39,"column":2},"end":{"line":39,"column":3}},"loc":{"start":{"line":39,"column":14},"end":{"line":81,"column":3}},"line":39},"3":{"name":"(anonymous_3)","decl":{"start":{"line":85,"column":2},"end":{"line":85,"column":3}},"loc":{"start":{"line":85,"column":22},"end":{"line":85,"column":97}},"line":85},"4":{"name":"(anonymous_4)","decl":{"start":{"line":86,"column":2},"end":{"line":86,"column":3}},"loc":{"start":{"line":86,"column":22},"end":{"line":86,"column":98}},"line":86},"5":{"name":"(anonymous_5)","decl":{"start":{"line":93,"column":2},"end":{"line":93,"column":3}},"loc":{"start":{"line":93,"column":14},"end":{"line":107,"column":3}},"line":93},"6":{"name":"(anonymous_6)","decl":{"start":{"line":109,"column":2},"end":{"line":109,"column":3}},"loc":{"start":{"line":109,"column":14},"end":{"line":119,"column":3}},"line":109},"7":{"name":"(anonymous_7)","decl":{"start":{"line":121,"column":2},"end":{"line":121,"column":3}},"loc":{"start":{"line":121,"column":14},"end":{"line":131,"column":3}},"line":121}},"branchMap":{"0":{"loc":{"start":{"line":16,"column":6},"end":{"line":18,"column":7}},"type":"if","locations":[{"start":{"line":16,"column":6},"end":{"line":18,"column":7}},{"start":{"line":16,"column":6},"end":{"line":18,"column":7}}],"line":16},"1":{"loc":{"start":{"line":30,"column":4},"end":{"line":34,"column":5}},"type":"if","locations":[{"start":{"line":30,"column":4},"end":{"line":34,"column":5}},{"start":{"line":30,"column":4},"end":{"line":34,"column":5}}],"line":30},"2":{"loc":{"start":{"line":31,"column":6},"end":{"line":33,"column":7}},"type":"if","locations":[{"start":{"line":31,"column":6},"end":{"line":33,"column":7}},{"start":{"line":31,"column":6},"end":{"line":33,"column":7}}],"line":31},"3":{"loc":{"start":{"line":75,"column":6},"end":{"line":77,"column":7}},"type":"if","locations":[{"start":{"line":75,"column":6},"end":{"line":77,"column":7}},{"start":{"line":75,"column":6},"end":{"line":77,"column":7}}],"line":75},"4":{"loc":{"start":{"line":101,"column":6},"end":{"line":103,"column":7}},"type":"if","locations":[{"start":{"line":101,"column":6},"end":{"line":103,"column":7}},{"start":{"line":101,"column":6},"end":{"line":103,"column":7}}],"line":101},"5":{"loc":{"start":{"line":114,"column":4},"end":{"line":116,"column":5}},"type":"if","locations":[{"start":{"line":114,"column":4},"end":{"line":116,"column":5}},{"start":{"line":114,"column":4},"end":{"line":116,"column":5}}],"line":114},"6":{"loc":{"start":{"line":126,"column":4},"end":{"line":128,"column":5}},"type":"if","locations":[{"start":{"line":126,"column":4},"end":{"line":128,"column":5}},{"start":{"line":126,"column":4},"end":{"line":128,"column":5}}],"line":126}},"s":{"0":1,"1":1,"2":1,"3":1,"4":1,"5":1,"6":2,"7":2,"8":2,"9":20,"10":20,"11":20,"12":20,"13":1,"14":1,"15":2,"16":2,"17":2,"18":2,"19":2,"20":1,"21":1,"22":1,"23":2,"24":2,"25":2,"26":10,"27":10,"28":10,"29":1,"30":1,"31":1,"32":1,"33":1,"34":1,"35":1,"36":1,"37":2,"38":2,"39":2,"40":297,"41":297,"42":297,"43":297,"44":1,"45":1,"46":2,"47":2,"48":2,"49":2,"50":1,"51":1,"52":2,"53":2,"54":2,"55":2,"56":1,"57":1,"58":1,"59":1},"f":{"0":2,"1":2,"2":2,"3":1,"4":1,"5":2,"6":2,"7":2},"b":{"0":[1,19],"1":[1,1],"2":[1,0],"3":[1,9],"4":[1,296],"5":[1,1],"6":[1,1]},"_coverageSchema":"43e27e138ebf9cfc5966b082cf9a028302ed4184","hash":"ebf998c23835638eda814179c574397a7df5cf40"}
,"/Users/a58/Documents/项目/wto/wto/src/linter/src/toutiao/unsupported-attrs.js": {"path":"/Users/a58/Documents/项目/wto/wto/src/linter/src/toutiao/unsupported-attrs.js","statementMap":{"0":{"start":{"line":1,"column":0},"end":{"line":170,"column":2}}},"fnMap":{},"branchMap":{},"s":{"0":1},"f":{},"b":{},"_coverageSchema":"43e27e138ebf9cfc5966b082cf9a028302ed4184","hash":"ca40f12aaf3bc2fc72198df42fea675339d0439d"}
,"/Users/a58/Documents/项目/wto/wto/src/linter/src/toutiao/unsupported-events.js": {"path":"/Users/a58/Documents/项目/wto/wto/src/linter/src/toutiao/unsupported-events.js","statementMap":{"0":{"start":{"line":1,"column":0},"end":{"line":78,"column":2}}},"fnMap":{},"branchMap":{},"s":{"0":1},"f":{},"b":{},"_coverageSchema":"43e27e138ebf9cfc5966b082cf9a028302ed4184","hash":"d89b752a3ae8de901af02a97d061dd99ade35374"}
,"/Users/a58/Documents/项目/wto/wto/src/linter/src/toutiao/unsupported-fns.js": {"path":"/Users/a58/Documents/项目/wto/wto/src/linter/src/toutiao/unsupported-fns.js","statementMap":{"0":{"start":{"line":1,"column":0},"end":{"line":281,"column":2}}},"fnMap":{},"branchMap":{},"s":{"0":1},"f":{},"b":{},"_coverageSchema":"43e27e138ebf9cfc5966b082cf9a028302ed4184","hash":"b0b3fb1b87d6756fbe9c55e6351aabf18a72193c"}
,"/Users/a58/Documents/项目/wto/wto/src/linter/src/toutiao/unsupported-tags.js": {"path":"/Users/a58/Documents/项目/wto/wto/src/linter/src/toutiao/unsupported-tags.js","statementMap":{"0":{"start":{"line":1,"column":0},"end":{"line":206,"column":2}}},"fnMap":{},"branchMap":{},"s":{"0":1},"f":{},"b":{},"_coverageSchema":"43e27e138ebf9cfc5966b082cf9a028302ed4184","hash":"b0233eef779c6420787edb21b2074904f066fa29"}
,"/Users/a58/Documents/项目/wto/wto/src/linter/src/utils/utils.js": {"path":"/Users/a58/Documents/项目/wto/wto/src/linter/src/utils/utils.js","statementMap":{"0":{"start":{"line":8,"column":16},"end":{"line":8,"column":38}},"1":{"start":{"line":9,"column":14},"end":{"line":9,"column":40}},"2":{"start":{"line":10,"column":2},"end":{"line":10,"column":32}},"3":{"start":{"line":23,"column":18},"end":{"line":23,"column":20}},"4":{"start":{"line":25,"column":2},"end":{"line":39,"column":5}},"5":{"start":{"line":26,"column":4},"end":{"line":38,"column":7}},"6":{"start":{"line":28,"column":18},"end":{"line":28,"column":56}},"7":{"start":{"line":29,"column":20},"end":{"line":29,"column":39}},"8":{"start":{"line":31,"column":6},"end":{"line":37,"column":7}},"9":{"start":{"line":32,"column":21},"end":{"line":32,"column":46}},"10":{"start":{"line":33,"column":21},"end":{"line":33,"column":70}},"11":{"start":{"line":34,"column":8},"end":{"line":36,"column":11}},"12":{"start":{"line":41,"column":2},"end":{"line":41,"column":17}},"13":{"start":{"line":44,"column":0},"end":{"line":47,"column":2}}},"fnMap":{"0":{"name":"calcLine","decl":{"start":{"line":7,"column":9},"end":{"line":7,"column":17}},"loc":{"start":{"line":7,"column":34},"end":{"line":11,"column":1}},"line":7},"1":{"name":"unsupportedAttrOrEvents","decl":{"start":{"line":22,"column":9},"end":{"line":22,"column":32}},"loc":{"start":{"line":22,"column":71},"end":{"line":42,"column":1}},"line":22},"2":{"name":"(anonymous_2)","decl":{"start":{"line":25,"column":15},"end":{"line":25,"column":16}},"loc":{"start":{"line":25,"column":24},"end":{"line":39,"column":3}},"line":25},"3":{"name":"(anonymous_3)","decl":{"start":{"line":26,"column":22},"end":{"line":26,"column":23}},"loc":{"start":{"line":26,"column":32},"end":{"line":38,"column":5}},"line":26}},"branchMap":{"0":{"loc":{"start":{"line":31,"column":6},"end":{"line":37,"column":7}},"type":"if","locations":[{"start":{"line":31,"column":6},"end":{"line":37,"column":7}},{"start":{"line":31,"column":6},"end":{"line":37,"column":7}}],"line":31}},"s":{"0":8,"1":8,"2":8,"3":7,"4":7,"5":101,"6":301,"7":301,"8":301,"9":4,"10":4,"11":4,"12":7,"13":4},"f":{"0":8,"1":7,"2":101,"3":301},"b":{"0":[4,297]},"_coverageSchema":"43e27e138ebf9cfc5966b082cf9a028302ed4184","hash":"df1f59b5046f06605747a16d9b42cef24dc8265a"}
,"/Users/a58/Documents/项目/wto/wto/src/scope/scope-id.js": {"path":"/Users/a58/Documents/项目/wto/wto/src/scope/scope-id.js","statementMap":{"0":{"start":{"line":1,"column":16},"end":{"line":1,"column":34}},"1":{"start":{"line":2,"column":23},"end":{"line":2,"column":57}},"2":{"start":{"line":4,"column":0},"end":{"line":32,"column":3}},"3":{"start":{"line":5,"column":2},"end":{"line":31,"column":4}},"4":{"start":{"line":6,"column":4},"end":{"line":30,"column":7}},"5":{"start":{"line":7,"column":6},"end":{"line":13,"column":7}},"6":{"start":{"line":9,"column":8},"end":{"line":11,"column":9}},"7":{"start":{"line":10,"column":10},"end":{"line":10,"column":37}},"8":{"start":{"line":12,"column":8},"end":{"line":12,"column":15}},"9":{"start":{"line":15,"column":6},"end":{"line":29,"column":39}},"10":{"start":{"line":16,"column":8},"end":{"line":28,"column":11}},"11":{"start":{"line":17,"column":23},"end":{"line":17,"column":27}},"12":{"start":{"line":19,"column":10},"end":{"line":23,"column":13}},"13":{"start":{"line":20,"column":12},"end":{"line":22,"column":13}},"14":{"start":{"line":21,"column":14},"end":{"line":21,"column":25}},"15":{"start":{"line":25,"column":10},"end":{"line":27,"column":14}}},"fnMap":{"0":{"name":"(anonymous_0)","decl":{"start":{"line":4,"column":42},"end":{"line":4,"column":43}},"loc":{"start":{"line":4,"column":50},"end":{"line":32,"column":1}},"line":4},"1":{"name":"(anonymous_1)","decl":{"start":{"line":5,"column":9},"end":{"line":5,"column":10}},"loc":{"start":{"line":5,"column":25},"end":{"line":31,"column":3}},"line":5},"2":{"name":"rewriteSelector","decl":{"start":{"line":6,"column":23},"end":{"line":6,"column":38}},"loc":{"start":{"line":6,"column":46},"end":{"line":30,"column":5}},"line":6},"3":{"name":"(anonymous_3)","decl":{"start":{"line":15,"column":37},"end":{"line":15,"column":38}},"loc":{"start":{"line":15,"column":52},"end":{"line":29,"column":7}},"line":15},"4":{"name":"(anonymous_4)","decl":{"start":{"line":16,"column":23},"end":{"line":16,"column":24}},"loc":{"start":{"line":16,"column":37},"end":{"line":28,"column":9}},"line":16},"5":{"name":"(anonymous_5)","decl":{"start":{"line":19,"column":24},"end":{"line":19,"column":25}},"loc":{"start":{"line":19,"column":31},"end":{"line":23,"column":11}},"line":19}},"branchMap":{"0":{"loc":{"start":{"line":7,"column":6},"end":{"line":13,"column":7}},"type":"if","locations":[{"start":{"line":7,"column":6},"end":{"line":13,"column":7}},{"start":{"line":7,"column":6},"end":{"line":13,"column":7}}],"line":7},"1":{"loc":{"start":{"line":9,"column":8},"end":{"line":11,"column":9}},"type":"if","locations":[{"start":{"line":9,"column":8},"end":{"line":11,"column":9}},{"start":{"line":9,"column":8},"end":{"line":11,"column":9}}],"line":9},"2":{"loc":{"start":{"line":9,"column":12},"end":{"line":9,"column":59}},"type":"binary-expr","locations":[{"start":{"line":9,"column":12},"end":{"line":9,"column":34}},{"start":{"line":9,"column":38},"end":{"line":9,"column":59}}],"line":9},"3":{"loc":{"start":{"line":20,"column":12},"end":{"line":22,"column":13}},"type":"if","locations":[{"start":{"line":20,"column":12},"end":{"line":22,"column":13}},{"start":{"line":20,"column":12},"end":{"line":22,"column":13}}],"line":20}},"s":{"0":2,"1":2,"2":2,"3":2,"4":0,"5":0,"6":0,"7":0,"8":0,"9":0,"10":0,"11":0,"12":0,"13":0,"14":0,"15":0},"f":{"0":2,"1":0,"2":0,"3":0,"4":0,"5":0},"b":{"0":[0,0],"1":[0,0],"2":[0,0],"3":[0,0]},"_coverageSchema":"43e27e138ebf9cfc5966b082cf9a028302ed4184","hash":"9e4955913741b4e165307aac88c0fb707b8efe5b"}
,"/Users/a58/Documents/项目/wto/wto/src/scope/scope-style.js": {"path":"/Users/a58/Documents/项目/wto/wto/src/scope/scope-style.js","statementMap":{"0":{"start":{"line":1,"column":16},"end":{"line":1,"column":34}},"1":{"start":{"line":2,"column":16},"end":{"line":2,"column":37}},"2":{"start":{"line":10,"column":0},"end":{"line":20,"column":2}},"3":{"start":{"line":13,"column":2},"end":{"line":19,"column":7}},"4":{"start":{"line":16,"column":6},"end":{"line":16,"column":24}},"5":{"start":{"line":18,"column":6},"end":{"line":18,"column":15}}},"fnMap":{"0":{"name":"(anonymous_0)","decl":{"start":{"line":10,"column":17},"end":{"line":10,"column":18}},"loc":{"start":{"line":10,"column":40},"end":{"line":20,"column":1}},"line":10},"1":{"name":"(anonymous_1)","decl":{"start":{"line":15,"column":10},"end":{"line":15,"column":11}},"loc":{"start":{"line":15,"column":22},"end":{"line":17,"column":5}},"line":15},"2":{"name":"(anonymous_2)","decl":{"start":{"line":17,"column":13},"end":{"line":17,"column":14}},"loc":{"start":{"line":17,"column":20},"end":{"line":19,"column":5}},"line":17}},"branchMap":{},"s":{"0":1,"1":1,"2":1,"3":1,"4":0,"5":1},"f":{"0":1,"1":0,"2":1},"b":{},"_coverageSchema":"43e27e138ebf9cfc5966b082cf9a028302ed4184","hash":"4bad679bf4146f2a97080a711e0eeaae7cd86227"}
,"/Users/a58/Documents/项目/wto/wto/src/scope/scope-template.js": {"path":"/Users/a58/Documents/项目/wto/wto/src/scope/scope-template.js","statementMap":{"0":{"start":{"line":1,"column":0},"end":{"line":13,"column":2}},"1":{"start":{"line":2,"column":2},"end":{"line":12,"column":3}},"2":{"start":{"line":3,"column":4},"end":{"line":11,"column":7}},"3":{"start":{"line":4,"column":6},"end":{"line":10,"column":7}},"4":{"start":{"line":7,"column":20},"end":{"line":7,"column":47}},"5":{"start":{"line":8,"column":8},"end":{"line":8,"column":67}},"6":{"start":{"line":9,"column":8},"end":{"line":9,"column":34}}},"fnMap":{"0":{"name":"walkNode","decl":{"start":{"line":1,"column":26},"end":{"line":1,"column":34}},"loc":{"start":{"line":1,"column":52},"end":{"line":13,"column":1}},"line":1},"1":{"name":"(anonymous_1)","decl":{"start":{"line":3,"column":49},"end":{"line":3,"column":50}},"loc":{"start":{"line":3,"column":60},"end":{"line":11,"column":5}},"line":3}},"branchMap":{"0":{"loc":{"start":{"line":2,"column":2},"end":{"line":12,"column":3}},"type":"if","locations":[{"start":{"line":2,"column":2},"end":{"line":12,"column":3}},{"start":{"line":2,"column":2},"end":{"line":12,"column":3}}],"line":2},"1":{"loc":{"start":{"line":3,"column":18},"end":{"line":3,"column":39}},"type":"binary-expr","locations":[{"start":{"line":3,"column":18},"end":{"line":3,"column":33}},{"start":{"line":3,"column":37},"end":{"line":3,"column":39}}],"line":3},"2":{"loc":{"start":{"line":4,"column":6},"end":{"line":10,"column":7}},"type":"if","locations":[{"start":{"line":4,"column":6},"end":{"line":10,"column":7}},{"start":{"line":4,"column":6},"end":{"line":10,"column":7}}],"line":4}},"s":{"0":1,"1":1,"2":0,"3":0,"4":0,"5":0,"6":0},"f":{"0":1,"1":0},"b":{"0":[0,1],"1":[0,0],"2":[0,0]},"_coverageSchema":"43e27e138ebf9cfc5966b082cf9a028302ed4184","hash":"63647c8adec427e5788a9a5de6de4575c1946997"}
,"/Users/a58/Documents/项目/wto/wto/src/utils/logger.js": {"path":"/Users/a58/Documents/项目/wto/wto/src/utils/logger.js","statementMap":{"0":{"start":{"line":1,"column":15},"end":{"line":1,"column":37}},"1":{"start":{"line":3,"column":0},"end":{"line":3,"column":22}},"2":{"start":{"line":4,"column":0},"end":{"line":15,"column":3}},"3":{"start":{"line":18,"column":2},"end":{"line":18,"column":41}},"4":{"start":{"line":22,"column":2},"end":{"line":22,"column":38}},"5":{"start":{"line":26,"column":2},"end":{"line":26,"column":40}},"6":{"start":{"line":30,"column":2},"end":{"line":30,"column":39}},"7":{"start":{"line":42,"column":2},"end":{"line":48,"column":14}},"8":{"start":{"line":51,"column":0},"end":{"line":57,"column":2}}},"fnMap":{"0":{"name":"warn","decl":{"start":{"line":17,"column":9},"end":{"line":17,"column":13}},"loc":{"start":{"line":17,"column":38},"end":{"line":19,"column":1}},"line":17},"1":{"name":"error","decl":{"start":{"line":21,"column":9},"end":{"line":21,"column":14}},"loc":{"start":{"line":21,"column":40},"end":{"line":23,"column":1}},"line":21},"2":{"name":"success","decl":{"start":{"line":25,"column":9},"end":{"line":25,"column":16}},"loc":{"start":{"line":25,"column":42},"end":{"line":27,"column":1}},"line":25},"3":{"name":"info","decl":{"start":{"line":29,"column":9},"end":{"line":29,"column":13}},"loc":{"start":{"line":29,"column":36},"end":{"line":31,"column":1}},"line":29},"4":{"name":"lintWarning","decl":{"start":{"line":41,"column":9},"end":{"line":41,"column":20}},"loc":{"start":{"line":41,"column":59},"end":{"line":49,"column":1}},"line":41}},"branchMap":{"0":{"loc":{"start":{"line":17,"column":19},"end":{"line":17,"column":36}},"type":"default-arg","locations":[{"start":{"line":17,"column":25},"end":{"line":17,"column":36}}],"line":17},"1":{"loc":{"start":{"line":21,"column":20},"end":{"line":21,"column":38}},"type":"default-arg","locations":[{"start":{"line":21,"column":26},"end":{"line":21,"column":38}}],"line":21},"2":{"loc":{"start":{"line":25,"column":22},"end":{"line":25,"column":40}},"type":"default-arg","locations":[{"start":{"line":25,"column":28},"end":{"line":25,"column":40}}],"line":25},"3":{"loc":{"start":{"line":29,"column":19},"end":{"line":29,"column":34}},"type":"default-arg","locations":[{"start":{"line":29,"column":25},"end":{"line":29,"column":34}}],"line":29}},"s":{"0":1,"1":1,"2":1,"3":2,"4":1,"5":1,"6":1,"7":1,"8":1},"f":{"0":2,"1":1,"2":1,"3":1,"4":1},"b":{"0":[1],"1":[0],"2":[0],"3":[0]},"_coverageSchema":"43e27e138ebf9cfc5966b082cf9a028302ed4184","hash":"92f8182f63efa63b7c5c8caccd1a98bcf3121b13"}
,"/Users/a58/Documents/项目/wto/wto/src/utils/utils.js": {"path":"/Users/a58/Documents/项目/wto/wto/src/utils/utils.js","statementMap":{"0":{"start":{"line":2,"column":16},"end":{"line":2,"column":35}},"1":{"start":{"line":3,"column":14},"end":{"line":3,"column":40}},"2":{"start":{"line":4,"column":2},"end":{"line":4,"column":32}},"3":{"start":{"line":7,"column":0},"end":{"line":9,"column":2}}},"fnMap":{"0":{"name":"calcLine","decl":{"start":{"line":1,"column":9},"end":{"line":1,"column":17}},"loc":{"start":{"line":1,"column":31},"end":{"line":5,"column":1}},"line":1}},"branchMap":{},"s":{"0":1,"1":1,"2":1,"3":1},"f":{"0":1},"b":{},"_coverageSchema":"43e27e138ebf9cfc5966b082cf9a028302ed4184","hash":"7311b24ba5b44ff196891ee137e4d8f65b79aebe"}
,"/Users/a58/Documents/项目/wto/wto/test/utils/utils.js": {"path":"/Users/a58/Documents/项目/wto/wto/test/utils/utils.js","statementMap":{"0":{"start":{"line":5,"column":2},"end":{"line":21,"column":4}},"1":{"start":{"line":6,"column":17},"end":{"line":6,"column":21}},"2":{"start":{"line":8,"column":6},"end":{"line":20,"column":8}},"3":{"start":{"line":11,"column":14},"end":{"line":11,"column":24}},"4":{"start":{"line":14,"column":14},"end":{"line":14,"column":24}},"5":{"start":{"line":17,"column":14},"end":{"line":17,"column":38}},"6":{"start":{"line":18,"column":14},"end":{"line":18,"column":26}},"7":{"start":{"line":24,"column":0},"end":{"line":26,"column":1}}},"fnMap":{"0":{"name":"wa","decl":{"start":{"line":4,"column":9},"end":{"line":4,"column":11}},"loc":{"start":{"line":4,"column":29},"end":{"line":22,"column":1}},"line":4},"1":{"name":"(anonymous_1)","decl":{"start":{"line":5,"column":21},"end":{"line":5,"column":22}},"loc":{"start":{"line":5,"column":42},"end":{"line":21,"column":3}},"line":5},"2":{"name":"(anonymous_2)","decl":{"start":{"line":10,"column":10},"end":{"line":10,"column":11}},"loc":{"start":{"line":10,"column":23},"end":{"line":12,"column":11}},"line":10},"3":{"name":"(anonymous_3)","decl":{"start":{"line":13,"column":10},"end":{"line":13,"column":11}},"loc":{"start":{"line":13,"column":20},"end":{"line":15,"column":11}},"line":13},"4":{"name":"(anonymous_4)","decl":{"start":{"line":16,"column":10},"end":{"line":16,"column":11}},"loc":{"start":{"line":16,"column":24},"end":{"line":19,"column":11}},"line":16}},"branchMap":{"0":{"loc":{"start":{"line":4,"column":18},"end":{"line":4,"column":27}},"type":"default-arg","locations":[{"start":{"line":4,"column":25},"end":{"line":4,"column":27}}],"line":4}},"s":{"0":48,"1":48,"2":48,"3":48,"4":0,"5":48,"6":48,"7":9},"f":{"0":48,"1":48,"2":48,"3":0,"4":48},"b":{"0":[39]},"_coverageSchema":"43e27e138ebf9cfc5966b082cf9a028302ed4184","hash":"cd87d790f5b45b7823e66473aa45f3162ea29552"}
}
