{"/Users/a58/Documents/项目/wto/wto/src/config.js": {"path":"/Users/a58/Documents/项目/wto/wto/src/config.js","statementMap":{"0":{"start":{"line":1,"column":0},"end":{"line":16,"column":2}},"1":{"start":{"line":8,"column":4},"end":{"line":14,"column":6}}},"fnMap":{"0":{"name":"(anonymous_0)","decl":{"start":{"line":7,"column":2},"end":{"line":7,"column":3}},"loc":{"start":{"line":7,"column":21},"end":{"line":15,"column":3}},"line":7}},"branchMap":{},"s":{"0":2,"1":1},"f":{"0":1},"b":{},"_coverageSchema":"43e27e138ebf9cfc5966b082cf9a028302ed4184","hash":"18d829dc31825df631a49059f6c577dfbe3b6b3d"}
,"/Users/a58/Documents/项目/wto/wto/src/converter/lib/index.js": {"path":"/Users/a58/Documents/项目/wto/wto/src/converter/lib/index.js","statementMap":{"0":{"start":{"line":1,"column":12},"end":{"line":1,"column":36}},"1":{"start":{"line":1,"column":45},"end":{"line":1,"column":71}},"2":{"start":{"line":1,"column":80},"end":{"line":1,"column":106}},"3":{"start":{"line":1,"column":107},"end":{"line":1,"column":168}}},"fnMap":{},"branchMap":{},"s":{"0":1,"1":1,"2":1,"3":1},"f":{},"b":{},"_coverageSchema":"43e27e138ebf9cfc5966b082cf9a028302ed4184","hash":"f40bb5db80ff4ed8646f57528227974f1e23a1ba"}
,"/Users/a58/Documents/项目/wto/wto/src/converter/lib/alibaba/index.js": {"path":"/Users/a58/Documents/项目/wto/wto/src/converter/lib/alibaba/index.js","statementMap":{"0":{"start":{"line":1,"column":18},"end":{"line":1,"column":35}},"1":{"start":{"line":1,"column":48},"end":{"line":1,"column":65}},"2":{"start":{"line":1,"column":78},"end":{"line":1,"column":95}},"3":{"start":{"line":1,"column":110},"end":{"line":1,"column":129}},"4":{"start":{"line":1,"column":130},"end":{"line":1,"column":219}}},"fnMap":{},"branchMap":{},"s":{"0":1,"1":1,"2":1,"3":1,"4":1},"f":{},"b":{},"_coverageSchema":"43e27e138ebf9cfc5966b082cf9a028302ed4184","hash":"9135048b3c2712ce4053e9e91b4656035d3a8ae1"}
,"/Users/a58/Documents/项目/wto/wto/src/converter/lib/alibaba/json.js": {"path":"/Users/a58/Documents/项目/wto/wto/src/converter/lib/alibaba/json.js","statementMap":{"0":{"start":{"line":1,"column":20},"end":{"line":1,"column":481}},"1":{"start":{"line":1,"column":57},"end":{"line":1,"column":239}},"2":{"start":{"line":1,"column":278},"end":{"line":1,"column":377}},"3":{"start":{"line":1,"column":310},"end":{"line":1,"column":376}},"4":{"start":{"line":1,"column":344},"end":{"line":1,"column":374}},"5":{"start":{"line":1,"column":416},"end":{"line":1,"column":480}},"6":{"start":{"line":1,"column":450},"end":{"line":1,"column":479}},"7":{"start":{"line":1,"column":482},"end":{"line":1,"column":505}}},"fnMap":{"0":{"name":"convert","decl":{"start":{"line":1,"column":9},"end":{"line":1,"column":16}},"loc":{"start":{"line":1,"column":19},"end":{"line":1,"column":482}},"line":1},"1":{"name":"(anonymous_1)","decl":{"start":{"line":1,"column":54},"end":{"line":1,"column":55}},"loc":{"start":{"line":1,"column":57},"end":{"line":1,"column":239}},"line":1},"2":{"name":"(anonymous_2)","decl":{"start":{"line":1,"column":275},"end":{"line":1,"column":276}},"loc":{"start":{"line":1,"column":278},"end":{"line":1,"column":377}},"line":1},"3":{"name":"(anonymous_3)","decl":{"start":{"line":1,"column":303},"end":{"line":1,"column":304}},"loc":{"start":{"line":1,"column":310},"end":{"line":1,"column":376}},"line":1},"4":{"name":"(anonymous_4)","decl":{"start":{"line":1,"column":341},"end":{"line":1,"column":342}},"loc":{"start":{"line":1,"column":344},"end":{"line":1,"column":374}},"line":1},"5":{"name":"(anonymous_5)","decl":{"start":{"line":1,"column":413},"end":{"line":1,"column":414}},"loc":{"start":{"line":1,"column":416},"end":{"line":1,"column":480}},"line":1},"6":{"name":"(anonymous_6)","decl":{"start":{"line":1,"column":443},"end":{"line":1,"column":444}},"loc":{"start":{"line":1,"column":450},"end":{"line":1,"column":479}},"line":1}},"branchMap":{},"s":{"0":1,"1":1,"2":1,"3":2,"4":2,"5":1,"6":0,"7":2},"f":{"0":1,"1":1,"2":1,"3":2,"4":2,"5":1,"6":0},"b":{},"_coverageSchema":"43e27e138ebf9cfc5966b082cf9a028302ed4184","hash":"57943dc893d339df85e225106daeac9f38f4316f"}
,"/Users/a58/Documents/项目/wto/wto/src/converter/lib/alibaba/script.js": {"path":"/Users/a58/Documents/项目/wto/wto/src/converter/lib/alibaba/script.js","statementMap":{"0":{"start":{"line":1,"column":13},"end":{"line":1,"column":30}},"1":{"start":{"line":1,"column":46},"end":{"line":1,"column":81}},"2":{"start":{"line":1,"column":92},"end":{"line":1,"column":126}},"3":{"start":{"line":1,"column":150},"end":{"line":1,"column":220}},"4":{"start":{"line":1,"column":252},"end":{"line":1,"column":4207}},"5":{"start":{"line":1,"column":345},"end":{"line":1,"column":384}},"6":{"start":{"line":1,"column":527},"end":{"line":1,"column":560}},"7":{"start":{"line":1,"column":649},"end":{"line":1,"column":662}},"8":{"start":{"line":1,"column":739},"end":{"line":1,"column":752}},"9":{"start":{"line":1,"column":838},"end":{"line":1,"column":851}},"10":{"start":{"line":1,"column":902},"end":{"line":1,"column":933}},"11":{"start":{"line":1,"column":962},"end":{"line":1,"column":995}},"12":{"start":{"line":1,"column":1043},"end":{"line":1,"column":1205}},"13":{"start":{"line":1,"column":1233},"end":{"line":1,"column":1277}},"14":{"start":{"line":1,"column":1264},"end":{"line":1,"column":1277}},"15":{"start":{"line":1,"column":1299},"end":{"line":1,"column":1340}},"16":{"start":{"line":1,"column":1355},"end":{"line":1,"column":1461}},"17":{"start":{"line":1,"column":1400},"end":{"line":1,"column":1418}},"18":{"start":{"line":1,"column":1419},"end":{"line":1,"column":1447}},"19":{"start":{"line":1,"column":1470},"end":{"line":1,"column":1510}},"20":{"start":{"line":1,"column":1511},"end":{"line":1,"column":1674}},"21":{"start":{"line":1,"column":1686},"end":{"line":1,"column":1727}},"22":{"start":{"line":1,"column":1728},"end":{"line":1,"column":1751}},"23":{"start":{"line":1,"column":1738},"end":{"line":1,"column":1751}},"24":{"start":{"line":1,"column":1761},"end":{"line":1,"column":1782}},"25":{"start":{"line":1,"column":1787},"end":{"line":1,"column":1803}},"26":{"start":{"line":1,"column":1808},"end":{"line":1,"column":1839}},"27":{"start":{"line":1,"column":1848},"end":{"line":1,"column":1850}},"28":{"start":{"line":1,"column":1867},"end":{"line":1,"column":1871}},"29":{"start":{"line":1,"column":1885},"end":{"line":1,"column":1932}},"30":{"start":{"line":1,"column":1933},"end":{"line":1,"column":2085}},"31":{"start":{"line":1,"column":1943},"end":{"line":1,"column":1944}},"32":{"start":{"line":1,"column":1974},"end":{"line":1,"column":1983}},"33":{"start":{"line":1,"column":1990},"end":{"line":1,"column":2019}},"34":{"start":{"line":1,"column":2020},"end":{"line":1,"column":2084}},"35":{"start":{"line":1,"column":2085},"end":{"line":1,"column":2414}},"36":{"start":{"line":1,"column":2116},"end":{"line":1,"column":2411}},"37":{"start":{"line":1,"column":2149},"end":{"line":1,"column":2157}},"38":{"start":{"line":1,"column":2158},"end":{"line":1,"column":2410}},"39":{"start":{"line":1,"column":2429},"end":{"line":1,"column":2731}},"40":{"start":{"line":1,"column":2743},"end":{"line":1,"column":2847}},"41":{"start":{"line":1,"column":2858},"end":{"line":1,"column":3603}},"42":{"start":{"line":1,"column":3615},"end":{"line":1,"column":3655}},"43":{"start":{"line":1,"column":3666},"end":{"line":1,"column":3780}},"44":{"start":{"line":1,"column":3790},"end":{"line":1,"column":3847}},"45":{"start":{"line":1,"column":3848},"end":{"line":1,"column":3972}},"46":{"start":{"line":1,"column":4013},"end":{"line":1,"column":4206}},"47":{"start":{"line":1,"column":4052},"end":{"line":1,"column":4205}},"48":{"start":{"line":1,"column":4208},"end":{"line":1,"column":4231}}},"fnMap":{"0":{"name":"defQuery","decl":{"start":{"line":1,"column":136},"end":{"line":1,"column":144}},"loc":{"start":{"line":1,"column":149},"end":{"line":1,"column":221}},"line":1},"1":{"name":"convert","decl":{"start":{"line":1,"column":230},"end":{"line":1,"column":237}},"loc":{"start":{"line":1,"column":251},"end":{"line":1,"column":4208}},"line":1},"2":{"name":"(anonymous_2)","decl":{"start":{"line":1,"column":338},"end":{"line":1,"column":339}},"loc":{"start":{"line":1,"column":345},"end":{"line":1,"column":384}},"line":1},"3":{"name":"(anonymous_3)","decl":{"start":{"line":1,"column":524},"end":{"line":1,"column":525}},"loc":{"start":{"line":1,"column":527},"end":{"line":1,"column":560}},"line":1},"4":{"name":"(anonymous_4)","decl":{"start":{"line":1,"column":640},"end":{"line":1,"column":641}},"loc":{"start":{"line":1,"column":649},"end":{"line":1,"column":662}},"line":1},"5":{"name":"(anonymous_5)","decl":{"start":{"line":1,"column":730},"end":{"line":1,"column":731}},"loc":{"start":{"line":1,"column":739},"end":{"line":1,"column":752}},"line":1},"6":{"name":"(anonymous_6)","decl":{"start":{"line":1,"column":829},"end":{"line":1,"column":830}},"loc":{"start":{"line":1,"column":838},"end":{"line":1,"column":851}},"line":1},"7":{"name":"(anonymous_7)","decl":{"start":{"line":1,"column":899},"end":{"line":1,"column":900}},"loc":{"start":{"line":1,"column":902},"end":{"line":1,"column":933}},"line":1},"8":{"name":"(anonymous_8)","decl":{"start":{"line":1,"column":959},"end":{"line":1,"column":960}},"loc":{"start":{"line":1,"column":962},"end":{"line":1,"column":995}},"line":1},"9":{"name":"(anonymous_9)","decl":{"start":{"line":1,"column":1040},"end":{"line":1,"column":1041}},"loc":{"start":{"line":1,"column":1043},"end":{"line":1,"column":1205}},"line":1},"10":{"name":"(anonymous_10)","decl":{"start":{"line":1,"column":1225},"end":{"line":1,"column":1226}},"loc":{"start":{"line":1,"column":1232},"end":{"line":1,"column":3973}},"line":1},"11":{"name":"(anonymous_11)","decl":{"start":{"line":1,"column":1375},"end":{"line":1,"column":1376}},"loc":{"start":{"line":1,"column":1378},"end":{"line":1,"column":1448}},"line":1},"12":{"name":"(anonymous_12)","decl":{"start":{"line":1,"column":2077},"end":{"line":1,"column":2078}},"loc":{"start":{"line":1,"column":2081},"end":{"line":1,"column":2083}},"line":1},"13":{"name":"(anonymous_13)","decl":{"start":{"line":1,"column":2110},"end":{"line":1,"column":2111}},"loc":{"start":{"line":1,"column":2115},"end":{"line":1,"column":2412}},"line":1},"14":{"name":"(anonymous_14)","decl":{"start":{"line":1,"column":4010},"end":{"line":1,"column":4011}},"loc":{"start":{"line":1,"column":4013},"end":{"line":1,"column":4206}},"line":1},"15":{"name":"(anonymous_15)","decl":{"start":{"line":1,"column":4045},"end":{"line":1,"column":4046}},"loc":{"start":{"line":1,"column":4052},"end":{"line":1,"column":4205}},"line":1}},"branchMap":{"0":{"loc":{"start":{"line":1,"column":360},"end":{"line":1,"column":373}},"type":"cond-expr","locations":[{"start":{"line":1,"column":366},"end":{"line":1,"column":368}},{"start":{"line":1,"column":369},"end":{"line":1,"column":373}}],"line":1},"1":{"loc":{"start":{"line":1,"column":1233},"end":{"line":1,"column":1277}},"type":"if","locations":[{"start":{"line":1,"column":1233},"end":{"line":1,"column":1277}},{"start":{"line":1,"column":1233},"end":{"line":1,"column":1277}}],"line":1},"2":{"loc":{"start":{"line":1,"column":1438},"end":{"line":1,"column":1445}},"type":"binary-expr","locations":[{"start":{"line":1,"column":1438},"end":{"line":1,"column":1439}},{"start":{"line":1,"column":1441},"end":{"line":1,"column":1445}}],"line":1},"3":{"loc":{"start":{"line":1,"column":1471},"end":{"line":1,"column":1506}},"type":"binary-expr","locations":[{"start":{"line":1,"column":1471},"end":{"line":1,"column":1502}},{"start":{"line":1,"column":1504},"end":{"line":1,"column":1506}}],"line":1},"4":{"loc":{"start":{"line":1,"column":1517},"end":{"line":1,"column":1673}},"type":"cond-expr","locations":[{"start":{"line":1,"column":1525},"end":{"line":1,"column":1584}},{"start":{"line":1,"column":1585},"end":{"line":1,"column":1673}}],"line":1},"5":{"loc":{"start":{"line":1,"column":1686},"end":{"line":1,"column":1727}},"type":"binary-expr","locations":[{"start":{"line":1,"column":1686},"end":{"line":1,"column":1723}},{"start":{"line":1,"column":1725},"end":{"line":1,"column":1727}}],"line":1},"6":{"loc":{"start":{"line":1,"column":1687},"end":{"line":1,"column":1719}},"type":"binary-expr","locations":[{"start":{"line":1,"column":1687},"end":{"line":1,"column":1715}},{"start":{"line":1,"column":1717},"end":{"line":1,"column":1719}}],"line":1},"7":{"loc":{"start":{"line":1,"column":1728},"end":{"line":1,"column":1751}},"type":"if","locations":[{"start":{"line":1,"column":1728},"end":{"line":1,"column":1751}},{"start":{"line":1,"column":1728},"end":{"line":1,"column":1751}}],"line":1},"8":{"loc":{"start":{"line":1,"column":1885},"end":{"line":1,"column":1932}},"type":"binary-expr","locations":[{"start":{"line":1,"column":1885},"end":{"line":1,"column":1928}},{"start":{"line":1,"column":1930},"end":{"line":1,"column":1932}}],"line":1},"9":{"loc":{"start":{"line":1,"column":2116},"end":{"line":1,"column":2411}},"type":"if","locations":[{"start":{"line":1,"column":2116},"end":{"line":1,"column":2411}},{"start":{"line":1,"column":2116},"end":{"line":1,"column":2411}}],"line":1},"10":{"loc":{"start":{"line":1,"column":2182},"end":{"line":1,"column":2410}},"type":"binary-expr","locations":[{"start":{"line":1,"column":2182},"end":{"line":1,"column":2195}},{"start":{"line":1,"column":2198},"end":{"line":1,"column":2409}}],"line":1},"11":{"loc":{"start":{"line":1,"column":2210},"end":{"line":1,"column":2225}},"type":"binary-expr","locations":[{"start":{"line":1,"column":2210},"end":{"line":1,"column":2221}},{"start":{"line":1,"column":2223},"end":{"line":1,"column":2225}}],"line":1},"12":{"loc":{"start":{"line":1,"column":2226},"end":{"line":1,"column":2409}},"type":"cond-expr","locations":[{"start":{"line":1,"column":2259},"end":{"line":1,"column":2289}},{"start":{"line":1,"column":2290},"end":{"line":1,"column":2409}}],"line":1}},"s":{"0":2,"1":2,"2":2,"3":1,"4":1,"5":0,"6":1,"7":0,"8":1,"9":0,"10":0,"11":1,"12":0,"13":1,"14":1,"15":0,"16":0,"17":0,"18":0,"19":0,"20":0,"21":0,"22":0,"23":0,"24":0,"25":0,"26":0,"27":0,"28":0,"29":0,"30":0,"31":0,"32":0,"33":0,"34":0,"35":0,"36":0,"37":0,"38":0,"39":0,"40":0,"41":0,"42":0,"43":0,"44":0,"45":0,"46":1,"47":0,"48":2},"f":{"0":1,"1":1,"2":0,"3":1,"4":0,"5":1,"6":0,"7":0,"8":1,"9":0,"10":1,"11":0,"12":0,"13":0,"14":1,"15":0},"b":{"0":[0,0],"1":[1,0],"2":[0,0],"3":[0,0],"4":[0,0],"5":[0,0],"6":[0,0],"7":[0,0],"8":[0,0],"9":[0,0],"10":[0,0],"11":[0,0],"12":[0,0]},"_coverageSchema":"43e27e138ebf9cfc5966b082cf9a028302ed4184","hash":"cc464b83576072f83d64192885806fc05e1c7b49"}
,"/Users/a58/Documents/项目/wto/wto/src/converter/lib/alibaba/wxml.js": {"path":"/Users/a58/Documents/项目/wto/wto/src/converter/lib/alibaba/wxml.js","statementMap":{"0":{"start":{"line":1,"column":22},"end":{"line":1,"column":1468}},"1":{"start":{"line":1,"column":179},"end":{"line":1,"column":212}},"2":{"start":{"line":1,"column":261},"end":{"line":1,"column":278}},"3":{"start":{"line":1,"column":307},"end":{"line":1,"column":328}},"4":{"start":{"line":1,"column":375},"end":{"line":1,"column":410}},"5":{"start":{"line":1,"column":454},"end":{"line":1,"column":484}},"6":{"start":{"line":1,"column":508},"end":{"line":1,"column":565}},"7":{"start":{"line":1,"column":534},"end":{"line":1,"column":564}},"8":{"start":{"line":1,"column":610},"end":{"line":1,"column":639}},"9":{"start":{"line":1,"column":664},"end":{"line":1,"column":681}},"10":{"start":{"line":1,"column":716},"end":{"line":1,"column":879}},"11":{"start":{"line":1,"column":847},"end":{"line":1,"column":878}},"12":{"start":{"line":1,"column":934},"end":{"line":1,"column":992}},"13":{"start":{"line":1,"column":1028},"end":{"line":1,"column":1129}},"14":{"start":{"line":1,"column":1094},"end":{"line":1,"column":1128}},"15":{"start":{"line":1,"column":1194},"end":{"line":1,"column":1250}},"16":{"start":{"line":1,"column":1227},"end":{"line":1,"column":1248}},"17":{"start":{"line":1,"column":1313},"end":{"line":1,"column":1369}},"18":{"start":{"line":1,"column":1346},"end":{"line":1,"column":1367}},"19":{"start":{"line":1,"column":1427},"end":{"line":1,"column":1467}},"20":{"start":{"line":1,"column":1469},"end":{"line":1,"column":1492}}},"fnMap":{"0":{"name":"convert","decl":{"start":{"line":1,"column":9},"end":{"line":1,"column":16}},"loc":{"start":{"line":1,"column":21},"end":{"line":1,"column":1469}},"line":1},"1":{"name":"(anonymous_1)","decl":{"start":{"line":1,"column":176},"end":{"line":1,"column":177}},"loc":{"start":{"line":1,"column":179},"end":{"line":1,"column":212}},"line":1},"2":{"name":"(anonymous_2)","decl":{"start":{"line":1,"column":254},"end":{"line":1,"column":255}},"loc":{"start":{"line":1,"column":261},"end":{"line":1,"column":278}},"line":1},"3":{"name":"(anonymous_3)","decl":{"start":{"line":1,"column":304},"end":{"line":1,"column":305}},"loc":{"start":{"line":1,"column":307},"end":{"line":1,"column":328}},"line":1},"4":{"name":"(anonymous_4)","decl":{"start":{"line":1,"column":372},"end":{"line":1,"column":373}},"loc":{"start":{"line":1,"column":375},"end":{"line":1,"column":410}},"line":1},"5":{"name":"(anonymous_5)","decl":{"start":{"line":1,"column":447},"end":{"line":1,"column":448}},"loc":{"start":{"line":1,"column":454},"end":{"line":1,"column":484}},"line":1},"6":{"name":"(anonymous_6)","decl":{"start":{"line":1,"column":505},"end":{"line":1,"column":506}},"loc":{"start":{"line":1,"column":508},"end":{"line":1,"column":565}},"line":1},"7":{"name":"(anonymous_7)","decl":{"start":{"line":1,"column":531},"end":{"line":1,"column":532}},"loc":{"start":{"line":1,"column":534},"end":{"line":1,"column":564}},"line":1},"8":{"name":"(anonymous_8)","decl":{"start":{"line":1,"column":603},"end":{"line":1,"column":604}},"loc":{"start":{"line":1,"column":610},"end":{"line":1,"column":639}},"line":1},"9":{"name":"(anonymous_9)","decl":{"start":{"line":1,"column":661},"end":{"line":1,"column":662}},"loc":{"start":{"line":1,"column":664},"end":{"line":1,"column":681}},"line":1},"10":{"name":"(anonymous_10)","decl":{"start":{"line":1,"column":713},"end":{"line":1,"column":714}},"loc":{"start":{"line":1,"column":716},"end":{"line":1,"column":879}},"line":1},"11":{"name":"(anonymous_11)","decl":{"start":{"line":1,"column":840},"end":{"line":1,"column":841}},"loc":{"start":{"line":1,"column":847},"end":{"line":1,"column":878}},"line":1},"12":{"name":"(anonymous_12)","decl":{"start":{"line":1,"column":927},"end":{"line":1,"column":928}},"loc":{"start":{"line":1,"column":934},"end":{"line":1,"column":992}},"line":1},"13":{"name":"(anonymous_13)","decl":{"start":{"line":1,"column":1025},"end":{"line":1,"column":1026}},"loc":{"start":{"line":1,"column":1028},"end":{"line":1,"column":1129}},"line":1},"14":{"name":"(anonymous_14)","decl":{"start":{"line":1,"column":1087},"end":{"line":1,"column":1088}},"loc":{"start":{"line":1,"column":1094},"end":{"line":1,"column":1128}},"line":1},"15":{"name":"(anonymous_15)","decl":{"start":{"line":1,"column":1187},"end":{"line":1,"column":1188}},"loc":{"start":{"line":1,"column":1194},"end":{"line":1,"column":1250}},"line":1},"16":{"name":"(anonymous_16)","decl":{"start":{"line":1,"column":1224},"end":{"line":1,"column":1225}},"loc":{"start":{"line":1,"column":1227},"end":{"line":1,"column":1248}},"line":1},"17":{"name":"(anonymous_17)","decl":{"start":{"line":1,"column":1306},"end":{"line":1,"column":1307}},"loc":{"start":{"line":1,"column":1313},"end":{"line":1,"column":1369}},"line":1},"18":{"name":"(anonymous_18)","decl":{"start":{"line":1,"column":1343},"end":{"line":1,"column":1344}},"loc":{"start":{"line":1,"column":1346},"end":{"line":1,"column":1367}},"line":1},"19":{"name":"(anonymous_19)","decl":{"start":{"line":1,"column":1420},"end":{"line":1,"column":1421}},"loc":{"start":{"line":1,"column":1427},"end":{"line":1,"column":1467}},"line":1}},"branchMap":{"0":{"loc":{"start":{"line":1,"column":508},"end":{"line":1,"column":565}},"type":"cond-expr","locations":[{"start":{"line":1,"column":510},"end":{"line":1,"column":511}},{"start":{"line":1,"column":512},"end":{"line":1,"column":565}}],"line":1}},"s":{"0":1,"1":1,"2":1,"3":0,"4":1,"5":0,"6":19,"7":0,"8":1,"9":1,"10":3,"11":3,"12":0,"13":2,"14":1,"15":1,"16":1,"17":1,"18":1,"19":1,"20":2},"f":{"0":1,"1":1,"2":1,"3":0,"4":1,"5":0,"6":19,"7":0,"8":1,"9":1,"10":3,"11":3,"12":0,"13":2,"14":1,"15":1,"16":1,"17":1,"18":1,"19":1},"b":{"0":[19,0]},"_coverageSchema":"43e27e138ebf9cfc5966b082cf9a028302ed4184","hash":"f9f07ce6be29db74e7a478093060fd89345eb0da"}
,"/Users/a58/Documents/项目/wto/wto/src/converter/lib/alibaba/wxss.js": {"path":"/Users/a58/Documents/项目/wto/wto/src/converter/lib/alibaba/wxss.js","statementMap":{"0":{"start":{"line":1,"column":20},"end":{"line":1,"column":62}},"1":{"start":{"line":1,"column":60},"end":{"line":1,"column":61}},"2":{"start":{"line":1,"column":63},"end":{"line":1,"column":86}}},"fnMap":{"0":{"name":"convert","decl":{"start":{"line":1,"column":9},"end":{"line":1,"column":16}},"loc":{"start":{"line":1,"column":19},"end":{"line":1,"column":63}},"line":1},"1":{"name":"(anonymous_1)","decl":{"start":{"line":1,"column":53},"end":{"line":1,"column":54}},"loc":{"start":{"line":1,"column":60},"end":{"line":1,"column":61}},"line":1}},"branchMap":{},"s":{"0":1,"1":0,"2":2},"f":{"0":1,"1":0},"b":{},"_coverageSchema":"43e27e138ebf9cfc5966b082cf9a028302ed4184","hash":"bdaeaa021cf7e65f1b477bd0c230c19459631b0e"}
,"/Users/a58/Documents/项目/wto/wto/src/converter/lib/baidu/index.js": {"path":"/Users/a58/Documents/项目/wto/wto/src/converter/lib/baidu/index.js","statementMap":{"0":{"start":{"line":1,"column":18},"end":{"line":1,"column":35}},"1":{"start":{"line":1,"column":48},"end":{"line":1,"column":65}},"2":{"start":{"line":1,"column":78},"end":{"line":1,"column":95}},"3":{"start":{"line":1,"column":110},"end":{"line":1,"column":129}},"4":{"start":{"line":1,"column":130},"end":{"line":1,"column":219}}},"fnMap":{},"branchMap":{},"s":{"0":1,"1":1,"2":1,"3":1,"4":1},"f":{},"b":{},"_coverageSchema":"43e27e138ebf9cfc5966b082cf9a028302ed4184","hash":"e4dd81098c7db94394330d9f79081ca92f61a9b6"}
,"/Users/a58/Documents/项目/wto/wto/src/converter/lib/baidu/json.js": {"path":"/Users/a58/Documents/项目/wto/wto/src/converter/lib/baidu/json.js","statementMap":{"0":{"start":{"line":1,"column":20},"end":{"line":1,"column":185}},"1":{"start":{"line":1,"column":77},"end":{"line":1,"column":183}},"2":{"start":{"line":1,"column":116},"end":{"line":1,"column":182}},"3":{"start":{"line":1,"column":150},"end":{"line":1,"column":180}},"4":{"start":{"line":1,"column":186},"end":{"line":1,"column":209}}},"fnMap":{"0":{"name":"convert","decl":{"start":{"line":1,"column":9},"end":{"line":1,"column":16}},"loc":{"start":{"line":1,"column":19},"end":{"line":1,"column":186}},"line":1},"1":{"name":"(anonymous_1)","decl":{"start":{"line":1,"column":63},"end":{"line":1,"column":64}},"loc":{"start":{"line":1,"column":76},"end":{"line":1,"column":184}},"line":1},"2":{"name":"(anonymous_2)","decl":{"start":{"line":1,"column":109},"end":{"line":1,"column":110}},"loc":{"start":{"line":1,"column":116},"end":{"line":1,"column":182}},"line":1},"3":{"name":"(anonymous_3)","decl":{"start":{"line":1,"column":147},"end":{"line":1,"column":148}},"loc":{"start":{"line":1,"column":150},"end":{"line":1,"column":180}},"line":1}},"branchMap":{},"s":{"0":1,"1":1,"2":2,"3":2,"4":2},"f":{"0":1,"1":1,"2":2,"3":2},"b":{},"_coverageSchema":"43e27e138ebf9cfc5966b082cf9a028302ed4184","hash":"f4bfa73c9be4131199b890b4b136cebcde8bea26"}
,"/Users/a58/Documents/项目/wto/wto/src/converter/lib/baidu/script.js": {"path":"/Users/a58/Documents/项目/wto/wto/src/converter/lib/baidu/script.js","statementMap":{"0":{"start":{"line":1,"column":20},"end":{"line":1,"column":266}},"1":{"start":{"line":1,"column":66},"end":{"line":1,"column":100}},"2":{"start":{"line":1,"column":267},"end":{"line":1,"column":290}}},"fnMap":{"0":{"name":"convert","decl":{"start":{"line":1,"column":9},"end":{"line":1,"column":16}},"loc":{"start":{"line":1,"column":19},"end":{"line":1,"column":267}},"line":1},"1":{"name":"(anonymous_1)","decl":{"start":{"line":1,"column":59},"end":{"line":1,"column":60}},"loc":{"start":{"line":1,"column":66},"end":{"line":1,"column":100}},"line":1}},"branchMap":{},"s":{"0":1,"1":1,"2":2},"f":{"0":1,"1":1},"b":{},"_coverageSchema":"43e27e138ebf9cfc5966b082cf9a028302ed4184","hash":"e195d618a740cd9ec08b1bb53c121689c4540ef4"}
,"/Users/a58/Documents/项目/wto/wto/src/converter/lib/baidu/wxml.js": {"path":"/Users/a58/Documents/项目/wto/wto/src/converter/lib/baidu/wxml.js","statementMap":{"0":{"start":{"line":1,"column":20},"end":{"line":1,"column":1530}},"1":{"start":{"line":1,"column":167},"end":{"line":1,"column":197}},"2":{"start":{"line":1,"column":189},"end":{"line":1,"column":196}},"3":{"start":{"line":1,"column":221},"end":{"line":1,"column":274}},"4":{"start":{"line":1,"column":243},"end":{"line":1,"column":273}},"5":{"start":{"line":1,"column":304},"end":{"line":1,"column":325}},"6":{"start":{"line":1,"column":352},"end":{"line":1,"column":405}},"7":{"start":{"line":1,"column":374},"end":{"line":1,"column":404}},"8":{"start":{"line":1,"column":450},"end":{"line":1,"column":479}},"9":{"start":{"line":1,"column":526},"end":{"line":1,"column":555}},"10":{"start":{"line":1,"column":612},"end":{"line":1,"column":669}},"11":{"start":{"line":1,"column":720},"end":{"line":1,"column":777}},"12":{"start":{"line":1,"column":829},"end":{"line":1,"column":886}},"13":{"start":{"line":1,"column":941},"end":{"line":1,"column":962}},"14":{"start":{"line":1,"column":997},"end":{"line":1,"column":1068}},"15":{"start":{"line":1,"column":1112},"end":{"line":1,"column":1146}},"16":{"start":{"line":1,"column":1133},"end":{"line":1,"column":1145}},"17":{"start":{"line":1,"column":1192},"end":{"line":1,"column":1260}},"18":{"start":{"line":1,"column":1303},"end":{"line":1,"column":1371}},"19":{"start":{"line":1,"column":1416},"end":{"line":1,"column":1440}},"20":{"start":{"line":1,"column":1502},"end":{"line":1,"column":1529}},"21":{"start":{"line":1,"column":1531},"end":{"line":1,"column":1554}}},"fnMap":{"0":{"name":"convert","decl":{"start":{"line":1,"column":9},"end":{"line":1,"column":16}},"loc":{"start":{"line":1,"column":19},"end":{"line":1,"column":1531}},"line":1},"1":{"name":"(anonymous_1)","decl":{"start":{"line":1,"column":164},"end":{"line":1,"column":165}},"loc":{"start":{"line":1,"column":167},"end":{"line":1,"column":197}},"line":1},"2":{"name":"(anonymous_2)","decl":{"start":{"line":1,"column":186},"end":{"line":1,"column":187}},"loc":{"start":{"line":1,"column":189},"end":{"line":1,"column":196}},"line":1},"3":{"name":"(anonymous_3)","decl":{"start":{"line":1,"column":218},"end":{"line":1,"column":219}},"loc":{"start":{"line":1,"column":221},"end":{"line":1,"column":274}},"line":1},"4":{"name":"(anonymous_4)","decl":{"start":{"line":1,"column":240},"end":{"line":1,"column":241}},"loc":{"start":{"line":1,"column":243},"end":{"line":1,"column":273}},"line":1},"5":{"name":"(anonymous_5)","decl":{"start":{"line":1,"column":301},"end":{"line":1,"column":302}},"loc":{"start":{"line":1,"column":304},"end":{"line":1,"column":325}},"line":1},"6":{"name":"(anonymous_6)","decl":{"start":{"line":1,"column":349},"end":{"line":1,"column":350}},"loc":{"start":{"line":1,"column":352},"end":{"line":1,"column":405}},"line":1},"7":{"name":"(anonymous_7)","decl":{"start":{"line":1,"column":371},"end":{"line":1,"column":372}},"loc":{"start":{"line":1,"column":374},"end":{"line":1,"column":404}},"line":1},"8":{"name":"(anonymous_8)","decl":{"start":{"line":1,"column":443},"end":{"line":1,"column":444}},"loc":{"start":{"line":1,"column":450},"end":{"line":1,"column":479}},"line":1},"9":{"name":"(anonymous_9)","decl":{"start":{"line":1,"column":519},"end":{"line":1,"column":520}},"loc":{"start":{"line":1,"column":526},"end":{"line":1,"column":555}},"line":1},"10":{"name":"(anonymous_10)","decl":{"start":{"line":1,"column":605},"end":{"line":1,"column":606}},"loc":{"start":{"line":1,"column":612},"end":{"line":1,"column":669}},"line":1},"11":{"name":"(anonymous_11)","decl":{"start":{"line":1,"column":713},"end":{"line":1,"column":714}},"loc":{"start":{"line":1,"column":720},"end":{"line":1,"column":777}},"line":1},"12":{"name":"(anonymous_12)","decl":{"start":{"line":1,"column":822},"end":{"line":1,"column":823}},"loc":{"start":{"line":1,"column":829},"end":{"line":1,"column":886}},"line":1},"13":{"name":"(anonymous_13)","decl":{"start":{"line":1,"column":934},"end":{"line":1,"column":935}},"loc":{"start":{"line":1,"column":941},"end":{"line":1,"column":962}},"line":1},"14":{"name":"(anonymous_14)","decl":{"start":{"line":1,"column":990},"end":{"line":1,"column":991}},"loc":{"start":{"line":1,"column":997},"end":{"line":1,"column":1068}},"line":1},"15":{"name":"(anonymous_15)","decl":{"start":{"line":1,"column":1109},"end":{"line":1,"column":1110}},"loc":{"start":{"line":1,"column":1112},"end":{"line":1,"column":1146}},"line":1},"16":{"name":"(anonymous_16)","decl":{"start":{"line":1,"column":1130},"end":{"line":1,"column":1131}},"loc":{"start":{"line":1,"column":1133},"end":{"line":1,"column":1145}},"line":1},"17":{"name":"(anonymous_17)","decl":{"start":{"line":1,"column":1185},"end":{"line":1,"column":1186}},"loc":{"start":{"line":1,"column":1192},"end":{"line":1,"column":1260}},"line":1},"18":{"name":"(anonymous_18)","decl":{"start":{"line":1,"column":1296},"end":{"line":1,"column":1297}},"loc":{"start":{"line":1,"column":1303},"end":{"line":1,"column":1371}},"line":1},"19":{"name":"(anonymous_19)","decl":{"start":{"line":1,"column":1409},"end":{"line":1,"column":1410}},"loc":{"start":{"line":1,"column":1416},"end":{"line":1,"column":1440}},"line":1},"20":{"name":"(anonymous_20)","decl":{"start":{"line":1,"column":1495},"end":{"line":1,"column":1496}},"loc":{"start":{"line":1,"column":1502},"end":{"line":1,"column":1529}},"line":1}},"branchMap":{"0":{"loc":{"start":{"line":1,"column":997},"end":{"line":1,"column":1068}},"type":"cond-expr","locations":[{"start":{"line":1,"column":1015},"end":{"line":1,"column":1016}},{"start":{"line":1,"column":1017},"end":{"line":1,"column":1068}}],"line":1}},"s":{"0":1,"1":1,"2":1,"3":13,"4":1,"5":1,"6":8,"7":0,"8":1,"9":0,"10":1,"11":1,"12":1,"13":1,"14":1,"15":0,"16":0,"17":0,"18":0,"19":1,"20":1,"21":2},"f":{"0":1,"1":1,"2":1,"3":13,"4":1,"5":1,"6":8,"7":0,"8":1,"9":0,"10":1,"11":1,"12":1,"13":1,"14":1,"15":0,"16":0,"17":0,"18":0,"19":1,"20":1},"b":{"0":[0,1]},"_coverageSchema":"43e27e138ebf9cfc5966b082cf9a028302ed4184","hash":"e121540271339eb31b2d520dad0baef25d00c035"}
,"/Users/a58/Documents/项目/wto/wto/src/converter/lib/baidu/wxss.js": {"path":"/Users/a58/Documents/项目/wto/wto/src/converter/lib/baidu/wxss.js","statementMap":{"0":{"start":{"line":1,"column":20},"end":{"line":1,"column":224}},"1":{"start":{"line":1,"column":60},"end":{"line":1,"column":68}},"2":{"start":{"line":1,"column":112},"end":{"line":1,"column":146}},"3":{"start":{"line":1,"column":133},"end":{"line":1,"column":145}},"4":{"start":{"line":1,"column":187},"end":{"line":1,"column":223}},"5":{"start":{"line":1,"column":225},"end":{"line":1,"column":248}}},"fnMap":{"0":{"name":"convert","decl":{"start":{"line":1,"column":9},"end":{"line":1,"column":16}},"loc":{"start":{"line":1,"column":19},"end":{"line":1,"column":225}},"line":1},"1":{"name":"(anonymous_1)","decl":{"start":{"line":1,"column":53},"end":{"line":1,"column":54}},"loc":{"start":{"line":1,"column":60},"end":{"line":1,"column":68}},"line":1},"2":{"name":"(anonymous_2)","decl":{"start":{"line":1,"column":109},"end":{"line":1,"column":110}},"loc":{"start":{"line":1,"column":112},"end":{"line":1,"column":146}},"line":1},"3":{"name":"(anonymous_3)","decl":{"start":{"line":1,"column":130},"end":{"line":1,"column":131}},"loc":{"start":{"line":1,"column":133},"end":{"line":1,"column":145}},"line":1},"4":{"name":"(anonymous_4)","decl":{"start":{"line":1,"column":184},"end":{"line":1,"column":185}},"loc":{"start":{"line":1,"column":187},"end":{"line":1,"column":223}},"line":1}},"branchMap":{},"s":{"0":1,"1":0,"2":1,"3":1,"4":1,"5":2},"f":{"0":1,"1":0,"2":1,"3":1,"4":1},"b":{},"_coverageSchema":"43e27e138ebf9cfc5966b082cf9a028302ed4184","hash":"0a5f80749f59e7721338a3d8d5162d13c6deb362"}
,"/Users/a58/Documents/项目/wto/wto/src/converter/lib/toutiao/index.js": {"path":"/Users/a58/Documents/项目/wto/wto/src/converter/lib/toutiao/index.js","statementMap":{"0":{"start":{"line":1,"column":18},"end":{"line":1,"column":35}},"1":{"start":{"line":1,"column":48},"end":{"line":1,"column":65}},"2":{"start":{"line":1,"column":78},"end":{"line":1,"column":95}},"3":{"start":{"line":1,"column":110},"end":{"line":1,"column":129}},"4":{"start":{"line":1,"column":130},"end":{"line":1,"column":219}}},"fnMap":{},"branchMap":{},"s":{"0":1,"1":1,"2":1,"3":1,"4":1},"f":{},"b":{},"_coverageSchema":"43e27e138ebf9cfc5966b082cf9a028302ed4184","hash":"37cfb36d9fa0ece58374514781c95d3d0affd861"}
,"/Users/a58/Documents/项目/wto/wto/src/converter/lib/toutiao/json.js": {"path":"/Users/a58/Documents/项目/wto/wto/src/converter/lib/toutiao/json.js","statementMap":{"0":{"start":{"line":1,"column":20},"end":{"line":1,"column":28}},"1":{"start":{"line":1,"column":29},"end":{"line":1,"column":52}}},"fnMap":{"0":{"name":"convert","decl":{"start":{"line":1,"column":9},"end":{"line":1,"column":16}},"loc":{"start":{"line":1,"column":19},"end":{"line":1,"column":29}},"line":1}},"branchMap":{},"s":{"0":1,"1":2},"f":{"0":1},"b":{},"_coverageSchema":"43e27e138ebf9cfc5966b082cf9a028302ed4184","hash":"5e9cf635d861ed5e1d88c545d0d8a49e1b12b828"}
,"/Users/a58/Documents/项目/wto/wto/src/converter/lib/toutiao/script.js": {"path":"/Users/a58/Documents/项目/wto/wto/src/converter/lib/toutiao/script.js","statementMap":{"0":{"start":{"line":1,"column":20},"end":{"line":1,"column":266}},"1":{"start":{"line":1,"column":66},"end":{"line":1,"column":100}},"2":{"start":{"line":1,"column":267},"end":{"line":1,"column":290}}},"fnMap":{"0":{"name":"convert","decl":{"start":{"line":1,"column":9},"end":{"line":1,"column":16}},"loc":{"start":{"line":1,"column":19},"end":{"line":1,"column":267}},"line":1},"1":{"name":"(anonymous_1)","decl":{"start":{"line":1,"column":59},"end":{"line":1,"column":60}},"loc":{"start":{"line":1,"column":66},"end":{"line":1,"column":100}},"line":1}},"branchMap":{},"s":{"0":1,"1":1,"2":2},"f":{"0":1,"1":1},"b":{},"_coverageSchema":"43e27e138ebf9cfc5966b082cf9a028302ed4184","hash":"4225f9d9750c56fc0f4ca120646d16398d78a604"}
,"/Users/a58/Documents/项目/wto/wto/src/converter/lib/toutiao/wxml.js": {"path":"/Users/a58/Documents/项目/wto/wto/src/converter/lib/toutiao/wxml.js","statementMap":{"0":{"start":{"line":1,"column":20},"end":{"line":1,"column":752}},"1":{"start":{"line":1,"column":154},"end":{"line":1,"column":188}},"2":{"start":{"line":1,"column":175},"end":{"line":1,"column":187}},"3":{"start":{"line":1,"column":234},"end":{"line":1,"column":302}},"4":{"start":{"line":1,"column":345},"end":{"line":1,"column":413}},"5":{"start":{"line":1,"column":478},"end":{"line":1,"column":534}},"6":{"start":{"line":1,"column":511},"end":{"line":1,"column":532}},"7":{"start":{"line":1,"column":597},"end":{"line":1,"column":653}},"8":{"start":{"line":1,"column":630},"end":{"line":1,"column":651}},"9":{"start":{"line":1,"column":711},"end":{"line":1,"column":751}},"10":{"start":{"line":1,"column":753},"end":{"line":1,"column":776}}},"fnMap":{"0":{"name":"convert","decl":{"start":{"line":1,"column":9},"end":{"line":1,"column":16}},"loc":{"start":{"line":1,"column":19},"end":{"line":1,"column":753}},"line":1},"1":{"name":"(anonymous_1)","decl":{"start":{"line":1,"column":151},"end":{"line":1,"column":152}},"loc":{"start":{"line":1,"column":154},"end":{"line":1,"column":188}},"line":1},"2":{"name":"(anonymous_2)","decl":{"start":{"line":1,"column":172},"end":{"line":1,"column":173}},"loc":{"start":{"line":1,"column":175},"end":{"line":1,"column":187}},"line":1},"3":{"name":"(anonymous_3)","decl":{"start":{"line":1,"column":227},"end":{"line":1,"column":228}},"loc":{"start":{"line":1,"column":234},"end":{"line":1,"column":302}},"line":1},"4":{"name":"(anonymous_4)","decl":{"start":{"line":1,"column":338},"end":{"line":1,"column":339}},"loc":{"start":{"line":1,"column":345},"end":{"line":1,"column":413}},"line":1},"5":{"name":"(anonymous_5)","decl":{"start":{"line":1,"column":471},"end":{"line":1,"column":472}},"loc":{"start":{"line":1,"column":478},"end":{"line":1,"column":534}},"line":1},"6":{"name":"(anonymous_6)","decl":{"start":{"line":1,"column":508},"end":{"line":1,"column":509}},"loc":{"start":{"line":1,"column":511},"end":{"line":1,"column":532}},"line":1},"7":{"name":"(anonymous_7)","decl":{"start":{"line":1,"column":590},"end":{"line":1,"column":591}},"loc":{"start":{"line":1,"column":597},"end":{"line":1,"column":653}},"line":1},"8":{"name":"(anonymous_8)","decl":{"start":{"line":1,"column":627},"end":{"line":1,"column":628}},"loc":{"start":{"line":1,"column":630},"end":{"line":1,"column":651}},"line":1},"9":{"name":"(anonymous_9)","decl":{"start":{"line":1,"column":704},"end":{"line":1,"column":705}},"loc":{"start":{"line":1,"column":711},"end":{"line":1,"column":751}},"line":1}},"branchMap":{},"s":{"0":1,"1":0,"2":0,"3":0,"4":0,"5":1,"6":1,"7":1,"8":1,"9":1,"10":2},"f":{"0":1,"1":0,"2":0,"3":0,"4":0,"5":1,"6":1,"7":1,"8":1,"9":1},"b":{},"_coverageSchema":"43e27e138ebf9cfc5966b082cf9a028302ed4184","hash":"9374813ae1f0398b8b640e4dfc5778ab51e22f05"}
,"/Users/a58/Documents/项目/wto/wto/src/converter/lib/toutiao/wxss.js": {"path":"/Users/a58/Documents/项目/wto/wto/src/converter/lib/toutiao/wxss.js","statementMap":{"0":{"start":{"line":1,"column":20},"end":{"line":1,"column":140}},"1":{"start":{"line":1,"column":60},"end":{"line":1,"column":61}},"2":{"start":{"line":1,"column":105},"end":{"line":1,"column":139}},"3":{"start":{"line":1,"column":126},"end":{"line":1,"column":138}},"4":{"start":{"line":1,"column":141},"end":{"line":1,"column":164}}},"fnMap":{"0":{"name":"convert","decl":{"start":{"line":1,"column":9},"end":{"line":1,"column":16}},"loc":{"start":{"line":1,"column":19},"end":{"line":1,"column":141}},"line":1},"1":{"name":"(anonymous_1)","decl":{"start":{"line":1,"column":53},"end":{"line":1,"column":54}},"loc":{"start":{"line":1,"column":60},"end":{"line":1,"column":61}},"line":1},"2":{"name":"(anonymous_2)","decl":{"start":{"line":1,"column":102},"end":{"line":1,"column":103}},"loc":{"start":{"line":1,"column":105},"end":{"line":1,"column":139}},"line":1},"3":{"name":"(anonymous_3)","decl":{"start":{"line":1,"column":123},"end":{"line":1,"column":124}},"loc":{"start":{"line":1,"column":126},"end":{"line":1,"column":138}},"line":1}},"branchMap":{},"s":{"0":1,"1":0,"2":1,"3":1,"4":2},"f":{"0":1,"1":0,"2":1,"3":1},"b":{},"_coverageSchema":"43e27e138ebf9cfc5966b082cf9a028302ed4184","hash":"8c3046645e62f4f734f55ed100fff26011648850"}
,"/Users/a58/Documents/项目/wto/wto/src/converter/lib/utils/balancing-group.js": {"path":"/Users/a58/Documents/项目/wto/wto/src/converter/lib/utils/balancing-group.js","statementMap":{"0":{"start":{"line":1,"column":52},"end":{"line":1,"column":64}},"1":{"start":{"line":1,"column":71},"end":{"line":1,"column":83}},"2":{"start":{"line":1,"column":86},"end":{"line":1,"column":88}},"3":{"start":{"line":1,"column":91},"end":{"line":1,"column":92}},"4":{"start":{"line":1,"column":93},"end":{"line":1,"column":110}},"5":{"start":{"line":1,"column":101},"end":{"line":1,"column":110}},"6":{"start":{"line":1,"column":110},"end":{"line":1,"column":190}},"7":{"start":{"line":1,"column":120},"end":{"line":1,"column":121}},"8":{"start":{"line":1,"column":137},"end":{"line":1,"column":190}},"9":{"start":{"line":1,"column":149},"end":{"line":1,"column":153}},"10":{"start":{"line":1,"column":158},"end":{"line":1,"column":190}},"11":{"start":{"line":1,"column":180},"end":{"line":1,"column":184}},"12":{"start":{"line":1,"column":184},"end":{"line":1,"column":189}},"13":{"start":{"line":1,"column":190},"end":{"line":1,"column":228}},"14":{"start":{"line":1,"column":229},"end":{"line":1,"column":264}}},"fnMap":{"0":{"name":"extraBalancingGroup","decl":{"start":{"line":1,"column":9},"end":{"line":1,"column":28}},"loc":{"start":{"line":1,"column":43},"end":{"line":1,"column":229}},"line":1}},"branchMap":{"0":{"loc":{"start":{"line":1,"column":31},"end":{"line":1,"column":36}},"type":"default-arg","locations":[{"start":{"line":1,"column":33},"end":{"line":1,"column":36}}],"line":1},"1":{"loc":{"start":{"line":1,"column":37},"end":{"line":1,"column":42}},"type":"default-arg","locations":[{"start":{"line":1,"column":39},"end":{"line":1,"column":42}}],"line":1},"2":{"loc":{"start":{"line":1,"column":93},"end":{"line":1,"column":110}},"type":"if","locations":[{"start":{"line":1,"column":93},"end":{"line":1,"column":110}},{"start":{"line":1,"column":93},"end":{"line":1,"column":110}}],"line":1},"3":{"loc":{"start":{"line":1,"column":137},"end":{"line":1,"column":190}},"type":"if","locations":[{"start":{"line":1,"column":137},"end":{"line":1,"column":190}},{"start":{"line":1,"column":137},"end":{"line":1,"column":190}}],"line":1},"4":{"loc":{"start":{"line":1,"column":158},"end":{"line":1,"column":190}},"type":"if","locations":[{"start":{"line":1,"column":158},"end":{"line":1,"column":190}},{"start":{"line":1,"column":158},"end":{"line":1,"column":190}}],"line":1},"5":{"loc":{"start":{"line":1,"column":161},"end":{"line":1,"column":178}},"type":"binary-expr","locations":[{"start":{"line":1,"column":161},"end":{"line":1,"column":169}},{"start":{"line":1,"column":171},"end":{"line":1,"column":178}}],"line":1},"6":{"loc":{"start":{"line":1,"column":197},"end":{"line":1,"column":226}},"type":"binary-expr","locations":[{"start":{"line":1,"column":197},"end":{"line":1,"column":202}},{"start":{"line":1,"column":205},"end":{"line":1,"column":225}}],"line":1}},"s":{"0":2,"1":2,"2":2,"3":2,"4":2,"5":0,"6":2,"7":2,"8":12,"9":3,"10":9,"11":2,"12":2,"13":2,"14":4},"f":{"0":2},"b":{"0":[1],"1":[1],"2":[0,2],"3":[3,9],"4":[2,7],"5":[9,3],"6":[2,2]},"_coverageSchema":"43e27e138ebf9cfc5966b082cf9a028302ed4184","hash":"06eaf23c457bf1bdbad0b212cd2e79cd1a1f182a"}
,"/Users/a58/Documents/项目/wto/wto/src/converter/lib/utils/extra-function.js": {"path":"/Users/a58/Documents/项目/wto/wto/src/converter/lib/utils/extra-function.js","statementMap":{"0":{"start":{"line":1,"column":21},"end":{"line":1,"column":49}},"1":{"start":{"line":1,"column":82},"end":{"line":1,"column":240}},"2":{"start":{"line":1,"column":247},"end":{"line":1,"column":249}},"3":{"start":{"line":1,"column":252},"end":{"line":1,"column":254}},"4":{"start":{"line":1,"column":255},"end":{"line":1,"column":345}},"5":{"start":{"line":1,"column":265},"end":{"line":1,"column":266}},"6":{"start":{"line":1,"column":292},"end":{"line":1,"column":296}},"7":{"start":{"line":1,"column":299},"end":{"line":1,"column":309}},"8":{"start":{"line":1,"column":310},"end":{"line":1,"column":344}},"9":{"start":{"line":1,"column":316},"end":{"line":1,"column":338}},"10":{"start":{"line":1,"column":338},"end":{"line":1,"column":343}},"11":{"start":{"line":1,"column":345},"end":{"line":1,"column":399}},"12":{"start":{"line":1,"column":400},"end":{"line":1,"column":425}}},"fnMap":{"0":{"name":"extractFn","decl":{"start":{"line":1,"column":59},"end":{"line":1,"column":68}},"loc":{"start":{"line":1,"column":73},"end":{"line":1,"column":400}},"line":1}},"branchMap":{"0":{"loc":{"start":{"line":1,"column":310},"end":{"line":1,"column":344}},"type":"if","locations":[{"start":{"line":1,"column":310},"end":{"line":1,"column":344}},{"start":{"line":1,"column":310},"end":{"line":1,"column":344}}],"line":1},"1":{"loc":{"start":{"line":1,"column":318},"end":{"line":1,"column":326}},"type":"binary-expr","locations":[{"start":{"line":1,"column":318},"end":{"line":1,"column":322}},{"start":{"line":1,"column":324},"end":{"line":1,"column":326}}],"line":1},"2":{"loc":{"start":{"line":1,"column":329},"end":{"line":1,"column":337}},"type":"binary-expr","locations":[{"start":{"line":1,"column":329},"end":{"line":1,"column":333}},{"start":{"line":1,"column":335},"end":{"line":1,"column":337}}],"line":1},"3":{"loc":{"start":{"line":1,"column":352},"end":{"line":1,"column":376}},"type":"binary-expr","locations":[{"start":{"line":1,"column":352},"end":{"line":1,"column":353}},{"start":{"line":1,"column":356},"end":{"line":1,"column":375}}],"line":1}},"s":{"0":3,"1":1,"2":1,"3":1,"4":1,"5":1,"6":1,"7":1,"8":1,"9":1,"10":1,"11":1,"12":3},"f":{"0":1},"b":{"0":[1,0],"1":[1,0],"2":[1,0],"3":[1,1]},"_coverageSchema":"43e27e138ebf9cfc5966b082cf9a028302ed4184","hash":"17e2755429635c944151b03d7aa71281371da6eb"}
,"/Users/a58/Documents/项目/wto/wto/src/linter/lib/index.js": {"path":"/Users/a58/Documents/项目/wto/wto/src/linter/lib/index.js","statementMap":{"0":{"start":{"line":1,"column":12},"end":{"line":1,"column":36}},"1":{"start":{"line":1,"column":45},"end":{"line":1,"column":71}},"2":{"start":{"line":1,"column":80},"end":{"line":1,"column":106}},"3":{"start":{"line":1,"column":107},"end":{"line":1,"column":168}}},"fnMap":{},"branchMap":{},"s":{"0":1,"1":1,"2":1,"3":1},"f":{},"b":{},"_coverageSchema":"43e27e138ebf9cfc5966b082cf9a028302ed4184","hash":"33496fa1ee134114ce9809bed48a3a80d5d50fd7"}
,"/Users/a58/Documents/项目/wto/wto/src/linter/lib/alibaba/index.js": {"path":"/Users/a58/Documents/项目/wto/wto/src/linter/lib/alibaba/index.js","statementMap":{"0":{"start":{"line":1,"column":12},"end":{"line":1,"column":37}},"1":{"start":{"line":1,"column":53},"end":{"line":1,"column":81}},"2":{"start":{"line":1,"column":98},"end":{"line":1,"column":127}},"3":{"start":{"line":1,"column":145},"end":{"line":1,"column":175}},"4":{"start":{"line":1,"column":194},"end":{"line":1,"column":225}},"5":{"start":{"line":1,"column":240},"end":{"line":1,"column":1338}},"6":{"start":{"line":1,"column":253},"end":{"line":1,"column":265}},"7":{"start":{"line":1,"column":266},"end":{"line":1,"column":412}},"8":{"start":{"line":1,"column":276},"end":{"line":1,"column":277}},"9":{"start":{"line":1,"column":316},"end":{"line":1,"column":334}},"10":{"start":{"line":1,"column":337},"end":{"line":1,"column":360}},"11":{"start":{"line":1,"column":361},"end":{"line":1,"column":411}},"12":{"start":{"line":1,"column":375},"end":{"line":1,"column":411}},"13":{"start":{"line":1,"column":412},"end":{"line":1,"column":423}},"14":{"start":{"line":1,"column":437},"end":{"line":1,"column":542}},"15":{"start":{"line":1,"column":543},"end":{"line":1,"column":673}},"16":{"start":{"line":1,"column":687},"end":{"line":1,"column":1221}},"17":{"start":{"line":1,"column":1222},"end":{"line":1,"column":1325}},"18":{"start":{"line":1,"column":1232},"end":{"line":1,"column":1233}},"19":{"start":{"line":1,"column":1258},"end":{"line":1,"column":1278}},"20":{"start":{"line":1,"column":1279},"end":{"line":1,"column":1324}},"21":{"start":{"line":1,"column":1293},"end":{"line":1,"column":1324}},"22":{"start":{"line":1,"column":1325},"end":{"line":1,"column":1336}},"23":{"start":{"line":1,"column":1353},"end":{"line":1,"column":1493}},"24":{"start":{"line":1,"column":1361},"end":{"line":1,"column":1422}},"25":{"start":{"line":1,"column":1430},"end":{"line":1,"column":1492}},"26":{"start":{"line":1,"column":1508},"end":{"line":1,"column":1510}},"27":{"start":{"line":1,"column":1525},"end":{"line":1,"column":1527}},"28":{"start":{"line":1,"column":1544},"end":{"line":1,"column":1728}},"29":{"start":{"line":1,"column":1557},"end":{"line":1,"column":1569}},"30":{"start":{"line":1,"column":1570},"end":{"line":1,"column":1715}},"31":{"start":{"line":1,"column":1580},"end":{"line":1,"column":1581}},"32":{"start":{"line":1,"column":1619},"end":{"line":1,"column":1636}},"33":{"start":{"line":1,"column":1639},"end":{"line":1,"column":1663}},"34":{"start":{"line":1,"column":1664},"end":{"line":1,"column":1714}},"35":{"start":{"line":1,"column":1678},"end":{"line":1,"column":1714}},"36":{"start":{"line":1,"column":1715},"end":{"line":1,"column":1726}},"37":{"start":{"line":1,"column":1745},"end":{"line":1,"column":2198}},"38":{"start":{"line":1,"column":1762},"end":{"line":1,"column":1780}},"39":{"start":{"line":1,"column":1783},"end":{"line":1,"column":1812}},"40":{"start":{"line":1,"column":1813},"end":{"line":1,"column":1965}},"41":{"start":{"line":1,"column":1834},"end":{"line":1,"column":1964}},"42":{"start":{"line":1,"column":1965},"end":{"line":1,"column":1976}},"43":{"start":{"line":1,"column":1994},"end":{"line":1,"column":2014}},"44":{"start":{"line":1,"column":2017},"end":{"line":1,"column":2051}},"45":{"start":{"line":1,"column":2052},"end":{"line":1,"column":2185}},"46":{"start":{"line":1,"column":2073},"end":{"line":1,"column":2184}},"47":{"start":{"line":1,"column":2185},"end":{"line":1,"column":2196}},"48":{"start":{"line":1,"column":2199},"end":{"line":1,"column":2392}}},"fnMap":{"0":{"name":"(anonymous_0)","decl":{"start":{"line":1,"column":241},"end":{"line":1,"column":242}},"loc":{"start":{"line":1,"column":244},"end":{"line":1,"column":424}},"line":1},"1":{"name":"(anonymous_1)","decl":{"start":{"line":1,"column":425},"end":{"line":1,"column":426}},"loc":{"start":{"line":1,"column":428},"end":{"line":1,"column":674}},"line":1},"2":{"name":"(anonymous_2)","decl":{"start":{"line":1,"column":675},"end":{"line":1,"column":676}},"loc":{"start":{"line":1,"column":678},"end":{"line":1,"column":1337}},"line":1},"3":{"name":"(anonymous_3)","decl":{"start":{"line":1,"column":1354},"end":{"line":1,"column":1355}},"loc":{"start":{"line":1,"column":1361},"end":{"line":1,"column":1422}},"line":1},"4":{"name":"(anonymous_4)","decl":{"start":{"line":1,"column":1423},"end":{"line":1,"column":1424}},"loc":{"start":{"line":1,"column":1430},"end":{"line":1,"column":1492}},"line":1},"5":{"name":"(anonymous_5)","decl":{"start":{"line":1,"column":1545},"end":{"line":1,"column":1546}},"loc":{"start":{"line":1,"column":1548},"end":{"line":1,"column":1727}},"line":1},"6":{"name":"(anonymous_6)","decl":{"start":{"line":1,"column":1746},"end":{"line":1,"column":1747}},"loc":{"start":{"line":1,"column":1753},"end":{"line":1,"column":1977}},"line":1},"7":{"name":"(anonymous_7)","decl":{"start":{"line":1,"column":1978},"end":{"line":1,"column":1979}},"loc":{"start":{"line":1,"column":1985},"end":{"line":1,"column":2197}},"line":1}},"branchMap":{"0":{"loc":{"start":{"line":1,"column":361},"end":{"line":1,"column":411}},"type":"if","locations":[{"start":{"line":1,"column":361},"end":{"line":1,"column":411}},{"start":{"line":1,"column":361},"end":{"line":1,"column":411}}],"line":1},"1":{"loc":{"start":{"line":1,"column":550},"end":{"line":1,"column":673}},"type":"cond-expr","locations":[{"start":{"line":1,"column":651},"end":{"line":1,"column":668}},{"start":{"line":1,"column":669},"end":{"line":1,"column":673}}],"line":1},"2":{"loc":{"start":{"line":1,"column":1279},"end":{"line":1,"column":1324}},"type":"if","locations":[{"start":{"line":1,"column":1279},"end":{"line":1,"column":1324}},{"start":{"line":1,"column":1279},"end":{"line":1,"column":1324}}],"line":1},"3":{"loc":{"start":{"line":1,"column":1664},"end":{"line":1,"column":1714}},"type":"if","locations":[{"start":{"line":1,"column":1664},"end":{"line":1,"column":1714}},{"start":{"line":1,"column":1664},"end":{"line":1,"column":1714}}],"line":1},"4":{"loc":{"start":{"line":1,"column":1813},"end":{"line":1,"column":1965}},"type":"if","locations":[{"start":{"line":1,"column":1813},"end":{"line":1,"column":1965}},{"start":{"line":1,"column":1813},"end":{"line":1,"column":1965}}],"line":1},"5":{"loc":{"start":{"line":1,"column":1816},"end":{"line":1,"column":1832}},"type":"binary-expr","locations":[{"start":{"line":1,"column":1816},"end":{"line":1,"column":1817}},{"start":{"line":1,"column":1819},"end":{"line":1,"column":1832}}],"line":1},"6":{"loc":{"start":{"line":1,"column":2052},"end":{"line":1,"column":2185}},"type":"if","locations":[{"start":{"line":1,"column":2052},"end":{"line":1,"column":2185}},{"start":{"line":1,"column":2052},"end":{"line":1,"column":2185}}],"line":1},"7":{"loc":{"start":{"line":1,"column":2055},"end":{"line":1,"column":2071}},"type":"binary-expr","locations":[{"start":{"line":1,"column":2055},"end":{"line":1,"column":2056}},{"start":{"line":1,"column":2058},"end":{"line":1,"column":2071}}],"line":1}},"s":{"0":1,"1":1,"2":1,"3":1,"4":1,"5":1,"6":0,"7":0,"8":0,"9":0,"10":0,"11":0,"12":0,"13":0,"14":0,"15":0,"16":0,"17":0,"18":0,"19":0,"20":0,"21":0,"22":0,"23":1,"24":0,"25":0,"26":1,"27":1,"28":1,"29":0,"30":0,"31":0,"32":0,"33":0,"34":0,"35":0,"36":0,"37":1,"38":0,"39":0,"40":0,"41":0,"42":0,"43":0,"44":0,"45":0,"46":0,"47":0,"48":1},"f":{"0":0,"1":0,"2":0,"3":0,"4":0,"5":0,"6":0,"7":0},"b":{"0":[0,0],"1":[0,0],"2":[0,0],"3":[0,0],"4":[0,0],"5":[0,0],"6":[0,0],"7":[0,0]},"_coverageSchema":"43e27e138ebf9cfc5966b082cf9a028302ed4184","hash":"6bb04fcad0f99e979a4b9ddd77c1b7faf1ccd7f9"}
,"/Users/a58/Documents/项目/wto/wto/src/linter/lib/alibaba/unsupported-attrs.js": {"path":"/Users/a58/Documents/项目/wto/wto/src/linter/lib/alibaba/unsupported-attrs.js","statementMap":{"0":{"start":{"line":1,"column":0},"end":{"line":1,"column":2056}}},"fnMap":{},"branchMap":{},"s":{"0":1},"f":{},"b":{},"_coverageSchema":"43e27e138ebf9cfc5966b082cf9a028302ed4184","hash":"3a0790525343f96ab1b944645ad989d0299877d9"}
,"/Users/a58/Documents/项目/wto/wto/src/linter/lib/alibaba/unsupported-events.js": {"path":"/Users/a58/Documents/项目/wto/wto/src/linter/lib/alibaba/unsupported-events.js","statementMap":{"0":{"start":{"line":1,"column":0},"end":{"line":1,"column":732}}},"fnMap":{},"branchMap":{},"s":{"0":1},"f":{},"b":{},"_coverageSchema":"43e27e138ebf9cfc5966b082cf9a028302ed4184","hash":"b451cc1f7a3010ff60456e42990b248882d92224"}
,"/Users/a58/Documents/项目/wto/wto/src/linter/lib/alibaba/unsupported-fns.js": {"path":"/Users/a58/Documents/项目/wto/wto/src/linter/lib/alibaba/unsupported-fns.js","statementMap":{"0":{"start":{"line":1,"column":0},"end":{"line":1,"column":2157}}},"fnMap":{},"branchMap":{},"s":{"0":1},"f":{},"b":{},"_coverageSchema":"43e27e138ebf9cfc5966b082cf9a028302ed4184","hash":"86ec0a030a8dda98a5bf87a008169996aed52db9"}
,"/Users/a58/Documents/项目/wto/wto/src/linter/lib/alibaba/unsupported-tags.js": {"path":"/Users/a58/Documents/项目/wto/wto/src/linter/lib/alibaba/unsupported-tags.js","statementMap":{"0":{"start":{"line":1,"column":0},"end":{"line":1,"column":118}}},"fnMap":{},"branchMap":{},"s":{"0":1},"f":{},"b":{},"_coverageSchema":"43e27e138ebf9cfc5966b082cf9a028302ed4184","hash":"fb84f7428df39bd6dba1af31f24094226b37a5c6"}
,"/Users/a58/Documents/项目/wto/wto/src/linter/lib/baidu/index.js": {"path":"/Users/a58/Documents/项目/wto/wto/src/linter/lib/baidu/index.js","statementMap":{"0":{"start":{"line":1,"column":12},"end":{"line":1,"column":37}},"1":{"start":{"line":1,"column":53},"end":{"line":1,"column":81}},"2":{"start":{"line":1,"column":98},"end":{"line":1,"column":127}},"3":{"start":{"line":1,"column":145},"end":{"line":1,"column":175}},"4":{"start":{"line":1,"column":194},"end":{"line":1,"column":225}},"5":{"start":{"line":1,"column":240},"end":{"line":1,"column":1863}},"6":{"start":{"line":1,"column":253},"end":{"line":1,"column":265}},"7":{"start":{"line":1,"column":266},"end":{"line":1,"column":412}},"8":{"start":{"line":1,"column":276},"end":{"line":1,"column":277}},"9":{"start":{"line":1,"column":316},"end":{"line":1,"column":334}},"10":{"start":{"line":1,"column":337},"end":{"line":1,"column":360}},"11":{"start":{"line":1,"column":361},"end":{"line":1,"column":411}},"12":{"start":{"line":1,"column":375},"end":{"line":1,"column":411}},"13":{"start":{"line":1,"column":412},"end":{"line":1,"column":423}},"14":{"start":{"line":1,"column":437},"end":{"line":1,"column":448}},"15":{"start":{"line":1,"column":451},"end":{"line":1,"column":492}},"16":{"start":{"line":1,"column":493},"end":{"line":1,"column":621}},"17":{"start":{"line":1,"column":635},"end":{"line":1,"column":646}},"18":{"start":{"line":1,"column":649},"end":{"line":1,"column":679}},"19":{"start":{"line":1,"column":680},"end":{"line":1,"column":793}},"20":{"start":{"line":1,"column":799},"end":{"line":1,"column":876}},"21":{"start":{"line":1,"column":890},"end":{"line":1,"column":1746}},"22":{"start":{"line":1,"column":1747},"end":{"line":1,"column":1850}},"23":{"start":{"line":1,"column":1757},"end":{"line":1,"column":1758}},"24":{"start":{"line":1,"column":1783},"end":{"line":1,"column":1803}},"25":{"start":{"line":1,"column":1804},"end":{"line":1,"column":1849}},"26":{"start":{"line":1,"column":1818},"end":{"line":1,"column":1849}},"27":{"start":{"line":1,"column":1850},"end":{"line":1,"column":1861}},"28":{"start":{"line":1,"column":1878},"end":{"line":1,"column":2208}},"29":{"start":{"line":1,"column":1895},"end":{"line":1,"column":1897}},"30":{"start":{"line":1,"column":1898},"end":{"line":1,"column":2067}},"31":{"start":{"line":1,"column":1973},"end":{"line":1,"column":1992}},"32":{"start":{"line":1,"column":1993},"end":{"line":1,"column":2063}},"33":{"start":{"line":1,"column":2076},"end":{"line":1,"column":2137}},"34":{"start":{"line":1,"column":2145},"end":{"line":1,"column":2207}},"35":{"start":{"line":1,"column":2223},"end":{"line":1,"column":2225}},"36":{"start":{"line":1,"column":2240},"end":{"line":1,"column":2242}},"37":{"start":{"line":1,"column":2259},"end":{"line":1,"column":2261}},"38":{"start":{"line":1,"column":2278},"end":{"line":1,"column":2462}},"39":{"start":{"line":1,"column":2291},"end":{"line":1,"column":2303}},"40":{"start":{"line":1,"column":2304},"end":{"line":1,"column":2449}},"41":{"start":{"line":1,"column":2314},"end":{"line":1,"column":2315}},"42":{"start":{"line":1,"column":2353},"end":{"line":1,"column":2370}},"43":{"start":{"line":1,"column":2373},"end":{"line":1,"column":2397}},"44":{"start":{"line":1,"column":2398},"end":{"line":1,"column":2448}},"45":{"start":{"line":1,"column":2412},"end":{"line":1,"column":2448}},"46":{"start":{"line":1,"column":2449},"end":{"line":1,"column":2460}},"47":{"start":{"line":1,"column":2463},"end":{"line":1,"column":2656}}},"fnMap":{"0":{"name":"(anonymous_0)","decl":{"start":{"line":1,"column":241},"end":{"line":1,"column":242}},"loc":{"start":{"line":1,"column":244},"end":{"line":1,"column":424}},"line":1},"1":{"name":"(anonymous_1)","decl":{"start":{"line":1,"column":425},"end":{"line":1,"column":426}},"loc":{"start":{"line":1,"column":428},"end":{"line":1,"column":622}},"line":1},"2":{"name":"(anonymous_2)","decl":{"start":{"line":1,"column":623},"end":{"line":1,"column":624}},"loc":{"start":{"line":1,"column":626},"end":{"line":1,"column":794}},"line":1},"3":{"name":"(anonymous_3)","decl":{"start":{"line":1,"column":795},"end":{"line":1,"column":796}},"loc":{"start":{"line":1,"column":798},"end":{"line":1,"column":877}},"line":1},"4":{"name":"(anonymous_4)","decl":{"start":{"line":1,"column":878},"end":{"line":1,"column":879}},"loc":{"start":{"line":1,"column":881},"end":{"line":1,"column":1862}},"line":1},"5":{"name":"(anonymous_5)","decl":{"start":{"line":1,"column":1879},"end":{"line":1,"column":1880}},"loc":{"start":{"line":1,"column":1886},"end":{"line":1,"column":2068}},"line":1},"6":{"name":"(anonymous_6)","decl":{"start":{"line":1,"column":1961},"end":{"line":1,"column":1962}},"loc":{"start":{"line":1,"column":1964},"end":{"line":1,"column":2064}},"line":1},"7":{"name":"(anonymous_7)","decl":{"start":{"line":1,"column":2069},"end":{"line":1,"column":2070}},"loc":{"start":{"line":1,"column":2076},"end":{"line":1,"column":2137}},"line":1},"8":{"name":"(anonymous_8)","decl":{"start":{"line":1,"column":2138},"end":{"line":1,"column":2139}},"loc":{"start":{"line":1,"column":2145},"end":{"line":1,"column":2207}},"line":1},"9":{"name":"(anonymous_9)","decl":{"start":{"line":1,"column":2279},"end":{"line":1,"column":2280}},"loc":{"start":{"line":1,"column":2282},"end":{"line":1,"column":2461}},"line":1}},"branchMap":{"0":{"loc":{"start":{"line":1,"column":361},"end":{"line":1,"column":411}},"type":"if","locations":[{"start":{"line":1,"column":361},"end":{"line":1,"column":411}},{"start":{"line":1,"column":361},"end":{"line":1,"column":411}}],"line":1},"1":{"loc":{"start":{"line":1,"column":500},"end":{"line":1,"column":621}},"type":"cond-expr","locations":[{"start":{"line":1,"column":517},"end":{"line":1,"column":616}},{"start":{"line":1,"column":617},"end":{"line":1,"column":621}}],"line":1},"2":{"loc":{"start":{"line":1,"column":500},"end":{"line":1,"column":516}},"type":"binary-expr","locations":[{"start":{"line":1,"column":500},"end":{"line":1,"column":501}},{"start":{"line":1,"column":503},"end":{"line":1,"column":516}}],"line":1},"3":{"loc":{"start":{"line":1,"column":687},"end":{"line":1,"column":793}},"type":"cond-expr","locations":[{"start":{"line":1,"column":704},"end":{"line":1,"column":788}},{"start":{"line":1,"column":789},"end":{"line":1,"column":793}}],"line":1},"4":{"loc":{"start":{"line":1,"column":687},"end":{"line":1,"column":703}},"type":"binary-expr","locations":[{"start":{"line":1,"column":687},"end":{"line":1,"column":688}},{"start":{"line":1,"column":690},"end":{"line":1,"column":703}}],"line":1},"5":{"loc":{"start":{"line":1,"column":806},"end":{"line":1,"column":876}},"type":"cond-expr","locations":[{"start":{"line":1,"column":838},"end":{"line":1,"column":871}},{"start":{"line":1,"column":872},"end":{"line":1,"column":876}}],"line":1},"6":{"loc":{"start":{"line":1,"column":1804},"end":{"line":1,"column":1849}},"type":"if","locations":[{"start":{"line":1,"column":1804},"end":{"line":1,"column":1849}},{"start":{"line":1,"column":1804},"end":{"line":1,"column":1849}}],"line":1},"7":{"loc":{"start":{"line":1,"column":2398},"end":{"line":1,"column":2448}},"type":"if","locations":[{"start":{"line":1,"column":2398},"end":{"line":1,"column":2448}},{"start":{"line":1,"column":2398},"end":{"line":1,"column":2448}}],"line":1}},"s":{"0":2,"1":2,"2":2,"3":2,"4":2,"5":2,"6":0,"7":0,"8":0,"9":0,"10":0,"11":0,"12":0,"13":0,"14":0,"15":0,"16":0,"17":0,"18":0,"19":0,"20":0,"21":0,"22":0,"23":0,"24":0,"25":0,"26":0,"27":0,"28":2,"29":0,"30":0,"31":0,"32":0,"33":0,"34":0,"35":2,"36":2,"37":2,"38":2,"39":0,"40":0,"41":0,"42":0,"43":0,"44":0,"45":0,"46":0,"47":2},"f":{"0":0,"1":0,"2":0,"3":0,"4":0,"5":0,"6":0,"7":0,"8":0,"9":0},"b":{"0":[0,0],"1":[0,0],"2":[0,0],"3":[0,0],"4":[0,0],"5":[0,0],"6":[0,0],"7":[0,0]},"_coverageSchema":"43e27e138ebf9cfc5966b082cf9a028302ed4184","hash":"84ad5d66bd2d8201b5e936d169d8d4b46e1a4da6"}
,"/Users/a58/Documents/项目/wto/wto/src/linter/lib/baidu/unsupported-attrs.js": {"path":"/Users/a58/Documents/项目/wto/wto/src/linter/lib/baidu/unsupported-attrs.js","statementMap":{"0":{"start":{"line":1,"column":0},"end":{"line":1,"column":1351}}},"fnMap":{},"branchMap":{},"s":{"0":2},"f":{},"b":{},"_coverageSchema":"43e27e138ebf9cfc5966b082cf9a028302ed4184","hash":"ae3bfe18fb1aad260bb406fdb0aa450618799c05"}
,"/Users/a58/Documents/项目/wto/wto/src/linter/lib/baidu/unsupported-events.js": {"path":"/Users/a58/Documents/项目/wto/wto/src/linter/lib/baidu/unsupported-events.js","statementMap":{"0":{"start":{"line":1,"column":0},"end":{"line":1,"column":479}}},"fnMap":{},"branchMap":{},"s":{"0":2},"f":{},"b":{},"_coverageSchema":"43e27e138ebf9cfc5966b082cf9a028302ed4184","hash":"c5c3f2b6a8225fe4f98007dac1239ac8a807245b"}
,"/Users/a58/Documents/项目/wto/wto/src/linter/lib/baidu/unsupported-fns.js": {"path":"/Users/a58/Documents/项目/wto/wto/src/linter/lib/baidu/unsupported-fns.js","statementMap":{"0":{"start":{"line":1,"column":0},"end":{"line":1,"column":2228}}},"fnMap":{},"branchMap":{},"s":{"0":2},"f":{},"b":{},"_coverageSchema":"43e27e138ebf9cfc5966b082cf9a028302ed4184","hash":"29b2ff0f0f63c6781462c9b6d96534e8cc2ee4a4"}
,"/Users/a58/Documents/项目/wto/wto/src/linter/lib/baidu/unsupported-tags.js": {"path":"/Users/a58/Documents/项目/wto/wto/src/linter/lib/baidu/unsupported-tags.js","statementMap":{"0":{"start":{"line":1,"column":0},"end":{"line":1,"column":83}}},"fnMap":{},"branchMap":{},"s":{"0":2},"f":{},"b":{},"_coverageSchema":"43e27e138ebf9cfc5966b082cf9a028302ed4184","hash":"d058fa8a3a62788b1484bba2050ba27e5a34a296"}
,"/Users/a58/Documents/项目/wto/wto/src/linter/lib/toutiao/index.js": {"path":"/Users/a58/Documents/项目/wto/wto/src/linter/lib/toutiao/index.js","statementMap":{"0":{"start":{"line":1,"column":12},"end":{"line":1,"column":37}},"1":{"start":{"line":1,"column":53},"end":{"line":1,"column":81}},"2":{"start":{"line":1,"column":98},"end":{"line":1,"column":127}},"3":{"start":{"line":1,"column":145},"end":{"line":1,"column":175}},"4":{"start":{"line":1,"column":194},"end":{"line":1,"column":225}},"5":{"start":{"line":1,"column":240},"end":{"line":1,"column":1452}},"6":{"start":{"line":1,"column":253},"end":{"line":1,"column":265}},"7":{"start":{"line":1,"column":266},"end":{"line":1,"column":412}},"8":{"start":{"line":1,"column":276},"end":{"line":1,"column":277}},"9":{"start":{"line":1,"column":316},"end":{"line":1,"column":334}},"10":{"start":{"line":1,"column":337},"end":{"line":1,"column":360}},"11":{"start":{"line":1,"column":361},"end":{"line":1,"column":411}},"12":{"start":{"line":1,"column":375},"end":{"line":1,"column":411}},"13":{"start":{"line":1,"column":412},"end":{"line":1,"column":423}},"14":{"start":{"line":1,"column":437},"end":{"line":1,"column":446}},"15":{"start":{"line":1,"column":449},"end":{"line":1,"column":484}},"16":{"start":{"line":1,"column":485},"end":{"line":1,"column":603}},"17":{"start":{"line":1,"column":617},"end":{"line":1,"column":1335}},"18":{"start":{"line":1,"column":1336},"end":{"line":1,"column":1439}},"19":{"start":{"line":1,"column":1346},"end":{"line":1,"column":1347}},"20":{"start":{"line":1,"column":1372},"end":{"line":1,"column":1392}},"21":{"start":{"line":1,"column":1393},"end":{"line":1,"column":1438}},"22":{"start":{"line":1,"column":1407},"end":{"line":1,"column":1438}},"23":{"start":{"line":1,"column":1439},"end":{"line":1,"column":1450}},"24":{"start":{"line":1,"column":1467},"end":{"line":1,"column":1607}},"25":{"start":{"line":1,"column":1475},"end":{"line":1,"column":1536}},"26":{"start":{"line":1,"column":1544},"end":{"line":1,"column":1606}},"27":{"start":{"line":1,"column":1622},"end":{"line":1,"column":1624}},"28":{"start":{"line":1,"column":1639},"end":{"line":1,"column":1641}},"29":{"start":{"line":1,"column":1658},"end":{"line":1,"column":2087}},"30":{"start":{"line":1,"column":1671},"end":{"line":1,"column":1683}},"31":{"start":{"line":1,"column":1684},"end":{"line":1,"column":1829}},"32":{"start":{"line":1,"column":1694},"end":{"line":1,"column":1695}},"33":{"start":{"line":1,"column":1733},"end":{"line":1,"column":1750}},"34":{"start":{"line":1,"column":1753},"end":{"line":1,"column":1777}},"35":{"start":{"line":1,"column":1778},"end":{"line":1,"column":1828}},"36":{"start":{"line":1,"column":1792},"end":{"line":1,"column":1828}},"37":{"start":{"line":1,"column":1829},"end":{"line":1,"column":1840}},"38":{"start":{"line":1,"column":1854},"end":{"line":1,"column":1881}},"39":{"start":{"line":1,"column":1882},"end":{"line":1,"column":1957}},"40":{"start":{"line":1,"column":1971},"end":{"line":1,"column":2001}},"41":{"start":{"line":1,"column":2002},"end":{"line":1,"column":2085}},"42":{"start":{"line":1,"column":2104},"end":{"line":1,"column":2106}},"43":{"start":{"line":1,"column":2107},"end":{"line":1,"column":2300}}},"fnMap":{"0":{"name":"(anonymous_0)","decl":{"start":{"line":1,"column":241},"end":{"line":1,"column":242}},"loc":{"start":{"line":1,"column":244},"end":{"line":1,"column":424}},"line":1},"1":{"name":"(anonymous_1)","decl":{"start":{"line":1,"column":425},"end":{"line":1,"column":426}},"loc":{"start":{"line":1,"column":428},"end":{"line":1,"column":604}},"line":1},"2":{"name":"(anonymous_2)","decl":{"start":{"line":1,"column":605},"end":{"line":1,"column":606}},"loc":{"start":{"line":1,"column":608},"end":{"line":1,"column":1451}},"line":1},"3":{"name":"(anonymous_3)","decl":{"start":{"line":1,"column":1468},"end":{"line":1,"column":1469}},"loc":{"start":{"line":1,"column":1475},"end":{"line":1,"column":1536}},"line":1},"4":{"name":"(anonymous_4)","decl":{"start":{"line":1,"column":1537},"end":{"line":1,"column":1538}},"loc":{"start":{"line":1,"column":1544},"end":{"line":1,"column":1606}},"line":1},"5":{"name":"(anonymous_5)","decl":{"start":{"line":1,"column":1659},"end":{"line":1,"column":1660}},"loc":{"start":{"line":1,"column":1662},"end":{"line":1,"column":1841}},"line":1},"6":{"name":"(anonymous_6)","decl":{"start":{"line":1,"column":1842},"end":{"line":1,"column":1843}},"loc":{"start":{"line":1,"column":1845},"end":{"line":1,"column":1958}},"line":1},"7":{"name":"(anonymous_7)","decl":{"start":{"line":1,"column":1959},"end":{"line":1,"column":1960}},"loc":{"start":{"line":1,"column":1962},"end":{"line":1,"column":2086}},"line":1}},"branchMap":{"0":{"loc":{"start":{"line":1,"column":361},"end":{"line":1,"column":411}},"type":"if","locations":[{"start":{"line":1,"column":361},"end":{"line":1,"column":411}},{"start":{"line":1,"column":361},"end":{"line":1,"column":411}}],"line":1},"1":{"loc":{"start":{"line":1,"column":492},"end":{"line":1,"column":603}},"type":"cond-expr","locations":[{"start":{"line":1,"column":508},"end":{"line":1,"column":598}},{"start":{"line":1,"column":599},"end":{"line":1,"column":603}}],"line":1},"2":{"loc":{"start":{"line":1,"column":492},"end":{"line":1,"column":507}},"type":"binary-expr","locations":[{"start":{"line":1,"column":492},"end":{"line":1,"column":493}},{"start":{"line":1,"column":495},"end":{"line":1,"column":507}}],"line":1},"3":{"loc":{"start":{"line":1,"column":1393},"end":{"line":1,"column":1438}},"type":"if","locations":[{"start":{"line":1,"column":1393},"end":{"line":1,"column":1438}},{"start":{"line":1,"column":1393},"end":{"line":1,"column":1438}}],"line":1},"4":{"loc":{"start":{"line":1,"column":1778},"end":{"line":1,"column":1828}},"type":"if","locations":[{"start":{"line":1,"column":1778},"end":{"line":1,"column":1828}},{"start":{"line":1,"column":1778},"end":{"line":1,"column":1828}}],"line":1},"5":{"loc":{"start":{"line":1,"column":1889},"end":{"line":1,"column":1957}},"type":"cond-expr","locations":[{"start":{"line":1,"column":1891},"end":{"line":1,"column":1952}},{"start":{"line":1,"column":1953},"end":{"line":1,"column":1957}}],"line":1},"6":{"loc":{"start":{"line":1,"column":2009},"end":{"line":1,"column":2085}},"type":"cond-expr","locations":[{"start":{"line":1,"column":2011},"end":{"line":1,"column":2080}},{"start":{"line":1,"column":2081},"end":{"line":1,"column":2085}}],"line":1}},"s":{"0":1,"1":1,"2":1,"3":1,"4":1,"5":1,"6":0,"7":0,"8":0,"9":0,"10":0,"11":0,"12":0,"13":0,"14":0,"15":0,"16":0,"17":0,"18":0,"19":0,"20":0,"21":0,"22":0,"23":0,"24":1,"25":0,"26":0,"27":1,"28":1,"29":1,"30":0,"31":0,"32":0,"33":0,"34":0,"35":0,"36":0,"37":0,"38":0,"39":0,"40":0,"41":0,"42":1,"43":1},"f":{"0":0,"1":0,"2":0,"3":0,"4":0,"5":0,"6":0,"7":0},"b":{"0":[0,0],"1":[0,0],"2":[0,0],"3":[0,0],"4":[0,0],"5":[0,0],"6":[0,0]},"_coverageSchema":"43e27e138ebf9cfc5966b082cf9a028302ed4184","hash":"1d65d6ad8f3a5fc38d1b15e55e8101c8c12cc82a"}
,"/Users/a58/Documents/项目/wto/wto/src/linter/lib/toutiao/unsupported-attrs.js": {"path":"/Users/a58/Documents/项目/wto/wto/src/linter/lib/toutiao/unsupported-attrs.js","statementMap":{"0":{"start":{"line":1,"column":0},"end":{"line":1,"column":1570}}},"fnMap":{},"branchMap":{},"s":{"0":1},"f":{},"b":{},"_coverageSchema":"43e27e138ebf9cfc5966b082cf9a028302ed4184","hash":"13798d5c019a69a7a5a0ba49be436ed808746457"}
,"/Users/a58/Documents/项目/wto/wto/src/linter/lib/toutiao/unsupported-events.js": {"path":"/Users/a58/Documents/项目/wto/wto/src/linter/lib/toutiao/unsupported-events.js","statementMap":{"0":{"start":{"line":1,"column":0},"end":{"line":1,"column":709}}},"fnMap":{},"branchMap":{},"s":{"0":1},"f":{},"b":{},"_coverageSchema":"43e27e138ebf9cfc5966b082cf9a028302ed4184","hash":"d1f8cebc2b9ecdf5eea20cd2fa9d8b9cdffb9130"}
,"/Users/a58/Documents/项目/wto/wto/src/linter/lib/toutiao/unsupported-fns.js": {"path":"/Users/a58/Documents/项目/wto/wto/src/linter/lib/toutiao/unsupported-fns.js","statementMap":{"0":{"start":{"line":1,"column":0},"end":{"line":1,"column":3249}}},"fnMap":{},"branchMap":{},"s":{"0":1},"f":{},"b":{},"_coverageSchema":"43e27e138ebf9cfc5966b082cf9a028302ed4184","hash":"4323b687b4f607761b1df4e5779fba2b3f17f211"}
,"/Users/a58/Documents/项目/wto/wto/src/linter/lib/toutiao/unsupported-tags.js": {"path":"/Users/a58/Documents/项目/wto/wto/src/linter/lib/toutiao/unsupported-tags.js","statementMap":{"0":{"start":{"line":1,"column":0},"end":{"line":1,"column":189}}},"fnMap":{},"branchMap":{},"s":{"0":1},"f":{},"b":{},"_coverageSchema":"43e27e138ebf9cfc5966b082cf9a028302ed4184","hash":"ea24df52aa7314127125dfe835a2f870cc6a7bb5"}
,"/Users/a58/Documents/项目/wto/wto/src/linter/lib/utils/utils.js": {"path":"/Users/a58/Documents/项目/wto/wto/src/linter/lib/utils/utils.js","statementMap":{"0":{"start":{"line":1,"column":31},"end":{"line":1,"column":43}},"1":{"start":{"line":1,"column":44},"end":{"line":1,"column":86}},"2":{"start":{"line":1,"column":139},"end":{"line":1,"column":141}},"3":{"start":{"line":1,"column":142},"end":{"line":1,"column":349}},"4":{"start":{"line":1,"column":163},"end":{"line":1,"column":345}},"5":{"start":{"line":1,"column":191},"end":{"line":1,"column":224}},"6":{"start":{"line":1,"column":227},"end":{"line":1,"column":237}},"7":{"start":{"line":1,"column":238},"end":{"line":1,"column":343}},"8":{"start":{"line":1,"column":252},"end":{"line":1,"column":265}},"9":{"start":{"line":1,"column":268},"end":{"line":1,"column":302}},"10":{"start":{"line":1,"column":303},"end":{"line":1,"column":342}},"11":{"start":{"line":1,"column":350},"end":{"line":1,"column":433}}},"fnMap":{"0":{"name":"calcLine","decl":{"start":{"line":1,"column":9},"end":{"line":1,"column":17}},"loc":{"start":{"line":1,"column":22},"end":{"line":1,"column":87}},"line":1},"1":{"name":"unsupportedAttrOrEvents","decl":{"start":{"line":1,"column":96},"end":{"line":1,"column":119}},"loc":{"start":{"line":1,"column":130},"end":{"line":1,"column":350}},"line":1},"2":{"name":"(anonymous_2)","decl":{"start":{"line":1,"column":159},"end":{"line":1,"column":160}},"loc":{"start":{"line":1,"column":162},"end":{"line":1,"column":346}},"line":1},"3":{"name":"(anonymous_3)","decl":{"start":{"line":1,"column":179},"end":{"line":1,"column":180}},"loc":{"start":{"line":1,"column":182},"end":{"line":1,"column":344}},"line":1}},"branchMap":{"0":{"loc":{"start":{"line":1,"column":238},"end":{"line":1,"column":343}},"type":"if","locations":[{"start":{"line":1,"column":238},"end":{"line":1,"column":343}},{"start":{"line":1,"column":238},"end":{"line":1,"column":343}}],"line":1}},"s":{"0":0,"1":0,"2":0,"3":0,"4":0,"5":0,"6":0,"7":0,"8":0,"9":0,"10":0,"11":2},"f":{"0":0,"1":0,"2":0,"3":0},"b":{"0":[0,0]},"_coverageSchema":"43e27e138ebf9cfc5966b082cf9a028302ed4184","hash":"10d5a1eae8b64cfe95781401e379e5e1c6a39625"}
,"/Users/a58/Documents/项目/wto/wto/src/platform/alibaba/converter.js": {"path":"/Users/a58/Documents/项目/wto/wto/src/platform/alibaba/converter.js","statementMap":{"0":{"start":{"line":1,"column":11},"end":{"line":1,"column":24}},"1":{"start":{"line":2,"column":16},"end":{"line":2,"column":31}},"2":{"start":{"line":3,"column":13},"end":{"line":3,"column":28}},"3":{"start":{"line":4,"column":15},"end":{"line":4,"column":37}},"4":{"start":{"line":5,"column":16},"end":{"line":5,"column":39}},"5":{"start":{"line":6,"column":15},"end":{"line":6,"column":33}},"6":{"start":{"line":7,"column":15},"end":{"line":7,"column":47}},"7":{"start":{"line":8,"column":15},"end":{"line":8,"column":35}},"8":{"start":{"line":9,"column":17},"end":{"line":9,"column":36}},"9":{"start":{"line":12,"column":4},"end":{"line":12,"column":21}},"10":{"start":{"line":13,"column":15},"end":{"line":13,"column":38}},"11":{"start":{"line":14,"column":15},"end":{"line":14,"column":44}},"12":{"start":{"line":15,"column":18},"end":{"line":15,"column":49}},"13":{"start":{"line":16,"column":19},"end":{"line":16,"column":53}},"14":{"start":{"line":17,"column":22},"end":{"line":17,"column":59}},"15":{"start":{"line":20,"column":14},"end":{"line":20,"column":35}},"16":{"start":{"line":21,"column":15},"end":{"line":21,"column":40}},"17":{"start":{"line":22,"column":17},"end":{"line":22,"column":52}},"18":{"start":{"line":24,"column":2},"end":{"line":24,"column":41}},"19":{"start":{"line":27,"column":2},"end":{"line":63,"column":27}},"20":{"start":{"line":28,"column":41},"end":{"line":28,"column":62}},"21":{"start":{"line":30,"column":19},"end":{"line":30,"column":78}},"22":{"start":{"line":31,"column":23},"end":{"line":31,"column":64}},"23":{"start":{"line":32,"column":23},"end":{"line":32,"column":64}},"24":{"start":{"line":35,"column":6},"end":{"line":58,"column":9}},"25":{"start":{"line":36,"column":8},"end":{"line":57,"column":9}},"26":{"start":{"line":37,"column":23},"end":{"line":37,"column":48}},"27":{"start":{"line":38,"column":23},"end":{"line":38,"column":48}},"28":{"start":{"line":39,"column":22},"end":{"line":39,"column":43}},"29":{"start":{"line":40,"column":28},"end":{"line":40,"column":48}},"30":{"start":{"line":41,"column":24},"end":{"line":41,"column":56}},"31":{"start":{"line":43,"column":10},"end":{"line":53,"column":11}},"32":{"start":{"line":44,"column":24},"end":{"line":44,"column":42}},"33":{"start":{"line":45,"column":12},"end":{"line":49,"column":15}},"34":{"start":{"line":46,"column":14},"end":{"line":46,"column":42}},"35":{"start":{"line":47,"column":14},"end":{"line":47,"column":30}},"36":{"start":{"line":48,"column":14},"end":{"line":48,"column":19}},"37":{"start":{"line":51,"column":12},"end":{"line":51,"column":28}},"38":{"start":{"line":52,"column":12},"end":{"line":52,"column":17}},"39":{"start":{"line":55,"column":10},"end":{"line":55,"column":26}},"40":{"start":{"line":56,"column":10},"end":{"line":56,"column":15}},"41":{"start":{"line":61,"column":6},"end":{"line":61,"column":29}},"42":{"start":{"line":66,"column":2},"end":{"line":106,"column":27}},"43":{"start":{"line":67,"column":41},"end":{"line":67,"column":62}},"44":{"start":{"line":69,"column":19},"end":{"line":69,"column":78}},"45":{"start":{"line":70,"column":23},"end":{"line":70,"column":64}},"46":{"start":{"line":73,"column":6},"end":{"line":101,"column":9}},"47":{"start":{"line":74,"column":8},"end":{"line":100,"column":9}},"48":{"start":{"line":75,"column":23},"end":{"line":75,"column":48}},"49":{"start":{"line":76,"column":24},"end":{"line":76,"column":56}},"50":{"start":{"line":78,"column":10},"end":{"line":96,"column":11}},"51":{"start":{"line":79,"column":24},"end":{"line":79,"column":42}},"52":{"start":{"line":80,"column":24},"end":{"line":80,"column":45}},"53":{"start":{"line":81,"column":25},"end":{"line":81,"column":61}},"54":{"start":{"line":82,"column":12},"end":{"line":82,"column":37}},"55":{"start":{"line":83,"column":28},"end":{"line":88,"column":36}},"56":{"start":{"line":90,"column":12},"end":{"line":90,"column":44}},"57":{"start":{"line":91,"column":12},"end":{"line":91,"column":28}},"58":{"start":{"line":92,"column":12},"end":{"line":92,"column":17}},"59":{"start":{"line":94,"column":12},"end":{"line":94,"column":28}},"60":{"start":{"line":95,"column":12},"end":{"line":95,"column":17}},"61":{"start":{"line":98,"column":10},"end":{"line":98,"column":26}},"62":{"start":{"line":99,"column":10},"end":{"line":99,"column":15}},"63":{"start":{"line":104,"column":6},"end":{"line":104,"column":29}},"64":{"start":{"line":109,"column":25},"end":{"line":109,"column":54}},"65":{"start":{"line":110,"column":18},"end":{"line":110,"column":38}},"66":{"start":{"line":111,"column":2},"end":{"line":120,"column":5}},"67":{"start":{"line":112,"column":4},"end":{"line":115,"column":5}},"68":{"start":{"line":114,"column":6},"end":{"line":114,"column":50}},"69":{"start":{"line":117,"column":4},"end":{"line":119,"column":29}},"70":{"start":{"line":118,"column":43},"end":{"line":118,"column":64}},"71":{"start":{"line":123,"column":2},"end":{"line":127,"column":7}},"72":{"start":{"line":126,"column":6},"end":{"line":126,"column":39}},"73":{"start":{"li
[...]
,"/Users/a58/Documents/项目/wto/wto/src/platform/alibaba/linter.js": {"path":"/Users/a58/Documents/项目/wto/wto/src/platform/alibaba/linter.js","statementMap":{"0":{"start":{"line":1,"column":15},"end":{"line":1,"column":43}},"1":{"start":{"line":2,"column":19},"end":{"line":2,"column":48}},"2":{"start":{"line":5,"column":21},"end":{"line":5,"column":42}},"3":{"start":{"line":6,"column":2},"end":{"line":6,"column":90}},"4":{"start":{"line":7,"column":2},"end":{"line":7,"column":92}},"5":{"start":{"line":10,"column":0},"end":{"line":10,"column":22}}},"fnMap":{"0":{"name":"lint","decl":{"start":{"line":4,"column":9},"end":{"line":4,"column":13}},"loc":{"start":{"line":4,"column":24},"end":{"line":8,"column":1}},"line":4}},"branchMap":{"0":{"loc":{"start":{"line":4,"column":14},"end":{"line":4,"column":22}},"type":"default-arg","locations":[{"start":{"line":4,"column":20},"end":{"line":4,"column":22}}],"line":4},"1":{"loc":{"start":{"line":5,"column":21},"end":{"line":5,"column":42}},"type":"binary-expr","locations":[{"start":{"line":5,"column":21},"end":{"line":5,"column":31}},{"start":{"line":5,"column":35},"end":{"line":5,"column":42}}],"line":5}},"s":{"0":1,"1":1,"2":0,"3":0,"4":0,"5":1},"f":{"0":0},"b":{"0":[0],"1":[0,0]},"_coverageSchema":"43e27e138ebf9cfc5966b082cf9a028302ed4184","hash":"9845b734d91c16575ba8e1a250df4319fcba51b8"}
,"/Users/a58/Documents/项目/wto/wto/src/scope/scope-id.js": {"path":"/Users/a58/Documents/项目/wto/wto/src/scope/scope-id.js","statementMap":{"0":{"start":{"line":1,"column":16},"end":{"line":1,"column":34}},"1":{"start":{"line":2,"column":23},"end":{"line":2,"column":57}},"2":{"start":{"line":4,"column":0},"end":{"line":32,"column":3}},"3":{"start":{"line":5,"column":2},"end":{"line":31,"column":4}},"4":{"start":{"line":6,"column":4},"end":{"line":30,"column":7}},"5":{"start":{"line":7,"column":6},"end":{"line":13,"column":7}},"6":{"start":{"line":9,"column":8},"end":{"line":11,"column":9}},"7":{"start":{"line":10,"column":10},"end":{"line":10,"column":37}},"8":{"start":{"line":12,"column":8},"end":{"line":12,"column":15}},"9":{"start":{"line":15,"column":6},"end":{"line":29,"column":39}},"10":{"start":{"line":16,"column":8},"end":{"line":28,"column":11}},"11":{"start":{"line":17,"column":23},"end":{"line":17,"column":27}},"12":{"start":{"line":19,"column":10},"end":{"line":23,"column":13}},"13":{"start":{"line":20,"column":12},"end":{"line":22,"column":13}},"14":{"start":{"line":21,"column":14},"end":{"line":21,"column":25}},"15":{"start":{"line":25,"column":10},"end":{"line":27,"column":14}}},"fnMap":{"0":{"name":"(anonymous_0)","decl":{"start":{"line":4,"column":42},"end":{"line":4,"column":43}},"loc":{"start":{"line":4,"column":50},"end":{"line":32,"column":1}},"line":4},"1":{"name":"(anonymous_1)","decl":{"start":{"line":5,"column":9},"end":{"line":5,"column":10}},"loc":{"start":{"line":5,"column":25},"end":{"line":31,"column":3}},"line":5},"2":{"name":"rewriteSelector","decl":{"start":{"line":6,"column":23},"end":{"line":6,"column":38}},"loc":{"start":{"line":6,"column":46},"end":{"line":30,"column":5}},"line":6},"3":{"name":"(anonymous_3)","decl":{"start":{"line":15,"column":37},"end":{"line":15,"column":38}},"loc":{"start":{"line":15,"column":52},"end":{"line":29,"column":7}},"line":15},"4":{"name":"(anonymous_4)","decl":{"start":{"line":16,"column":23},"end":{"line":16,"column":24}},"loc":{"start":{"line":16,"column":37},"end":{"line":28,"column":9}},"line":16},"5":{"name":"(anonymous_5)","decl":{"start":{"line":19,"column":24},"end":{"line":19,"column":25}},"loc":{"start":{"line":19,"column":31},"end":{"line":23,"column":11}},"line":19}},"branchMap":{"0":{"loc":{"start":{"line":7,"column":6},"end":{"line":13,"column":7}},"type":"if","locations":[{"start":{"line":7,"column":6},"end":{"line":13,"column":7}},{"start":{"line":7,"column":6},"end":{"line":13,"column":7}}],"line":7},"1":{"loc":{"start":{"line":9,"column":8},"end":{"line":11,"column":9}},"type":"if","locations":[{"start":{"line":9,"column":8},"end":{"line":11,"column":9}},{"start":{"line":9,"column":8},"end":{"line":11,"column":9}}],"line":9},"2":{"loc":{"start":{"line":9,"column":12},"end":{"line":9,"column":59}},"type":"binary-expr","locations":[{"start":{"line":9,"column":12},"end":{"line":9,"column":34}},{"start":{"line":9,"column":38},"end":{"line":9,"column":59}}],"line":9},"3":{"loc":{"start":{"line":20,"column":12},"end":{"line":22,"column":13}},"type":"if","locations":[{"start":{"line":20,"column":12},"end":{"line":22,"column":13}},{"start":{"line":20,"column":12},"end":{"line":22,"column":13}}],"line":20}},"s":{"0":2,"1":2,"2":2,"3":1,"4":0,"5":0,"6":0,"7":0,"8":0,"9":0,"10":0,"11":0,"12":0,"13":0,"14":0,"15":0},"f":{"0":1,"1":0,"2":0,"3":0,"4":0,"5":0},"b":{"0":[0,0],"1":[0,0],"2":[0,0],"3":[0,0]},"_coverageSchema":"43e27e138ebf9cfc5966b082cf9a028302ed4184","hash":"9e4955913741b4e165307aac88c0fb707b8efe5b"}
,"/Users/a58/Documents/项目/wto/wto/src/scope/scope-style.js": {"path":"/Users/a58/Documents/项目/wto/wto/src/scope/scope-style.js","statementMap":{"0":{"start":{"line":1,"column":16},"end":{"line":1,"column":34}},"1":{"start":{"line":2,"column":16},"end":{"line":2,"column":37}},"2":{"start":{"line":10,"column":0},"end":{"line":20,"column":2}},"3":{"start":{"line":13,"column":2},"end":{"line":19,"column":7}},"4":{"start":{"line":16,"column":6},"end":{"line":16,"column":24}},"5":{"start":{"line":18,"column":6},"end":{"line":18,"column":15}}},"fnMap":{"0":{"name":"(anonymous_0)","decl":{"start":{"line":10,"column":17},"end":{"line":10,"column":18}},"loc":{"start":{"line":10,"column":40},"end":{"line":20,"column":1}},"line":10},"1":{"name":"(anonymous_1)","decl":{"start":{"line":15,"column":10},"end":{"line":15,"column":11}},"loc":{"start":{"line":15,"column":22},"end":{"line":17,"column":5}},"line":15},"2":{"name":"(anonymous_2)","decl":{"start":{"line":17,"column":13},"end":{"line":17,"column":14}},"loc":{"start":{"line":17,"column":20},"end":{"line":19,"column":5}},"line":17}},"branchMap":{},"s":{"0":2,"1":2,"2":2,"3":1,"4":0,"5":1},"f":{"0":1,"1":0,"2":1},"b":{},"_coverageSchema":"43e27e138ebf9cfc5966b082cf9a028302ed4184","hash":"4bad679bf4146f2a97080a711e0eeaae7cd86227"}
,"/Users/a58/Documents/项目/wto/wto/src/scope/scope-template.js": {"path":"/Users/a58/Documents/项目/wto/wto/src/scope/scope-template.js","statementMap":{"0":{"start":{"line":1,"column":0},"end":{"line":13,"column":2}},"1":{"start":{"line":2,"column":2},"end":{"line":12,"column":3}},"2":{"start":{"line":3,"column":4},"end":{"line":11,"column":7}},"3":{"start":{"line":4,"column":6},"end":{"line":10,"column":7}},"4":{"start":{"line":7,"column":20},"end":{"line":7,"column":47}},"5":{"start":{"line":8,"column":8},"end":{"line":8,"column":67}},"6":{"start":{"line":9,"column":8},"end":{"line":9,"column":34}}},"fnMap":{"0":{"name":"walkNode","decl":{"start":{"line":1,"column":26},"end":{"line":1,"column":34}},"loc":{"start":{"line":1,"column":52},"end":{"line":13,"column":1}},"line":1},"1":{"name":"(anonymous_1)","decl":{"start":{"line":3,"column":49},"end":{"line":3,"column":50}},"loc":{"start":{"line":3,"column":60},"end":{"line":11,"column":5}},"line":3}},"branchMap":{"0":{"loc":{"start":{"line":2,"column":2},"end":{"line":12,"column":3}},"type":"if","locations":[{"start":{"line":2,"column":2},"end":{"line":12,"column":3}},{"start":{"line":2,"column":2},"end":{"line":12,"column":3}}],"line":2},"1":{"loc":{"start":{"line":3,"column":18},"end":{"line":3,"column":39}},"type":"binary-expr","locations":[{"start":{"line":3,"column":18},"end":{"line":3,"column":33}},{"start":{"line":3,"column":37},"end":{"line":3,"column":39}}],"line":3},"2":{"loc":{"start":{"line":4,"column":6},"end":{"line":10,"column":7}},"type":"if","locations":[{"start":{"line":4,"column":6},"end":{"line":10,"column":7}},{"start":{"line":4,"column":6},"end":{"line":10,"column":7}}],"line":4}},"s":{"0":2,"1":1,"2":0,"3":0,"4":0,"5":0,"6":0},"f":{"0":1,"1":0},"b":{"0":[0,1],"1":[0,0],"2":[0,0]},"_coverageSchema":"43e27e138ebf9cfc5966b082cf9a028302ed4184","hash":"63647c8adec427e5788a9a5de6de4575c1946997"}
,"/Users/a58/Documents/项目/wto/wto/src/utils/linter.js": {"path":"/Users/a58/Documents/项目/wto/wto/src/utils/linter.js","statementMap":{"0":{"start":{"line":1,"column":11},"end":{"line":1,"column":24}},"1":{"start":{"line":2,"column":13},"end":{"line":2,"column":28}},"2":{"start":{"line":3,"column":17},"end":{"line":3,"column":36}},"3":{"start":{"line":4,"column":17},"end":{"line":4,"column":36}},"4":{"start":{"line":5,"column":15},"end":{"line":5,"column":47}},"5":{"start":{"line":6,"column":15},"end":{"line":6,"column":41}},"6":{"start":{"line":9,"column":2},"end":{"line":9,"column":66}},"7":{"start":{"line":9,"column":29},"end":{"line":9,"column":39}},"8":{"start":{"line":9,"column":58},"end":{"line":9,"column":64}},"9":{"start":{"line":13,"column":19},"end":{"line":13,"column":40}},"10":{"start":{"line":14,"column":19},"end":{"line":14,"column":23}},"11":{"start":{"line":15,"column":16},"end":{"line":15,"column":18}},"12":{"start":{"line":17,"column":2},"end":{"line":19,"column":5}},"13":{"start":{"line":18,"column":4},"end":{"line":18,"column":49}},"14":{"start":{"line":21,"column":2},"end":{"line":21,"column":42}},"15":{"start":{"line":21,"column":34},"end":{"line":21,"column":40}},"16":{"start":{"line":25,"column":2},"end":{"line":54,"column":8}},"17":{"start":{"line":27,"column":21},"end":{"line":27,"column":51}},"18":{"start":{"line":28,"column":21},"end":{"line":28,"column":64}},"19":{"start":{"line":29,"column":22},"end":{"line":29,"column":47}},"20":{"start":{"line":30,"column":23},"end":{"line":30,"column":27}},"21":{"start":{"line":31,"column":17},"end":{"line":31,"column":18}},"22":{"start":{"line":33,"column":6},"end":{"line":40,"column":9}},"23":{"start":{"line":34,"column":8},"end":{"line":34,"column":15}},"24":{"start":{"line":35,"column":8},"end":{"line":39,"column":11}},"25":{"start":{"line":36,"column":10},"end":{"line":38,"column":13}},"26":{"start":{"line":42,"column":6},"end":{"line":50,"column":9}},"27":{"start":{"line":43,"column":8},"end":{"line":45,"column":9}},"28":{"start":{"line":44,"column":10},"end":{"line":44,"column":46}},"29":{"start":{"line":46,"column":8},"end":{"line":46,"column":59}},"30":{"start":{"line":46,"column":32},"end":{"line":46,"column":56}},"31":{"start":{"line":47,"column":8},"end":{"line":49,"column":11}},"32":{"start":{"line":48,"column":10},"end":{"line":48,"column":93}},"33":{"start":{"line":53,"column":6},"end":{"line":53,"column":17}},"34":{"start":{"line":57,"column":0},"end":{"line":57,"column":22}}},"fnMap":{"0":{"name":"lintLine","decl":{"start":{"line":8,"column":9},"end":{"line":8,"column":17}},"loc":{"start":{"line":8,"column":37},"end":{"line":10,"column":1}},"line":8},"1":{"name":"(anonymous_1)","decl":{"start":{"line":9,"column":23},"end":{"line":9,"column":24}},"loc":{"start":{"line":9,"column":29},"end":{"line":9,"column":39}},"line":9},"2":{"name":"(anonymous_2)","decl":{"start":{"line":9,"column":48},"end":{"line":9,"column":49}},"loc":{"start":{"line":9,"column":58},"end":{"line":9,"column":64}},"line":9},"3":{"name":"lintFile","decl":{"start":{"line":12,"column":9},"end":{"line":12,"column":17}},"loc":{"start":{"line":12,"column":35},"end":{"line":22,"column":1}},"line":12},"4":{"name":"(anonymous_4)","decl":{"start":{"line":17,"column":20},"end":{"line":17,"column":21}},"loc":{"start":{"line":17,"column":26},"end":{"line":19,"column":3}},"line":17},"5":{"name":"(anonymous_5)","decl":{"start":{"line":21,"column":24},"end":{"line":21,"column":25}},"loc":{"start":{"line":21,"column":34},"end":{"line":21,"column":40}},"line":21},"6":{"name":"lint","decl":{"start":{"line":24,"column":9},"end":{"line":24,"column":13}},"loc":{"start":{"line":24,"column":79},"end":{"line":55,"column":1}},"line":24},"7":{"name":"(anonymous_7)","decl":{"start":{"line":26,"column":23},"end":{"line":26,"column":24}},"loc":{"start":{"line":26,"column":56},"end":{"line":54,"column":5}},"line":26},"8":{"name":"(anonymous_8)","decl":{"start":{"line":33,"column":24},"end":{"line":33,"column":25}},"loc":{"start":{"line":33,"column":36},"end":{"line":40,"column":7}},"line":33},"9":{"name":"(anonymous_9)","decl":{"start":{"line":35,"column":44},"end":{"line":35,"column":45}},"loc":{"start":{"line":35,"column":56},"end":{"line":39,"column":9}},"line":35},"10":{"name":"(anonymous_10)","decl":{"start":{"line":42,"column":25},"end":{"line":42,"column":26}},"loc":{"start":{"line":42,"column":31},"end":{"line":50,"column":7}},"line":42},"11":{"name":"(anonymous_11)","decl":{"start":{"line":46,"column":21},"end":{"line":46,"column":22}},"loc":{"start":{"line":46,"column":32},"end":{"line":46,"column":56}},"line":46},"12":{"name":"(anonymous_12)","decl":{"start":{"line":47,"column":24},"end":{"line":47,"column":25}},"loc":{"start":{"line":47,"column":34},"end":{"line":49,"column":9}},"line":47}},"branchMap":{"0":{"loc":{"start":{"line":24,"column":24},"end":{"line":24,"column":55}},"type":"default-arg","locations":[{"start":{"line":24,"column":37},"end":{"line":24,"column":55}}],"line":24},"1":{"loc":{"start":{"line":43,"column":8},"end":{"line":45,"column":9}},"type":"if","locations":[{"start":{"line":43,"column":8},"end":{"line":45,"column":9}},{"start":{"line":43,"column":8},"end":{"line":45,"column":9}}],"line":43},"2":{"loc":{"start":{"line":46,"column":32},"end":{"line":46,"column":56}},"type":"cond-expr","locations":[{"start":{"line":46,"column":50},"end":{"line":46,"column":51}},{"start":{"line":46,"column":54},"end":{"line":46,"column":56}}],"line":46}},"s":{"0":2,"1":2,"2":2,"3":2,"4":2,"5":2,"6":0,"7":0,"8":0,"9":0,"10":0,"11":0,"12":0,"13":0,"14":0,"15":0,"16":1,"17":0,"18":0,"19":0,"20":0,"21":0,"22":0,"23":0,"24":0,"25":0,"26":0,"27":0,"28":0,"29":0,"30":0,"31":0,"32":0,"33":0,"34":2},"f":{"0":0,"1":0,"2":0,"3":0,"4":0,"5":0,"6":1,"7":0,"8":0,"9":0,"10":0,"11":0,"12":0},"b":{"0":[0],"1":[0,0],"2":[0,0]},"_coverageSchema":"43e27e138ebf9cfc5966b082cf9a028302ed4184","hash":"f6fc1d43d4d3b7d0239b9ca97363ff6258676d79"}
,"/Users/a58/Documents/项目/wto/wto/src/utils/logger.js": {"path":"/Users/a58/Documents/项目/wto/wto/src/utils/logger.js","statementMap":{"0":{"start":{"line":1,"column":15},"end":{"line":1,"column":37}},"1":{"start":{"line":3,"column":0},"end":{"line":3,"column":22}},"2":{"start":{"line":4,"column":0},"end":{"line":15,"column":3}},"3":{"start":{"line":18,"column":2},"end":{"line":18,"column":41}},"4":{"start":{"line":22,"column":2},"end":{"line":22,"column":38}},"5":{"start":{"line":26,"column":2},"end":{"line":26,"column":40}},"6":{"start":{"line":30,"column":2},"end":{"line":30,"column":39}},"7":{"start":{"line":42,"column":2},"end":{"line":48,"column":14}},"8":{"start":{"line":51,"column":0},"end":{"line":57,"column":2}}},"fnMap":{"0":{"name":"warn","decl":{"start":{"line":17,"column":9},"end":{"line":17,"column":13}},"loc":{"start":{"line":17,"column":38},"end":{"line":19,"column":1}},"line":17},"1":{"name":"error","decl":{"start":{"line":21,"column":9},"end":{"line":21,"column":14}},"loc":{"start":{"line":21,"column":40},"end":{"line":23,"column":1}},"line":21},"2":{"name":"success","decl":{"start":{"line":25,"column":9},"end":{"line":25,"column":16}},"loc":{"start":{"line":25,"column":42},"end":{"line":27,"column":1}},"line":25},"3":{"name":"info","decl":{"start":{"line":29,"column":9},"end":{"line":29,"column":13}},"loc":{"start":{"line":29,"column":36},"end":{"line":31,"column":1}},"line":29},"4":{"name":"lintWarning","decl":{"start":{"line":41,"column":9},"end":{"line":41,"column":20}},"loc":{"start":{"line":41,"column":59},"end":{"line":49,"column":1}},"line":41}},"branchMap":{"0":{"loc":{"start":{"line":17,"column":19},"end":{"line":17,"column":36}},"type":"default-arg","locations":[{"start":{"line":17,"column":25},"end":{"line":17,"column":36}}],"line":17},"1":{"loc":{"start":{"line":21,"column":20},"end":{"line":21,"column":38}},"type":"default-arg","locations":[{"start":{"line":21,"column":26},"end":{"line":21,"column":38}}],"line":21},"2":{"loc":{"start":{"line":25,"column":22},"end":{"line":25,"column":40}},"type":"default-arg","locations":[{"start":{"line":25,"column":28},"end":{"line":25,"column":40}}],"line":25},"3":{"loc":{"start":{"line":29,"column":19},"end":{"line":29,"column":34}},"type":"default-arg","locations":[{"start":{"line":29,"column":25},"end":{"line":29,"column":34}}],"line":29}},"s":{"0":3,"1":3,"2":3,"3":2,"4":1,"5":1,"6":1,"7":1,"8":3},"f":{"0":2,"1":1,"2":1,"3":1,"4":1},"b":{"0":[1],"1":[0],"2":[0],"3":[0]},"_coverageSchema":"43e27e138ebf9cfc5966b082cf9a028302ed4184","hash":"92f8182f63efa63b7c5c8caccd1a98bcf3121b13"}
,"/Users/a58/Documents/项目/wto/wto/src/utils/utils.js": {"path":"/Users/a58/Documents/项目/wto/wto/src/utils/utils.js","statementMap":{"0":{"start":{"line":2,"column":16},"end":{"line":2,"column":35}},"1":{"start":{"line":3,"column":14},"end":{"line":3,"column":40}},"2":{"start":{"line":4,"column":2},"end":{"line":4,"column":32}},"3":{"start":{"line":7,"column":0},"end":{"line":9,"column":2}}},"fnMap":{"0":{"name":"calcLine","decl":{"start":{"line":1,"column":9},"end":{"line":1,"column":17}},"loc":{"start":{"line":1,"column":31},"end":{"line":5,"column":1}},"line":1}},"branchMap":{},"s":{"0":1,"1":1,"2":1,"3":1},"f":{"0":1},"b":{},"_coverageSchema":"43e27e138ebf9cfc5966b082cf9a028302ed4184","hash":"7311b24ba5b44ff196891ee137e4d8f65b79aebe"}
,"/Users/a58/Documents/项目/wto/wto/test/utils/utils.js": {"path":"/Users/a58/Documents/项目/wto/wto/test/utils/utils.js","statementMap":{"0":{"start":{"line":5,"column":2},"end":{"line":21,"column":4}},"1":{"start":{"line":6,"column":17},"end":{"line":6,"column":21}},"2":{"start":{"line":8,"column":6},"end":{"line":20,"column":8}},"3":{"start":{"line":11,"column":14},"end":{"line":11,"column":24}},"4":{"start":{"line":14,"column":14},"end":{"line":14,"column":24}},"5":{"start":{"line":17,"column":14},"end":{"line":17,"column":38}},"6":{"start":{"line":18,"column":14},"end":{"line":18,"column":26}},"7":{"start":{"line":24,"column":0},"end":{"line":26,"column":1}}},"fnMap":{"0":{"name":"wa","decl":{"start":{"line":4,"column":9},"end":{"line":4,"column":11}},"loc":{"start":{"line":4,"column":29},"end":{"line":22,"column":1}},"line":4},"1":{"name":"(anonymous_1)","decl":{"start":{"line":5,"column":21},"end":{"line":5,"column":22}},"loc":{"start":{"line":5,"column":42},"end":{"line":21,"column":3}},"line":5},"2":{"name":"(anonymous_2)","decl":{"start":{"line":10,"column":10},"end":{"line":10,"column":11}},"loc":{"start":{"line":10,"column":23},"end":{"line":12,"column":11}},"line":10},"3":{"name":"(anonymous_3)","decl":{"start":{"line":13,"column":10},"end":{"line":13,"column":11}},"loc":{"start":{"line":13,"column":20},"end":{"line":15,"column":11}},"line":13},"4":{"name":"(anonymous_4)","decl":{"start":{"line":16,"column":10},"end":{"line":16,"column":11}},"loc":{"start":{"line":16,"column":24},"end":{"line":19,"column":11}},"line":16}},"branchMap":{"0":{"loc":{"start":{"line":4,"column":18},"end":{"line":4,"column":27}},"type":"default-arg","locations":[{"start":{"line":4,"column":25},"end":{"line":4,"column":27}}],"line":4}},"s":{"0":48,"1":48,"2":48,"3":48,"4":0,"5":48,"6":48,"7":9},"f":{"0":48,"1":48,"2":48,"3":0,"4":48},"b":{"0":[39]},"_coverageSchema":"43e27e138ebf9cfc5966b082cf9a028302ed4184","hash":"cd87d790f5b45b7823e66473aa45f3162ea29552"}
}
