TN:
SF:/Users/a58/Documents/项目/wto/wto/src/config.js
FN:7,(anonymous_0)
FNF:1
FNH:1
FNDA:1,(anonymous_0)
DA:1,2
DA:8,1
LF:2
LH:2
BRF:0
BRH:0
end_of_record
TN:
SF:/Users/a58/Documents/项目/wto/wto/src/converter/lib/index.js
FNF:0
FNH:0
DA:1,1
LF:1
LH:1
BRF:0
BRH:0
end_of_record
TN:
SF:/Users/a58/Documents/项目/wto/wto/src/converter/lib/alibaba/index.js
FNF:0
FNH:0
DA:1,1
LF:1
LH:1
BRF:0
BRH:0
end_of_record
TN:
SF:/Users/a58/Documents/项目/wto/wto/src/converter/lib/alibaba/json.js
FN:1,convert
FN:1,(anonymous_1)
FN:1,(anonymous_2)
FN:1,(anonymous_3)
FN:1,(anonymous_4)
FN:1,(anonymous_5)
FN:1,(anonymous_6)
FNF:7
FNH:6
FNDA:1,convert
FNDA:1,(anonymous_1)
FNDA:1,(anonymous_2)
FNDA:2,(anonymous_3)
FNDA:2,(anonymous_4)
FNDA:1,(anonymous_5)
FNDA:0,(anonymous_6)
DA:1,2
LF:1
LH:1
BRF:0
BRH:0
end_of_record
TN:
SF:/Users/a58/Documents/项目/wto/wto/src/converter/lib/alibaba/script.js
FN:1,defQuery
FN:1,convert
FN:1,(anonymous_2)
FN:1,(anonymous_3)
FN:1,(anonymous_4)
FN:1,(anonymous_5)
FN:1,(anonymous_6)
FN:1,(anonymous_7)
FN:1,(anonymous_8)
FN:1,(anonymous_9)
FN:1,(anonymous_10)
FN:1,(anonymous_11)
FN:1,(anonymous_12)
FN:1,(anonymous_13)
FN:1,(anonymous_14)
FN:1,(anonymous_15)
FNF:16
FNH:7
FNDA:1,defQuery
FNDA:1,convert
FNDA:0,(anonymous_2)
FNDA:1,(anonymous_3)
FNDA:0,(anonymous_4)
FNDA:1,(anonymous_5)
FNDA:0,(anonymous_6)
FNDA:0,(anonymous_7)
FNDA:1,(anonymous_8)
FNDA:0,(anonymous_9)
FNDA:1,(anonymous_10)
FNDA:0,(anonymous_11)
FNDA:0,(anonymous_12)
FNDA:0,(anonymous_13)
FNDA:1,(anonymous_14)
FNDA:0,(anonymous_15)
DA:1,2
LF:1
LH:1
BRDA:1,0,0,0
BRDA:1,0,1,0
BRDA:1,1,0,1
BRDA:1,1,1,0
BRDA:1,2,0,0
BRDA:1,2,1,0
BRDA:1,3,0,0
BRDA:1,3,1,0
BRDA:1,4,0,0
BRDA:1,4,1,0
BRDA:1,5,0,0
BRDA:1,5,1,0
BRDA:1,6,0,0
BRDA:1,6,1,0
BRDA:1,7,0,0
BRDA:1,7,1,0
BRDA:1,8,0,0
BRDA:1,8,1,0
BRDA:1,9,0,0
BRDA:1,9,1,0
BRDA:1,10,0,0
BRDA:1,10,1,0
BRDA:1,11,0,0
BRDA:1,11,1,0
BRDA:1,12,0,0
BRDA:1,12,1,0
BRF:26
BRH:1
end_of_record
TN:
SF:/Users/a58/Documents/项目/wto/wto/src/converter/lib/alibaba/wxml.js
FN:1,convert
FN:1,(anonymous_1)
FN:1,(anonymous_2)
FN:1,(anonymous_3)
FN:1,(anonymous_4)
FN:1,(anonymous_5)
FN:1,(anonymous_6)
FN:1,(anonymous_7)
FN:1,(anonymous_8)
FN:1,(anonymous_9)
FN:1,(anonymous_10)
FN:1,(anonymous_11)
FN:1,(anonymous_12)
FN:1,(anonymous_13)
FN:1,(anonymous_14)
FN:1,(anonymous_15)
FN:1,(anonymous_16)
FN:1,(anonymous_17)
FN:1,(anonymous_18)
FN:1,(anonymous_19)
FNF:20
FNH:16
FNDA:1,convert
FNDA:1,(anonymous_1)
FNDA:1,(anonymous_2)
FNDA:0,(anonymous_3)
FNDA:1,(anonymous_4)
FNDA:0,(anonymous_5)
FNDA:19,(anonymous_6)
FNDA:0,(anonymous_7)
FNDA:1,(anonymous_8)
FNDA:1,(anonymous_9)
FNDA:3,(anonymous_10)
FNDA:3,(anonymous_11)
FNDA:0,(anonymous_12)
FNDA:2,(anonymous_13)
FNDA:1,(anonymous_14)
FNDA:1,(anonymous_15)
FNDA:1,(anonymous_16)
FNDA:1,(anonymous_17)
FNDA:1,(anonymous_18)
FNDA:1,(anonymous_19)
DA:1,19
LF:1
LH:1
BRDA:1,0,0,19
BRDA:1,0,1,0
BRF:2
BRH:1
end_of_record
TN:
SF:/Users/a58/Documents/项目/wto/wto/src/converter/lib/alibaba/wxss.js
FN:1,convert
FN:1,(anonymous_1)
FNF:2
FNH:1
FNDA:1,convert
FNDA:0,(anonymous_1)
DA:1,2
LF:1
LH:1
BRF:0
BRH:0
end_of_record
TN:
SF:/Users/a58/Documents/项目/wto/wto/src/converter/lib/baidu/index.js
FNF:0
FNH:0
DA:1,1
LF:1
LH:1
BRF:0
BRH:0
end_of_record
TN:
SF:/Users/a58/Documents/项目/wto/wto/src/converter/lib/baidu/json.js
FN:1,convert
FN:1,(anonymous_1)
FN:1,(anonymous_2)
FN:1,(anonymous_3)
FNF:4
FNH:4
FNDA:1,convert
FNDA:1,(anonymous_1)
FNDA:2,(anonymous_2)
FNDA:2,(anonymous_3)
DA:1,2
LF:1
LH:1
BRF:0
BRH:0
end_of_record
TN:
SF:/Users/a58/Documents/项目/wto/wto/src/converter/lib/baidu/script.js
FN:1,convert
FN:1,(anonymous_1)
FNF:2
FNH:2
FNDA:1,convert
FNDA:1,(anonymous_1)
DA:1,2
LF:1
LH:1
BRF:0
BRH:0
end_of_record
TN:
SF:/Users/a58/Documents/项目/wto/wto/src/converter/lib/baidu/wxml.js
FN:1,convert
FN:1,(anonymous_1)
FN:1,(anonymous_2)
FN:1,(anonymous_3)
FN:1,(anonymous_4)
FN:1,(anonymous_5)
FN:1,(anonymous_6)
FN:1,(anonymous_7)
FN:1,(anonymous_8)
FN:1,(anonymous_9)
FN:1,(anonymous_10)
FN:1,(anonymous_11)
FN:1,(anonymous_12)
FN:1,(anonymous_13)
FN:1,(anonymous_14)
FN:1,(anonymous_15)
FN:1,(anonymous_16)
FN:1,(anonymous_17)
FN:1,(anonymous_18)
FN:1,(anonymous_19)
FN:1,(anonymous_20)
FNF:21
FNH:15
FNDA:1,convert
FNDA:1,(anonymous_1)
FNDA:1,(anonymous_2)
FNDA:13,(anonymous_3)
FNDA:1,(anonymous_4)
FNDA:1,(anonymous_5)
FNDA:8,(anonymous_6)
FNDA:0,(anonymous_7)
FNDA:1,(anonymous_8)
FNDA:0,(anonymous_9)
FNDA:1,(anonymous_10)
FNDA:1,(anonymous_11)
FNDA:1,(anonymous_12)
FNDA:1,(anonymous_13)
FNDA:1,(anonymous_14)
FNDA:0,(anonymous_15)
FNDA:0,(anonymous_16)
FNDA:0,(anonymous_17)
FNDA:0,(anonymous_18)
FNDA:1,(anonymous_19)
FNDA:1,(anonymous_20)
DA:1,13
LF:1
LH:1
BRDA:1,0,0,0
BRDA:1,0,1,1
BRF:2
BRH:1
end_of_record
TN:
SF:/Users/a58/Documents/项目/wto/wto/src/converter/lib/baidu/wxss.js
FN:1,convert
FN:1,(anonymous_1)
FN:1,(anonymous_2)
FN:1,(anonymous_3)
FN:1,(anonymous_4)
FNF:5
FNH:4
FNDA:1,convert
FNDA:0,(anonymous_1)
FNDA:1,(anonymous_2)
FNDA:1,(anonymous_3)
FNDA:1,(anonymous_4)
DA:1,2
LF:1
LH:1
BRF:0
BRH:0
end_of_record
TN:
SF:/Users/a58/Documents/项目/wto/wto/src/converter/lib/toutiao/index.js
FNF:0
FNH:0
DA:1,1
LF:1
LH:1
BRF:0
BRH:0
end_of_record
TN:
SF:/Users/a58/Documents/项目/wto/wto/src/converter/lib/toutiao/json.js
FN:1,convert
FNF:1
FNH:1
FNDA:1,convert
DA:1,2
LF:1
LH:1
BRF:0
BRH:0
end_of_record
TN:
SF:/Users/a58/Documents/项目/wto/wto/src/converter/lib/toutiao/script.js
FN:1,convert
FN:1,(anonymous_1)
FNF:2
FNH:2
FNDA:1,convert
FNDA:1,(anonymous_1)
DA:1,2
LF:1
LH:1
BRF:0
BRH:0
end_of_record
TN:
SF:/Users/a58/Documents/项目/wto/wto/src/converter/lib/toutiao/wxml.js
FN:1,convert
FN:1,(anonymous_1)
FN:1,(anonymous_2)
FN:1,(anonymous_3)
FN:1,(anonymous_4)
FN:1,(anonymous_5)
FN:1,(anonymous_6)
FN:1,(anonymous_7)
FN:1,(anonymous_8)
FN:1,(anonymous_9)
FNF:10
FNH:6
FNDA:1,convert
FNDA:0,(anonymous_1)
FNDA:0,(anonymous_2)
FNDA:0,(anonymous_3)
FNDA:0,(anonymous_4)
FNDA:1,(anonymous_5)
FNDA:1,(anonymous_6)
FNDA:1,(anonymous_7)
FNDA:1,(anonymous_8)
FNDA:1,(anonymous_9)
DA:1,2
LF:1
LH:1
BRF:0
BRH:0
end_of_record
TN:
SF:/Users/a58/Documents/项目/wto/wto/src/converter/lib/toutiao/wxss.js
FN:1,convert
FN:1,(anonymous_1)
FN:1,(anonymous_2)
FN:1,(anonymous_3)
FNF:4
FNH:3
FNDA:1,convert
FNDA:0,(anonymous_1)
FNDA:1,(anonymous_2)
FNDA:1,(anonymous_3)
DA:1,2
LF:1
LH:1
BRF:0
BRH:0
end_of_record
TN:
SF:/Users/a58/Documents/项目/wto/wto/src/converter/lib/utils/balancing-group.js
FN:1,extraBalancingGroup
FNF:1
FNH:1
FNDA:2,extraBalancingGroup
DA:1,12
LF:1
LH:1
BRDA:1,0,0,1
BRDA:1,1,0,1
BRDA:1,2,0,0
BRDA:1,2,1,2
BRDA:1,3,0,3
BRDA:1,3,1,9
BRDA:1,4,0,2
BRDA:1,4,1,7
BRDA:1,5,0,9
BRDA:1,5,1,3
BRDA:1,6,0,2
BRDA:1,6,1,2
BRF:12
BRH:11
end_of_record
TN:
SF:/Users/a58/Documents/项目/wto/wto/src/converter/lib/utils/extra-function.js
FN:1,extractFn
FNF:1
FNH:1
FNDA:1,extractFn
DA:1,3
LF:1
LH:1
BRDA:1,0,0,1
BRDA:1,0,1,0
BRDA:1,1,0,1
BRDA:1,1,1,0
BRDA:1,2,0,1
BRDA:1,2,1,0
BRDA:1,3,0,1
BRDA:1,3,1,1
BRF:8
BRH:5
end_of_record
TN:
SF:/Users/a58/Documents/项目/wto/wto/src/linter/lib/index.js
FNF:0
FNH:0
DA:1,1
LF:1
LH:1
BRF:0
BRH:0
end_of_record
TN:
SF:/Users/a58/Documents/项目/wto/wto/src/linter/lib/alibaba/index.js
FN:1,(anonymous_0)
FN:1,(anonymous_1)
FN:1,(anonymous_2)
FN:1,(anonymous_3)
FN:1,(anonymous_4)
FN:1,(anonymous_5)
FN:1,(anonymous_6)
FN:1,(anonymous_7)
FNF:8
FNH:0
FNDA:0,(anonymous_0)
FNDA:0,(anonymous_1)
FNDA:0,(anonymous_2)
FNDA:0,(anonymous_3)
FNDA:0,(anonymous_4)
FNDA:0,(anonymous_5)
FNDA:0,(anonymous_6)
FNDA:0,(anonymous_7)
DA:1,1
LF:1
LH:1
BRDA:1,0,0,0
BRDA:1,0,1,0
BRDA:1,1,0,0
BRDA:1,1,1,0
BRDA:1,2,0,0
BRDA:1,2,1,0
BRDA:1,3,0,0
BRDA:1,3,1,0
BRDA:1,4,0,0
BRDA:1,4,1,0
BRDA:1,5,0,0
BRDA:1,5,1,0
BRDA:1,6,0,0
BRDA:1,6,1,0
BRDA:1,7,0,0
BRDA:1,7,1,0
BRF:16
BRH:0
end_of_record
TN:
SF:/Users/a58/Documents/项目/wto/wto/src/linter/lib/alibaba/unsupported-attrs.js
FNF:0
FNH:0
DA:1,1
LF:1
LH:1
BRF:0
BRH:0
end_of_record
TN:
SF:/Users/a58/Documents/项目/wto/wto/src/linter/lib/alibaba/unsupported-events.js
FNF:0
FNH:0
DA:1,1
LF:1
LH:1
BRF:0
BRH:0
end_of_record
TN:
SF:/Users/a58/Documents/项目/wto/wto/src/linter/lib/alibaba/unsupported-fns.js
FNF:0
FNH:0
DA:1,1
LF:1
LH:1
BRF:0
BRH:0
end_of_record
TN:
SF:/Users/a58/Documents/项目/wto/wto/src/linter/lib/alibaba/unsupported-tags.js
FNF:0
FNH:0
DA:1,1
LF:1
LH:1
BRF:0
BRH:0
end_of_record
TN:
SF:/Users/a58/Documents/项目/wto/wto/src/linter/lib/baidu/index.js
FN:1,(anonymous_0)
FN:1,(anonymous_1)
FN:1,(anonymous_2)
FN:1,(anonymous_3)
FN:1,(anonymous_4)
FN:1,(anonymous_5)
FN:1,(anonymous_6)
FN:1,(anonymous_7)
FN:1,(anonymous_8)
FN:1,(anonymous_9)
FNF:10
FNH:0
FNDA:0,(anonymous_0)
FNDA:0,(anonymous_1)
FNDA:0,(anonymous_2)
FNDA:0,(anonymous_3)
FNDA:0,(anonymous_4)
FNDA:0,(anonymous_5)
FNDA:0,(anonymous_6)
FNDA:0,(anonymous_7)
FNDA:0,(anonymous_8)
FNDA:0,(anonymous_9)
DA:1,2
LF:1
LH:1
BRDA:1,0,0,0
BRDA:1,0,1,0
BRDA:1,1,0,0
BRDA:1,1,1,0
BRDA:1,2,0,0
BRDA:1,2,1,0
BRDA:1,3,0,0
BRDA:1,3,1,0
BRDA:1,4,0,0
BRDA:1,4,1,0
BRDA:1,5,0,0
BRDA:1,5,1,0
BRDA:1,6,0,0
BRDA:1,6,1,0
BRDA:1,7,0,0
BRDA:1,7,1,0
BRF:16
BRH:0
end_of_record
TN:
SF:/Users/a58/Documents/项目/wto/wto/src/linter/lib/baidu/unsupported-attrs.js
FNF:0
FNH:0
DA:1,2
LF:1
LH:1
BRF:0
BRH:0
end_of_record
TN:
SF:/Users/a58/Documents/项目/wto/wto/src/linter/lib/baidu/unsupported-events.js
FNF:0
FNH:0
DA:1,2
LF:1
LH:1
BRF:0
BRH:0
end_of_record
TN:
SF:/Users/a58/Documents/项目/wto/wto/src/linter/lib/baidu/unsupported-fns.js
FNF:0
FNH:0
DA:1,2
LF:1
LH:1
BRF:0
BRH:0
end_of_record
TN:
SF:/Users/a58/Documents/项目/wto/wto/src/linter/lib/baidu/unsupported-tags.js
FNF:0
FNH:0
DA:1,2
LF:1
LH:1
BRF:0
BRH:0
end_of_record
TN:
SF:/Users/a58/Documents/项目/wto/wto/src/linter/lib/toutiao/index.js
FN:1,(anonymous_0)
FN:1,(anonymous_1)
FN:1,(anonymous_2)
FN:1,(anonymous_3)
FN:1,(anonymous_4)
FN:1,(anonymous_5)
FN:1,(anonymous_6)
FN:1,(anonymous_7)
FNF:8
FNH:0
FNDA:0,(anonymous_0)
FNDA:0,(anonymous_1)
FNDA:0,(anonymous_2)
FNDA:0,(anonymous_3)
FNDA:0,(anonymous_4)
FNDA:0,(anonymous_5)
FNDA:0,(anonymous_6)
FNDA:0,(anonymous_7)
DA:1,1
LF:1
LH:1
BRDA:1,0,0,0
BRDA:1,0,1,0
BRDA:1,1,0,0
BRDA:1,1,1,0
BRDA:1,2,0,0
BRDA:1,2,1,0
BRDA:1,3,0,0
BRDA:1,3,1,0
BRDA:1,4,0,0
BRDA:1,4,1,0
BRDA:1,5,0,0
BRDA:1,5,1,0
BRDA:1,6,0,0
BRDA:1,6,1,0
BRF:14
BRH:0
end_of_record
TN:
SF:/Users/a58/Documents/项目/wto/wto/src/linter/lib/toutiao/unsupported-attrs.js
FNF:0
FNH:0
DA:1,1
LF:1
LH:1
BRF:0
BRH:0
end_of_record
TN:
SF:/Users/a58/Documents/项目/wto/wto/src/linter/lib/toutiao/unsupported-events.js
FNF:0
FNH:0
DA:1,1
LF:1
LH:1
BRF:0
BRH:0
end_of_record
TN:
SF:/Users/a58/Documents/项目/wto/wto/src/linter/lib/toutiao/unsupported-fns.js
FNF:0
FNH:0
DA:1,1
LF:1
LH:1
BRF:0
BRH:0
end_of_record
TN:
SF:/Users/a58/Documents/项目/wto/wto/src/linter/lib/toutiao/unsupported-tags.js
FNF:0
FNH:0
DA:1,1
LF:1
LH:1
BRF:0
BRH:0
end_of_record
TN:
SF:/Users/a58/Documents/项目/wto/wto/src/linter/lib/utils/utils.js
FN:1,calcLine
FN:1,unsupportedAttrOrEvents
FN:1,(anonymous_2)
FN:1,(anonymous_3)
FNF:4
FNH:0
FNDA:0,calcLine
FNDA:0,unsupportedAttrOrEvents
FNDA:0,(anonymous_2)
FNDA:0,(anonymous_3)
DA:1,2
LF:1
LH:1
BRDA:1,0,0,0
BRDA:1,0,1,0
BRF:2
BRH:0
end_of_record
TN:
SF:/Users/a58/Documents/项目/wto/wto/src/platform/alibaba/converter.js
FN:19,convert
FN:28,(anonymous_1)
FN:29,(anonymous_2)
FN:35,(anonymous_3)
FN:45,(anonymous_4)
FN:60,(anonymous_5)
FN:67,(anonymous_6)
FN:68,(anonymous_7)
FN:73,(anonymous_8)
FN:103,(anonymous_9)
FN:111,(anonymous_10)
FN:118,(anonymous_11)
FN:125,(anonymous_12)
FN:131,(anonymous_13)
FN:132,(anonymous_14)
FNF:15
FNH:0
FNDA:0,convert
FNDA:0,(anonymous_1)
FNDA:0,(anonymous_2)
FNDA:0,(anonymous_3)
FNDA:0,(anonymous_4)
FNDA:0,(anonymous_5)
FNDA:0,(anonymous_6)
FNDA:0,(anonymous_7)
FNDA:0,(anonymous_8)
FNDA:0,(anonymous_9)
FNDA:0,(anonymous_10)
FNDA:0,(anonymous_11)
FNDA:0,(anonymous_12)
FNDA:0,(anonymous_13)
FNDA:0,(anonymous_14)
DA:1,1
DA:2,1
DA:3,1
DA:4,1
DA:5,1
DA:6,1
DA:7,1
DA:8,1
DA:9,1
DA:12,1
DA:13,1
DA:14,1
DA:15,1
DA:16,1
DA:17,1
DA:20,0
DA:21,0
DA:22,0
DA:24,0
DA:27,0
DA:28,0
DA:30,0
DA:31,0
DA:32,0
DA:35,0
DA:36,0
DA:37,0
DA:38,0
DA:39,0
DA:40,0
DA:41,0
DA:43,0
DA:44,0
DA:45,0
DA:46,0
DA:47,0
DA:48,0
DA:51,0
DA:52,0
DA:55,0
DA:56,0
DA:61,0
DA:66,0
DA:67,0
DA:69,0
DA:70,0
DA:73,0
DA:74,0
DA:75,0
DA:76,0
DA:78,0
DA:79,0
DA:80,0
DA:81,0
DA:82,0
DA:83,0
DA:90,0
DA:91,0
DA:92,0
DA:94,0
DA:95,0
DA:98,0
DA:99,0
DA:104,0
DA:109,0
DA:110,0
DA:111,0
DA:112,0
DA:114,0
DA:117,0
DA:118,0
DA:123,0
DA:126,0
DA:130,0
DA:131,0
DA:133,0
DA:134,0
DA:135,0
DA:136,0
DA:140,0
DA:142,0
DA:143,0
DA:148,1
LF:83
LH:16
BRDA:19,0,0,0
BRDA:20,1,0,0
BRDA:20,1,1,0
BRDA:21,2,0,0
BRDA:21,2,1,0
BRDA:22,3,0,0
BRDA:22,3,1,0
BRDA:36,4,0,0
BRDA:36,4,1,0
BRDA:43,5,0,0
BRDA:43,5,1,0
BRDA:43,6,0,0
BRDA:43,6,1,0
BRDA:74,7,0,0
BRDA:74,7,1,0
BRDA:78,8,0,0
BRDA:78,8,1,0
BRDA:112,9,0,0
BRDA:112,9,1,0
BRF:19
BRH:0
end_of_record
TN:
SF:/Users/a58/Documents/项目/wto/wto/src/platform/alibaba/linter.js
FN:4,lint
FNF:1
FNH:0
FNDA:0,lint
DA:1,1
DA:2,1
DA:5,0
DA:6,0
DA:7,0
DA:10,1
LF:6
LH:3
BRDA:4,0,0,0
BRDA:5,1,0,0
BRDA:5,1,1,0
BRF:3
BRH:0
end_of_record
TN:
SF:/Users/a58/Documents/项目/wto/wto/src/scope/scope-id.js
FN:4,(anonymous_0)
FN:5,(anonymous_1)
FN:6,rewriteSelector
FN:15,(anonymous_3)
FN:16,(anonymous_4)
FN:19,(anonymous_5)
FNF:6
FNH:1
FNDA:1,(anonymous_0)
FNDA:0,(anonymous_1)
FNDA:0,rewriteSelector
FNDA:0,(anonymous_3)
FNDA:0,(anonymous_4)
FNDA:0,(anonymous_5)
DA:1,2
DA:2,2
DA:4,2
DA:5,1
DA:6,0
DA:7,0
DA:9,0
DA:10,0
DA:12,0
DA:15,0
DA:16,0
DA:17,0
DA:19,0
DA:20,0
DA:21,0
DA:25,0
LF:16
LH:4
BRDA:7,0,0,0
BRDA:7,0,1,0
BRDA:9,1,0,0
BRDA:9,1,1,0
BRDA:9,2,0,0
BRDA:9,2,1,0
BRDA:20,3,0,0
BRDA:20,3,1,0
BRF:8
BRH:0
end_of_record
TN:
SF:/Users/a58/Documents/项目/wto/wto/src/scope/scope-style.js
FN:10,(anonymous_0)
FN:15,(anonymous_1)
FN:17,(anonymous_2)
FNF:3
FNH:2
FNDA:1,(anonymous_0)
FNDA:0,(anonymous_1)
FNDA:1,(anonymous_2)
DA:1,2
DA:2,2
DA:10,2
DA:13,1
DA:16,0
DA:18,1
LF:6
LH:5
BRF:0
BRH:0
end_of_record
TN:
SF:/Users/a58/Documents/项目/wto/wto/src/scope/scope-template.js
FN:1,walkNode
FN:3,(anonymous_1)
FNF:2
FNH:1
FNDA:1,walkNode
FNDA:0,(anonymous_1)
DA:1,2
DA:2,1
DA:3,0
DA:4,0
DA:7,0
DA:8,0
DA:9,0
LF:7
LH:2
BRDA:2,0,0,0
BRDA:2,0,1,1
BRDA:3,1,0,0
BRDA:3,1,1,0
BRDA:4,2,0,0
BRDA:4,2,1,0
BRF:6
BRH:1
end_of_record
TN:
SF:/Users/a58/Documents/项目/wto/wto/src/utils/linter.js
FN:8,lintLine
FN:9,(anonymous_1)
FN:9,(anonymous_2)
FN:12,lintFile
FN:17,(anonymous_4)
FN:21,(anonymous_5)
FN:24,lint
FN:26,(anonymous_7)
FN:33,(anonymous_8)
FN:35,(anonymous_9)
FN:42,(anonymous_10)
FN:46,(anonymous_11)
FN:47,(anonymous_12)
FNF:13
FNH:1
FNDA:0,lintLine
FNDA:0,(anonymous_1)
FNDA:0,(anonymous_2)
FNDA:0,lintFile
FNDA:0,(anonymous_4)
FNDA:0,(anonymous_5)
FNDA:1,lint
FNDA:0,(anonymous_7)
FNDA:0,(anonymous_8)
FNDA:0,(anonymous_9)
FNDA:0,(anonymous_10)
FNDA:0,(anonymous_11)
FNDA:0,(anonymous_12)
DA:1,2
DA:2,2
DA:3,2
DA:4,2
DA:5,2
DA:6,2
DA:9,0
DA:13,0
DA:14,0
DA:15,0
DA:17,0
DA:18,0
DA:21,0
DA:25,1
DA:27,0
DA:28,0
DA:29,0
DA:30,0
DA:31,0
DA:33,0
DA:34,0
DA:35,0
DA:36,0
DA:42,0
DA:43,0
DA:44,0
DA:46,0
DA:47,0
DA:48,0
DA:53,0
DA:57,2
LF:31
LH:8
BRDA:24,0,0,0
BRDA:43,1,0,0
BRDA:43,1,1,0
BRDA:46,2,0,0
BRDA:46,2,1,0
BRF:5
BRH:0
end_of_record
TN:
SF:/Users/a58/Documents/项目/wto/wto/src/utils/logger.js
FN:17,warn
FN:21,error
FN:25,success
FN:29,info
FN:41,lintWarning
FNF:5
FNH:5
FNDA:2,warn
FNDA:1,error
FNDA:1,success
FNDA:1,info
FNDA:1,lintWarning
DA:1,3
DA:3,3
DA:4,3
DA:18,2
DA:22,1
DA:26,1
DA:30,1
DA:42,1
DA:51,3
LF:9
LH:9
BRDA:17,0,0,1
BRDA:21,1,0,0
BRDA:25,2,0,0
BRDA:29,3,0,0
BRF:4
BRH:1
end_of_record
TN:
SF:/Users/a58/Documents/项目/wto/wto/src/utils/utils.js
FN:1,calcLine
FNF:1
FNH:1
FNDA:1,calcLine
DA:2,1
DA:3,1
DA:4,1
DA:7,1
LF:4
LH:4
BRF:0
BRH:0
end_of_record
TN:
SF:/Users/a58/Documents/项目/wto/wto/test/utils/utils.js
FN:4,wa
FN:5,(anonymous_1)
FN:10,(anonymous_2)
FN:13,(anonymous_3)
FN:16,(anonymous_4)
FNF:5
FNH:4
FNDA:48,wa
FNDA:48,(anonymous_1)
FNDA:48,(anonymous_2)
FNDA:0,(anonymous_3)
FNDA:48,(anonymous_4)
DA:5,48
DA:6,48
DA:8,48
DA:11,48
DA:14,0
DA:17,48
DA:18,48
DA:24,9
LF:8
LH:7
BRDA:4,0,0,39
BRF:1
BRH:1
end_of_record
