TN:
SF:/Users/a58/Documents/项目/wto/wto/src/config.js
FN:7,(anonymous_0)
FNF:1
FNH:1
FNDA:1,(anonymous_0)
DA:1,1
DA:8,1
LF:2
LH:2
BRF:0
BRH:0
end_of_record
TN:
SF:/Users/a58/Documents/项目/wto/wto/src/converter/src/alibaba/json.js
FN:1,convert
FN:3,(anonymous_1)
FN:11,(anonymous_2)
FN:12,(anonymous_3)
FN:14,(anonymous_4)
FN:19,(anonymous_5)
FN:20,(anonymous_6)
FNF:7
FNH:6
FNDA:1,convert
FNDA:1,(anonymous_1)
FNDA:1,(anonymous_2)
FNDA:2,(anonymous_3)
FNDA:2,(anonymous_4)
FNDA:1,(anonymous_5)
FNDA:0,(anonymous_6)
DA:2,1
DA:5,1
DA:12,1
DA:14,2
DA:15,2
DA:20,1
DA:22,0
DA:27,1
LF:8
LH:7
BRF:0
BRH:0
end_of_record
TN:
SF:/Users/a58/Documents/项目/wto/wto/src/converter/src/alibaba/script.js
FN:6,defQuery
FN:10,convert
FN:13,(anonymous_2)
FN:19,(anonymous_3)
FN:23,(anonymous_4)
FN:27,(anonymous_5)
FN:31,(anonymous_6)
FN:35,(anonymous_7)
FN:38,(anonymous_8)
FN:41,(anonymous_9)
FN:49,(anonymous_10)
FN:54,(anonymous_11)
FN:91,(anonymous_12)
FN:94,(anonymous_13)
FN:149,(anonymous_14)
FN:151,(anonymous_15)
FNF:16
FNH:11
FNDA:3,defQuery
FNDA:1,convert
FNDA:1,(anonymous_2)
FNDA:1,(anonymous_3)
FNDA:1,(anonymous_4)
FNDA:1,(anonymous_5)
FNDA:1,(anonymous_6)
FNDA:1,(anonymous_7)
FNDA:1,(anonymous_8)
FNDA:0,(anonymous_9)
FNDA:1,(anonymous_10)
FNDA:4,(anonymous_11)
FNDA:0,(anonymous_12)
FNDA:0,(anonymous_13)
FNDA:0,(anonymous_14)
FNDA:0,(anonymous_15)
DA:2,1
DA:3,1
DA:4,1
DA:7,3
DA:11,1
DA:15,1
DA:21,1
DA:25,1
DA:29,1
DA:33,1
DA:36,1
DA:39,1
DA:42,0
DA:51,1
DA:53,1
DA:54,1
DA:58,4
DA:60,4
DA:63,1
DA:64,1
DA:65,0
DA:67,1
DA:75,1
DA:76,1
DA:77,0
DA:80,1
DA:81,1
DA:82,1
DA:83,1
DA:84,1
DA:85,1
DA:87,1
DA:88,0
DA:89,0
DA:90,0
DA:91,0
DA:94,1
DA:95,0
DA:96,0
DA:97,0
DA:99,0
DA:100,0
DA:102,0
DA:103,0
DA:105,0
DA:113,1
DA:122,1
DA:127,1
DA:143,1
DA:144,1
DA:145,1
DA:147,1
DA:151,0
DA:152,0
DA:162,1
LF:55
LH:38
BRDA:15,0,0,1
BRDA:15,0,1,0
BRDA:51,1,0,0
BRDA:51,1,1,1
BRDA:60,2,0,4
BRDA:60,2,1,4
BRDA:63,3,0,1
BRDA:63,3,1,1
BRDA:64,4,0,0
BRDA:64,4,1,1
BRDA:75,5,0,1
BRDA:75,5,1,0
BRDA:75,6,0,1
BRDA:75,6,1,0
BRDA:76,7,0,0
BRDA:76,7,1,1
BRDA:85,8,0,1
BRDA:85,8,1,1
BRDA:95,9,0,0
BRDA:95,9,1,0
BRDA:99,10,0,0
BRDA:99,10,1,0
BRDA:100,11,0,0
BRDA:100,11,1,0
BRDA:102,12,0,0
BRDA:102,12,1,0
BRF:26
BRH:12
end_of_record
TN:
SF:/Users/a58/Documents/项目/wto/wto/src/converter/src/alibaba/wxml.js
FN:1,convert
FN:7,(anonymous_1)
FN:9,(anonymous_2)
FN:11,(anonymous_3)
FN:13,(anonymous_4)
FN:15,(anonymous_5)
FN:17,(anonymous_6)
FN:18,(anonymous_7)
FN:21,(anonymous_8)
FN:23,(anonymous_9)
FN:24,(anonymous_10)
FN:27,(anonymous_11)
FN:29,(anonymous_12)
FN:31,(anonymous_13)
FN:32,(anonymous_14)
FN:34,(anonymous_15)
FN:34,(anonymous_16)
FN:36,(anonymous_17)
FN:36,(anonymous_18)
FN:37,(anonymous_19)
FNF:20
FNH:16
FNDA:1,convert
FNDA:1,(anonymous_1)
FNDA:1,(anonymous_2)
FNDA:0,(anonymous_3)
FNDA:1,(anonymous_4)
FNDA:0,(anonymous_5)
FNDA:19,(anonymous_6)
FNDA:0,(anonymous_7)
FNDA:1,(anonymous_8)
FNDA:1,(anonymous_9)
FNDA:3,(anonymous_10)
FNDA:3,(anonymous_11)
FNDA:0,(anonymous_12)
FNDA:2,(anonymous_13)
FNDA:1,(anonymous_14)
FNDA:1,(anonymous_15)
FNDA:1,(anonymous_16)
FNDA:1,(anonymous_17)
FNDA:1,(anonymous_18)
FNDA:1,(anonymous_19)
DA:2,1
DA:7,1
DA:9,1
DA:11,0
DA:13,1
DA:15,0
DA:18,19
DA:21,1
DA:23,1
DA:24,3
DA:27,3
DA:29,0
DA:31,2
DA:32,1
DA:34,1
DA:36,1
DA:37,1
DA:40,1
LF:18
LH:15
BRDA:18,0,0,19
BRDA:18,0,1,0
BRF:2
BRH:1
end_of_record
TN:
SF:/Users/a58/Documents/项目/wto/wto/src/converter/src/alibaba/wxss.js
FN:1,convert
FN:3,(anonymous_1)
FNF:2
FNH:1
FNDA:1,convert
FNDA:0,(anonymous_1)
DA:2,1
DA:4,0
DA:8,1
LF:3
LH:2
BRF:0
BRH:0
end_of_record
TN:
SF:/Users/a58/Documents/项目/wto/wto/src/converter/src/baidu/json.js
FN:1,convert
FN:3,(anonymous_1)
FN:4,(anonymous_2)
FN:6,(anonymous_3)
FNF:4
FNH:4
FNDA:1,convert
FNDA:1,(anonymous_1)
FNDA:2,(anonymous_2)
FNDA:2,(anonymous_3)
DA:2,1
DA:4,1
DA:6,2
DA:7,2
DA:13,1
LF:5
LH:5
BRF:0
BRH:0
end_of_record
TN:
SF:/Users/a58/Documents/项目/wto/wto/src/converter/src/baidu/script.js
FN:1,convert
FN:3,(anonymous_1)
FNF:2
FNH:2
FNDA:1,convert
FNDA:1,(anonymous_1)
DA:2,1
DA:4,1
DA:11,1
LF:3
LH:3
BRF:0
BRH:0
end_of_record
TN:
SF:/Users/a58/Documents/项目/wto/wto/src/converter/src/baidu/wxml.js
FN:1,convert
FN:8,(anonymous_1)
FN:8,(anonymous_2)
FN:9,(anonymous_3)
FN:11,(anonymous_4)
FN:16,(anonymous_5)
FN:17,(anonymous_6)
FN:19,(anonymous_7)
FN:23,(anonymous_8)
FN:27,(anonymous_9)
FN:31,(anonymous_10)
FN:35,(anonymous_11)
FN:39,(anonymous_12)
FN:43,(anonymous_13)
FN:47,(anonymous_14)
FN:54,(anonymous_15)
FN:56,(anonymous_16)
FN:58,(anonymous_17)
FN:62,(anonymous_18)
FN:67,(anonymous_19)
FN:68,(anonymous_20)
FNF:21
FNH:15
FNDA:1,convert
FNDA:1,(anonymous_1)
FNDA:1,(anonymous_2)
FNDA:13,(anonymous_3)
FNDA:1,(anonymous_4)
FNDA:1,(anonymous_5)
FNDA:8,(anonymous_6)
FNDA:0,(anonymous_7)
FNDA:1,(anonymous_8)
FNDA:0,(anonymous_9)
FNDA:1,(anonymous_10)
FNDA:1,(anonymous_11)
FNDA:1,(anonymous_12)
FNDA:1,(anonymous_13)
FNDA:1,(anonymous_14)
FNDA:0,(anonymous_15)
FNDA:0,(anonymous_16)
FNDA:0,(anonymous_17)
FNDA:0,(anonymous_18)
FNDA:1,(anonymous_19)
FNDA:1,(anonymous_20)
DA:2,1
DA:8,1
DA:11,13
DA:12,1
DA:16,1
DA:19,8
DA:20,0
DA:25,1
DA:29,0
DA:33,1
DA:37,1
DA:41,1
DA:45,1
DA:49,1
DA:50,0
DA:52,1
DA:56,0
DA:60,0
DA:64,0
DA:67,1
DA:68,1
DA:71,1
LF:22
LH:16
BRDA:49,0,0,0
BRDA:49,0,1,1
BRF:2
BRH:1
end_of_record
TN:
SF:/Users/a58/Documents/项目/wto/wto/src/converter/src/baidu/wxss.js
FN:1,convert
FN:3,(anonymous_1)
FN:7,(anonymous_2)
FN:9,(anonymous_3)
FN:11,(anonymous_4)
FNF:5
FNH:4
FNDA:1,convert
FNDA:0,(anonymous_1)
FNDA:1,(anonymous_2)
FNDA:1,(anonymous_3)
FNDA:1,(anonymous_4)
DA:2,1
DA:5,0
DA:9,1
DA:13,1
DA:17,1
LF:5
LH:4
BRF:0
BRH:0
end_of_record
TN:
SF:/Users/a58/Documents/项目/wto/wto/src/converter/src/toutiao/json.js
FN:1,convert
FNF:1
FNH:1
FNDA:1,convert
DA:2,1
DA:5,1
LF:2
LH:2
BRF:0
BRH:0
end_of_record
TN:
SF:/Users/a58/Documents/项目/wto/wto/src/converter/src/toutiao/script.js
FN:1,convert
FN:3,(anonymous_1)
FNF:2
FNH:2
FNDA:1,convert
FNDA:1,(anonymous_1)
DA:2,1
DA:4,1
DA:11,1
LF:3
LH:3
BRF:0
BRH:0
end_of_record
TN:
SF:/Users/a58/Documents/项目/wto/wto/src/converter/src/toutiao/wxml.js
FN:1,convert
FN:6,(anonymous_1)
FN:8,(anonymous_2)
FN:10,(anonymous_3)
FN:14,(anonymous_4)
FN:19,(anonymous_5)
FN:19,(anonymous_6)
FN:21,(anonymous_7)
FN:21,(anonymous_8)
FN:22,(anonymous_9)
FNF:10
FNH:6
FNDA:1,convert
FNDA:0,(anonymous_1)
FNDA:0,(anonymous_2)
FNDA:0,(anonymous_3)
FNDA:0,(anonymous_4)
FNDA:1,(anonymous_5)
FNDA:1,(anonymous_6)
FNDA:1,(anonymous_7)
FNDA:1,(anonymous_8)
FNDA:1,(anonymous_9)
DA:2,1
DA:8,0
DA:12,0
DA:16,0
DA:19,1
DA:21,1
DA:22,1
DA:25,1
LF:8
LH:5
BRF:0
BRH:0
end_of_record
TN:
SF:/Users/a58/Documents/项目/wto/wto/src/converter/src/toutiao/wxss.js
FN:1,convert
FN:3,(anonymous_1)
FN:6,(anonymous_2)
FN:8,(anonymous_3)
FNF:4
FNH:3
FNDA:1,convert
FNDA:0,(anonymous_1)
FNDA:1,(anonymous_2)
FNDA:1,(anonymous_3)
DA:2,1
DA:4,0
DA:8,1
DA:12,1
LF:4
LH:3
BRF:0
BRH:0
end_of_record
TN:
SF:/Users/a58/Documents/项目/wto/wto/src/converter/src/utils/balancing-group.js
FN:42,extraBalancingGroup
FNF:1
FNH:1
FNDA:3,extraBalancingGroup
DA:43,3
DA:44,3
DA:45,3
DA:46,3
DA:48,3
DA:49,0
DA:52,3
DA:53,14
DA:54,4
DA:55,10
DA:56,4
DA:58,4
DA:59,3
DA:60,3
DA:65,3
DA:66,3
DA:69,3
DA:72,3
LF:18
LH:17
BRDA:42,0,0,2
BRDA:42,1,0,2
BRDA:48,2,0,0
BRDA:48,2,1,3
BRDA:53,3,0,4
BRDA:53,3,1,10
BRDA:55,4,0,4
BRDA:55,4,1,6
BRDA:58,5,0,3
BRDA:58,5,1,1
BRDA:65,6,0,3
BRDA:65,6,1,0
BRF:12
BRH:10
end_of_record
TN:
SF:/Users/a58/Documents/项目/wto/wto/src/converter/src/utils/extra-function.js
FN:9,extractFn
FNF:1
FNH:1
FNDA:5,extractFn
DA:1,2
DA:10,5
DA:19,5
DA:20,5
DA:22,5
DA:23,13
DA:24,13
DA:26,13
DA:27,1
DA:28,1
DA:29,1
DA:33,5
DA:34,1
DA:37,5
DA:44,2
LF:15
LH:15
BRDA:26,0,0,1
BRDA:26,0,1,12
BRDA:27,1,0,1
BRDA:27,1,1,0
BRDA:28,2,0,1
BRDA:28,2,1,0
BRDA:33,3,0,1
BRDA:33,3,1,4
BRF:8
BRH:6
end_of_record
TN:
SF:/Users/a58/Documents/项目/wto/wto/src/linter/src/alibaba/index.js
FN:8,(anonymous_0)
FN:23,(anonymous_1)
FN:36,(anonymous_2)
FN:74,(anonymous_3)
FN:75,(anonymous_4)
FN:83,(anonymous_5)
FN:101,(anonymous_6)
FN:119,(anonymous_7)
FNF:8
FNH:8
FNDA:2,(anonymous_0)
FNDA:2,(anonymous_1)
FNDA:2,(anonymous_2)
FNDA:1,(anonymous_3)
FNDA:1,(anonymous_4)
FNDA:2,(anonymous_5)
FNDA:2,(anonymous_6)
FNDA:2,(anonymous_7)
DA:1,1
DA:2,1
DA:3,1
DA:4,1
DA:5,1
DA:7,1
DA:9,2
DA:11,2
DA:12,9
DA:13,9
DA:14,9
DA:16,9
DA:17,1
DA:21,1
DA:24,2
DA:25,2
DA:26,2
DA:27,2
DA:29,2
DA:30,1
DA:33,1
DA:37,2
DA:60,2
DA:61,8
DA:62,8
DA:64,8
DA:65,1
DA:69,1
DA:73,1
DA:74,1
DA:75,1
DA:78,1
DA:80,1
DA:82,1
DA:84,2
DA:86,2
DA:87,111
DA:88,111
DA:89,111
DA:91,111
DA:92,1
DA:96,1
DA:100,1
DA:102,2
DA:103,2
DA:104,2
DA:105,2
DA:107,2
DA:108,1
DA:109,1
DA:110,1
DA:116,1
DA:120,2
DA:121,2
DA:122,2
DA:123,2
DA:125,2
DA:126,2
DA:127,1
DA:128,1
DA:134,1
DA:138,1
LF:62
LH:62
BRDA:16,0,0,1
BRDA:16,0,1,8
BRDA:29,1,0,1
BRDA:29,1,1,1
BRDA:64,2,0,1
BRDA:64,2,1,7
BRDA:91,3,0,1
BRDA:91,3,1,110
BRDA:107,4,0,1
BRDA:107,4,1,1
BRDA:108,5,0,1
BRDA:108,5,1,0
BRDA:125,6,0,2
BRDA:125,6,1,0
BRDA:126,7,0,1
BRDA:126,7,1,1
BRF:16
BRH:14
end_of_record
TN:
SF:/Users/a58/Documents/项目/wto/wto/src/linter/src/alibaba/unsupported-attrs.js
FNF:0
FNH:0
DA:1,1
LF:1
LH:1
BRF:0
BRH:0
end_of_record
TN:
SF:/Users/a58/Documents/项目/wto/wto/src/linter/src/alibaba/unsupported-events.js
FNF:0
FNH:0
DA:1,1
LF:1
LH:1
BRF:0
BRH:0
end_of_record
TN:
SF:/Users/a58/Documents/项目/wto/wto/src/linter/src/alibaba/unsupported-fns.js
FNF:0
FNH:0
DA:1,1
LF:1
LH:1
BRF:0
BRH:0
end_of_record
TN:
SF:/Users/a58/Documents/项目/wto/wto/src/linter/src/alibaba/unsupported-tags.js
FNF:0
FNH:0
DA:1,1
LF:1
LH:1
BRF:0
BRH:0
end_of_record
TN:
SF:/Users/a58/Documents/项目/wto/wto/src/linter/src/baidu/index.js
FN:8,(anonymous_0)
FN:24,(anonymous_1)
FN:39,(anonymous_2)
FN:54,(anonymous_3)
FN:66,(anonymous_4)
FN:120,(anonymous_5)
FN:125,(anonymous_6)
FN:134,(anonymous_7)
FN:135,(anonymous_8)
FN:145,(anonymous_9)
FNF:10
FNH:10
FNDA:2,(anonymous_0)
FNDA:1,(anonymous_1)
FNDA:1,(anonymous_2)
FNDA:1,(anonymous_3)
FNDA:1,(anonymous_4)
FNDA:1,(anonymous_5)
FNDA:1,(anonymous_6)
FNDA:1,(anonymous_7)
FNDA:1,(anonymous_8)
FNDA:2,(anonymous_9)
DA:1,1
DA:2,1
DA:3,1
DA:4,1
DA:5,1
DA:7,1
DA:9,2
DA:11,2
DA:12,7
DA:13,7
DA:14,7
DA:16,7
DA:17,1
DA:21,1
DA:25,1
DA:26,1
DA:27,1
DA:28,1
DA:30,1
DA:31,1
DA:32,0
DA:36,1
DA:40,1
DA:41,1
DA:42,1
DA:43,1
DA:45,1
DA:46,1
DA:47,0
DA:51,1
DA:55,1
DA:56,1
DA:57,1
DA:59,1
DA:60,1
DA:63,0
DA:67,1
DA:106,1
DA:107,7
DA:108,7
DA:110,7
DA:111,1
DA:115,0
DA:119,1
DA:121,1
DA:122,1
DA:123,1
DA:125,1
DA:126,1
DA:127,1
DA:132,1
DA:134,1
DA:135,1
DA:138,1
DA:140,1
DA:142,1
DA:144,1
DA:146,2
DA:148,2
DA:149,200
DA:150,200
DA:151,200
DA:153,200
DA:154,1
DA:158,1
DA:162,1
LF:66
LH:62
BRDA:16,0,0,1
BRDA:16,0,1,6
BRDA:30,1,0,1
BRDA:30,1,1,0
BRDA:31,2,0,0
BRDA:31,2,1,1
BRDA:45,3,0,1
BRDA:45,3,1,0
BRDA:46,4,0,0
BRDA:46,4,1,1
BRDA:59,5,0,1
BRDA:59,5,1,0
BRDA:110,6,0,1
BRDA:110,6,1,6
BRDA:153,7,0,1
BRDA:153,7,1,199
BRF:16
BRH:11
end_of_record
TN:
SF:/Users/a58/Documents/项目/wto/wto/src/linter/src/baidu/unsupported-attrs.js
FNF:0
FNH:0
DA:1,1
LF:1
LH:1
BRF:0
BRH:0
end_of_record
TN:
SF:/Users/a58/Documents/项目/wto/wto/src/linter/src/baidu/unsupported-events.js
FNF:0
FNH:0
DA:1,1
LF:1
LH:1
BRF:0
BRH:0
end_of_record
TN:
SF:/Users/a58/Documents/项目/wto/wto/src/linter/src/baidu/unsupported-fns.js
FNF:0
FNH:0
DA:1,1
LF:1
LH:1
BRF:0
BRH:0
end_of_record
TN:
SF:/Users/a58/Documents/项目/wto/wto/src/linter/src/baidu/unsupported-tags.js
FNF:0
FNH:0
DA:1,1
LF:1
LH:1
BRF:0
BRH:0
end_of_record
TN:
SF:/Users/a58/Documents/项目/wto/wto/src/linter/src/toutiao/index.js
FN:8,(anonymous_0)
FN:24,(anonymous_1)
FN:39,(anonymous_2)
FN:85,(anonymous_3)
FN:86,(anonymous_4)
FN:93,(anonymous_5)
FN:109,(anonymous_6)
FN:121,(anonymous_7)
FNF:8
FNH:8
FNDA:2,(anonymous_0)
FNDA:2,(anonymous_1)
FNDA:2,(anonymous_2)
FNDA:1,(anonymous_3)
FNDA:1,(anonymous_4)
FNDA:2,(anonymous_5)
FNDA:2,(anonymous_6)
FNDA:2,(anonymous_7)
DA:1,1
DA:2,1
DA:3,1
DA:4,1
DA:5,1
DA:7,1
DA:9,2
DA:11,2
DA:12,20
DA:13,20
DA:14,20
DA:16,20
DA:17,1
DA:21,1
DA:25,2
DA:26,2
DA:27,2
DA:28,2
DA:30,2
DA:31,1
DA:32,1
DA:36,1
DA:40,2
DA:71,2
DA:72,10
DA:73,10
DA:75,10
DA:76,1
DA:80,1
DA:84,1
DA:85,1
DA:86,1
DA:89,1
DA:90,1
DA:92,1
DA:94,2
DA:96,2
DA:97,297
DA:98,297
DA:99,297
DA:101,297
DA:102,1
DA:106,1
DA:110,2
DA:111,2
DA:112,2
DA:114,2
DA:115,1
DA:118,1
DA:122,2
DA:123,2
DA:124,2
DA:126,2
DA:127,1
DA:130,1
DA:133,1
DA:135,1
LF:57
LH:57
BRDA:16,0,0,1
BRDA:16,0,1,19
BRDA:30,1,0,1
BRDA:30,1,1,1
BRDA:31,2,0,1
BRDA:31,2,1,0
BRDA:75,3,0,1
BRDA:75,3,1,9
BRDA:101,4,0,1
BRDA:101,4,1,296
BRDA:114,5,0,1
BRDA:114,5,1,1
BRDA:126,6,0,1
BRDA:126,6,1,1
BRF:14
BRH:13
end_of_record
TN:
SF:/Users/a58/Documents/项目/wto/wto/src/linter/src/toutiao/unsupported-attrs.js
FNF:0
FNH:0
DA:1,1
LF:1
LH:1
BRF:0
BRH:0
end_of_record
TN:
SF:/Users/a58/Documents/项目/wto/wto/src/linter/src/toutiao/unsupported-events.js
FNF:0
FNH:0
DA:1,1
LF:1
LH:1
BRF:0
BRH:0
end_of_record
TN:
SF:/Users/a58/Documents/项目/wto/wto/src/linter/src/toutiao/unsupported-fns.js
FNF:0
FNH:0
DA:1,1
LF:1
LH:1
BRF:0
BRH:0
end_of_record
TN:
SF:/Users/a58/Documents/项目/wto/wto/src/linter/src/toutiao/unsupported-tags.js
FNF:0
FNH:0
DA:1,1
LF:1
LH:1
BRF:0
BRH:0
end_of_record
TN:
SF:/Users/a58/Documents/项目/wto/wto/src/linter/src/utils/utils.js
FN:7,calcLine
FN:22,unsupportedAttrOrEvents
FN:25,(anonymous_2)
FN:26,(anonymous_3)
FNF:4
FNH:4
FNDA:8,calcLine
FNDA:7,unsupportedAttrOrEvents
FNDA:101,(anonymous_2)
FNDA:301,(anonymous_3)
DA:8,8
DA:9,8
DA:10,8
DA:23,7
DA:25,7
DA:26,101
DA:27,301
DA:28,301
DA:30,301
DA:31,4
DA:32,4
DA:33,4
DA:40,7
DA:43,4
LF:14
LH:14
BRDA:30,0,0,4
BRDA:30,0,1,297
BRF:2
BRH:2
end_of_record
TN:
SF:/Users/a58/Documents/项目/wto/wto/src/scope/scope-id.js
FN:4,(anonymous_0)
FN:5,(anonymous_1)
FN:6,rewriteSelector
FN:15,(anonymous_3)
FN:16,(anonymous_4)
FN:19,(anonymous_5)
FNF:6
FNH:1
FNDA:2,(anonymous_0)
FNDA:0,(anonymous_1)
FNDA:0,rewriteSelector
FNDA:0,(anonymous_3)
FNDA:0,(anonymous_4)
FNDA:0,(anonymous_5)
DA:1,2
DA:2,2
DA:4,2
DA:5,2
DA:6,0
DA:7,0
DA:9,0
DA:10,0
DA:12,0
DA:15,0
DA:16,0
DA:17,0
DA:19,0
DA:20,0
DA:21,0
DA:25,0
LF:16
LH:4
BRDA:7,0,0,0
BRDA:7,0,1,0
BRDA:9,1,0,0
BRDA:9,1,1,0
BRDA:9,2,0,0
BRDA:9,2,1,0
BRDA:20,3,0,0
BRDA:20,3,1,0
BRF:8
BRH:0
end_of_record
TN:
SF:/Users/a58/Documents/项目/wto/wto/src/scope/scope-style.js
FN:10,(anonymous_0)
FN:15,(anonymous_1)
FN:17,(anonymous_2)
FNF:3
FNH:2
FNDA:1,(anonymous_0)
FNDA:0,(anonymous_1)
FNDA:1,(anonymous_2)
DA:1,1
DA:2,1
DA:10,1
DA:13,1
DA:16,0
DA:18,1
LF:6
LH:5
BRF:0
BRH:0
end_of_record
TN:
SF:/Users/a58/Documents/项目/wto/wto/src/scope/scope-template.js
FN:1,walkNode
FN:3,(anonymous_1)
FNF:2
FNH:1
FNDA:1,walkNode
FNDA:0,(anonymous_1)
DA:1,1
DA:2,1
DA:3,0
DA:4,0
DA:7,0
DA:8,0
DA:9,0
LF:7
LH:2
BRDA:2,0,0,0
BRDA:2,0,1,1
BRDA:3,1,0,0
BRDA:3,1,1,0
BRDA:4,2,0,0
BRDA:4,2,1,0
BRF:6
BRH:1
end_of_record
TN:
SF:/Users/a58/Documents/项目/wto/wto/src/utils/logger.js
FN:17,warn
FN:21,error
FN:25,success
FN:29,info
FN:41,lintWarning
FNF:5
FNH:5
FNDA:2,warn
FNDA:1,error
FNDA:1,success
FNDA:1,info
FNDA:1,lintWarning
DA:1,1
DA:3,1
DA:4,1
DA:18,2
DA:22,1
DA:26,1
DA:30,1
DA:42,1
DA:51,1
LF:9
LH:9
BRDA:17,0,0,1
BRDA:21,1,0,0
BRDA:25,2,0,0
BRDA:29,3,0,0
BRF:4
BRH:1
end_of_record
TN:
SF:/Users/a58/Documents/项目/wto/wto/src/utils/utils.js
FN:1,calcLine
FNF:1
FNH:1
FNDA:1,calcLine
DA:2,1
DA:3,1
DA:4,1
DA:7,1
LF:4
LH:4
BRF:0
BRH:0
end_of_record
TN:
SF:/Users/a58/Documents/项目/wto/wto/test/utils/utils.js
FN:5,wa
FN:6,(anonymous_1)
FN:9,(anonymous_2)
FN:12,(anonymous_3)
FN:15,(anonymous_4)
FNF:5
FNH:4
FNDA:48,wa
FNDA:48,(anonymous_1)
FNDA:48,(anonymous_2)
FNDA:0,(anonymous_3)
FNDA:48,(anonymous_4)
DA:6,48
DA:7,48
DA:10,48
DA:13,0
DA:16,48
DA:17,48
DA:23,9
LF:7
LH:6
BRDA:5,0,0,39
BRF:1
BRH:1
end_of_record
